This file contains any messages produced by compilers while
running configure, to aid debugging if configure makes a mistake.

It was created by util-linux configure 2.20.1, which was
generated by GNU Autoconf 2.69.  Invocation command line was

  $ ./configure CFLAGS=-g -O2 -fstack-protector --param=ssp-buffer-size=4 -Wformat -Werror=format-security CPPFLAGS=-D_FORTIFY_SOURCE=2 CXXFLAGS=-g -O2 -fstack-protector --param=ssp-buffer-size=4 -Wformat -Werror=format-security FFLAGS=-g -O2 LDFLAGS=-Wl,-z,relro --enable-raw --enable-rdev --with-slang --enable-ddate --enable-line --libdir=/lib/x86_64-linux-gnu --libexecdir=${prefix}/lib/x86_64-linux-gnu --with-selinux --enable-libmount-mount --enable-partx

## --------- ##
## Platform. ##
## --------- ##

hostname = wheezy-jm
uname -m = x86_64
uname -r = 3.2.0-3-amd64
uname -s = Linux
uname -v = #1 SMP Mon Jul 23 02:45:17 UTC 2012

/usr/bin/uname -p = unknown
/bin/uname -X     = unknown

/bin/arch              = unknown
/usr/bin/arch -k       = unknown
/usr/convex/getsysinfo = unknown
/usr/bin/hostinfo      = unknown
/bin/machine           = unknown
/usr/bin/oslevel       = unknown
/bin/universe          = unknown

PATH: /usr/sbin
PATH: /usr/bin
PATH: /sbin
PATH: /bin
PATH: /usr/bin/X11


## ----------- ##
## Core tests. ##
## ----------- ##

configure:2728: checking for a BSD-compatible install
configure:2796: result: /usr/bin/install -c
configure:2807: checking whether build environment is sane
configure:2857: result: yes
configure:2998: checking for a thread-safe mkdir -p
configure:3037: result: /bin/mkdir -p
configure:3050: checking for gawk
configure:3066: found /usr/bin/gawk
configure:3077: result: gawk
configure:3088: checking whether make sets $(MAKE)
configure:3110: result: yes
configure:3202: checking whether make supports nested variables
configure:3219: result: yes
configure:3262: Default --exec-prefix detected.
configure:3266:   --bindir defaults to /bin
configure:3271:   --sbindir defaults to /sbin
configure:3303: checking for style of include used by make
configure:3331: result: GNU
configure:3402: checking for gcc
configure:3418: found /usr/bin/gcc
configure:3429: result: gcc
configure:3658: checking for C compiler version
configure:3667: gcc --version >&5
gcc-4.7.real (Debian 4.7.2-5) 4.7.2
Copyright (C) 2012 Free Software Foundation, Inc.
This is free software; see the source for copying conditions.  There is NO
warranty; not even for MERCHANTABILITY or FITNESS FOR A PARTICULAR PURPOSE.

configure:3678: $? = 0
configure:3667: gcc -v >&5
Using built-in specs.
COLLECT_GCC=/usr/bin/gcc-4.7.real
COLLECT_LTO_WRAPPER=/usr/lib/gcc/x86_64-linux-gnu/4.7/lto-wrapper
Target: x86_64-linux-gnu
Configured with: ../src/configure -v --with-pkgversion='Debian 4.7.2-5' --with-bugurl=file:///usr/share/doc/gcc-4.7/README.Bugs --enable-languages=c,c++,go,fortran,objc,obj-c++ --prefix=/usr --program-suffix=-4.7 --enable-shared --enable-linker-build-id --with-system-zlib --libexecdir=/usr/lib --without-included-gettext --enable-threads=posix --with-gxx-include-dir=/usr/include/c++/4.7 --libdir=/usr/lib --enable-nls --with-sysroot=/ --enable-clocale=gnu --enable-libstdcxx-debug --enable-libstdcxx-time=yes --enable-gnu-unique-object --enable-plugin --enable-objc-gc --with-arch-32=i586 --with-tune=generic --enable-checking=release --build=x86_64-linux-gnu --host=x86_64-linux-gnu --target=x86_64-linux-gnu
Thread model: posix
gcc version 4.7.2 (Debian 4.7.2-5) 
configure:3678: $? = 0
configure:3667: gcc -V >&5
gcc-4.7.real: error: unrecognized command line option '-V'
gcc-4.7.real: fatal error: no input files
compilation terminated.
configure:3678: $? = 4
configure:3667: gcc -qversion >&5
gcc-4.7.real: error: unrecognized command line option '-qversion'
gcc-4.7.real: fatal error: no input files
compilation terminated.
configure:3678: $? = 4
configure:3698: checking whether the C compiler works
configure:3720: gcc -g -O2 -fstack-protector --param=ssp-buffer-size=4 -Wformat -Werror=format-security -D_FORTIFY_SOURCE=2 -Wl,-z,relro conftest.c  >&5
configure:3724: $? = 0
configure:3772: result: yes
configure:3775: checking for C compiler default output file name
configure:3777: result: a.out
configure:3783: checking for suffix of executables
configure:3790: gcc -o conftest -g -O2 -fstack-protector --param=ssp-buffer-size=4 -Wformat -Werror=format-security -D_FORTIFY_SOURCE=2 -Wl,-z,relro conftest.c  >&5
configure:3794: $? = 0
configure:3816: result: 
configure:3838: checking whether we are cross compiling
configure:3846: gcc -o conftest -g -O2 -fstack-protector --param=ssp-buffer-size=4 -Wformat -Werror=format-security -D_FORTIFY_SOURCE=2 -Wl,-z,relro conftest.c  >&5
configure:3850: $? = 0
configure:3857: ./conftest
configure:3861: $? = 0
configure:3876: result: no
configure:3881: checking for suffix of object files
configure:3903: gcc -c -g -O2 -fstack-protector --param=ssp-buffer-size=4 -Wformat -Werror=format-security -D_FORTIFY_SOURCE=2 conftest.c >&5
configure:3907: $? = 0
configure:3928: result: o
configure:3932: checking whether we are using the GNU C compiler
configure:3951: gcc -c -g -O2 -fstack-protector --param=ssp-buffer-size=4 -Wformat -Werror=format-security -D_FORTIFY_SOURCE=2 conftest.c >&5
configure:3951: $? = 0
configure:3960: result: yes
configure:3969: checking whether gcc accepts -g
configure:3989: gcc -c -g -D_FORTIFY_SOURCE=2 conftest.c >&5
configure:3989: $? = 0
configure:4030: result: yes
configure:4047: checking for gcc option to accept ISO C89
configure:4110: gcc  -c -g -O2 -fstack-protector --param=ssp-buffer-size=4 -Wformat -Werror=format-security -D_FORTIFY_SOURCE=2 conftest.c >&5
configure:4110: $? = 0
configure:4123: result: none needed
configure:4145: checking dependency style of gcc
configure:4256: result: gcc3
configure:4272: checking whether gcc and cc understand -c and -o together
configure:4303: gcc -c conftest.c -o conftest2.o >&5
configure:4307: $? = 0
configure:4313: gcc -c conftest.c -o conftest2.o >&5
configure:4317: $? = 0
configure:4328: cc -c conftest.c >&5
configure:4332: $? = 0
configure:4340: cc -c conftest.c -o conftest2.o >&5
configure:4344: $? = 0
configure:4350: cc -c conftest.c -o conftest2.o >&5
configure:4354: $? = 0
configure:4372: result: yes
configure:4401: checking for gcc option to accept ISO C99
configure:4550: gcc  -c -g -O2 -fstack-protector --param=ssp-buffer-size=4 -Wformat -Werror=format-security -D_FORTIFY_SOURCE=2 conftest.c >&5
conftest.c:61:29: error: expected ';', ',' or ')' before 'text'
conftest.c: In function 'main':
conftest.c:115:18: error: expected '=', ',', ';', 'asm' or '__attribute__' before 'newvar'
conftest.c:115:18: error: 'newvar' undeclared (first use in this function)
conftest.c:115:18: note: each undeclared identifier is reported only once for each function it appears in
conftest.c:125:3: error: 'for' loop initial declarations are only allowed in C99 mode
conftest.c:125:3: note: use option -std=c99 or -std=gnu99 to compile your code
configure:4550: $? = 1
configure: failed program was:
| /* confdefs.h */
| #define PACKAGE_NAME "util-linux"
| #define PACKAGE_TARNAME "util-linux"
| #define PACKAGE_VERSION "2.20.1"
| #define PACKAGE_STRING "util-linux 2.20.1"
| #define PACKAGE_BUGREPORT "kzak@redhat.com"
| #define PACKAGE_URL ""
| #define PACKAGE "util-linux"
| #define VERSION "2.20.1"
| /* end confdefs.h.  */
| #include <stdarg.h>
| #include <stdbool.h>
| #include <stdlib.h>
| #include <wchar.h>
| #include <stdio.h>
| 
| // Check varargs macros.  These examples are taken from C99 6.10.3.5.
| #define debug(...) fprintf (stderr, __VA_ARGS__)
| #define showlist(...) puts (#__VA_ARGS__)
| #define report(test,...) ((test) ? puts (#test) : printf (__VA_ARGS__))
| static void
| test_varargs_macros (void)
| {
|   int x = 1234;
|   int y = 5678;
|   debug ("Flag");
|   debug ("X = %d\n", x);
|   showlist (The first, second, and third items.);
|   report (x>y, "x is %d but y is %d", x, y);
| }
| 
| // Check long long types.
| #define BIG64 18446744073709551615ull
| #define BIG32 4294967295ul
| #define BIG_OK (BIG64 / BIG32 == 4294967297ull && BIG64 % BIG32 == 0)
| #if !BIG_OK
|   your preprocessor is broken;
| #endif
| #if BIG_OK
| #else
|   your preprocessor is broken;
| #endif
| static long long int bignum = -9223372036854775807LL;
| static unsigned long long int ubignum = BIG64;
| 
| struct incomplete_array
| {
|   int datasize;
|   double data[];
| };
| 
| struct named_init {
|   int number;
|   const wchar_t *name;
|   double average;
| };
| 
| typedef const char *ccp;
| 
| static inline int
| test_restrict (ccp restrict text)
| {
|   // See if C++-style comments work.
|   // Iterate through items via the restricted pointer.
|   // Also check for declarations in for loops.
|   for (unsigned int i = 0; *(text+i) != '\0'; ++i)
|     continue;
|   return 0;
| }
| 
| // Check varargs and va_copy.
| static void
| test_varargs (const char *format, ...)
| {
|   va_list args;
|   va_start (args, format);
|   va_list args_copy;
|   va_copy (args_copy, args);
| 
|   const char *str;
|   int number;
|   float fnumber;
| 
|   while (*format)
|     {
|       switch (*format++)
| 	{
| 	case 's': // string
| 	  str = va_arg (args_copy, const char *);
| 	  break;
| 	case 'd': // int
| 	  number = va_arg (args_copy, int);
| 	  break;
| 	case 'f': // float
| 	  fnumber = va_arg (args_copy, double);
| 	  break;
| 	default:
| 	  break;
| 	}
|     }
|   va_end (args_copy);
|   va_end (args);
| }
| 
| int
| main ()
| {
| 
|   // Check bool.
|   _Bool success = false;
| 
|   // Check restrict.
|   if (test_restrict ("String literal") == 0)
|     success = true;
|   char *restrict newvar = "Another string";
| 
|   // Check varargs.
|   test_varargs ("s, d' f .", "string", 65, 34.234);
|   test_varargs_macros ();
| 
|   // Check flexible array members.
|   struct incomplete_array *ia =
|     malloc (sizeof (struct incomplete_array) + (sizeof (double) * 10));
|   ia->datasize = 10;
|   for (int i = 0; i < ia->datasize; ++i)
|     ia->data[i] = i * 1.234;
| 
|   // Check named initializers.
|   struct named_init ni = {
|     .number = 34,
|     .name = L"Test wide string",
|     .average = 543.34343,
|   };
| 
|   ni.number = 58;
| 
|   int dynamic_array[ni.number];
|   dynamic_array[ni.number - 1] = 543;
| 
|   // work around unused variable warnings
|   return (!success || bignum == 0LL || ubignum == 0uLL || newvar[0] == 'x'
| 	  || dynamic_array[ni.number - 1] != 543);
| 
|   ;
|   return 0;
| }
configure:4550: gcc -std=gnu99 -c -g -O2 -fstack-protector --param=ssp-buffer-size=4 -Wformat -Werror=format-security -D_FORTIFY_SOURCE=2 conftest.c >&5
configure:4550: $? = 0
configure:4570: result: -std=gnu99
configure:4671: checking for gcc -std=gnu99 option to accept ISO Standard C
configure:4685: result: -std=gnu99
configure:4695: checking how to run the C preprocessor
configure:4726: gcc -std=gnu99 -E -D_FORTIFY_SOURCE=2 conftest.c
configure:4726: $? = 0
configure:4740: gcc -std=gnu99 -E -D_FORTIFY_SOURCE=2 conftest.c
conftest.c:11:28: fatal error: ac_nonexistent.h: No such file or directory
compilation terminated.
configure:4740: $? = 1
configure: failed program was:
| /* confdefs.h */
| #define PACKAGE_NAME "util-linux"
| #define PACKAGE_TARNAME "util-linux"
| #define PACKAGE_VERSION "2.20.1"
| #define PACKAGE_STRING "util-linux 2.20.1"
| #define PACKAGE_BUGREPORT "kzak@redhat.com"
| #define PACKAGE_URL ""
| #define PACKAGE "util-linux"
| #define VERSION "2.20.1"
| /* end confdefs.h.  */
| #include <ac_nonexistent.h>
configure:4765: result: gcc -std=gnu99 -E
configure:4785: gcc -std=gnu99 -E -D_FORTIFY_SOURCE=2 conftest.c
configure:4785: $? = 0
configure:4799: gcc -std=gnu99 -E -D_FORTIFY_SOURCE=2 conftest.c
conftest.c:11:28: fatal error: ac_nonexistent.h: No such file or directory
compilation terminated.
configure:4799: $? = 1
configure: failed program was:
| /* confdefs.h */
| #define PACKAGE_NAME "util-linux"
| #define PACKAGE_TARNAME "util-linux"
| #define PACKAGE_VERSION "2.20.1"
| #define PACKAGE_STRING "util-linux 2.20.1"
| #define PACKAGE_BUGREPORT "kzak@redhat.com"
| #define PACKAGE_URL ""
| #define PACKAGE "util-linux"
| #define VERSION "2.20.1"
| /* end confdefs.h.  */
| #include <ac_nonexistent.h>
configure:4828: checking for grep that handles long lines and -e
configure:4886: result: /bin/grep
configure:4891: checking for egrep
configure:4953: result: /bin/grep -E
configure:4958: checking for ANSI C header files
configure:4978: gcc -std=gnu99 -c -g -O2 -fstack-protector --param=ssp-buffer-size=4 -Wformat -Werror=format-security -D_FORTIFY_SOURCE=2 conftest.c >&5
configure:4978: $? = 0
configure:5051: gcc -std=gnu99 -o conftest -g -O2 -fstack-protector --param=ssp-buffer-size=4 -Wformat -Werror=format-security -D_FORTIFY_SOURCE=2 -Wl,-z,relro conftest.c  >&5
configure:5051: $? = 0
configure:5051: ./conftest
configure:5051: $? = 0
configure:5062: result: yes
configure:5075: checking for sys/types.h
configure:5075: gcc -std=gnu99 -c -g -O2 -fstack-protector --param=ssp-buffer-size=4 -Wformat -Werror=format-security -D_FORTIFY_SOURCE=2 conftest.c >&5
configure:5075: $? = 0
configure:5075: result: yes
configure:5075: checking for sys/stat.h
configure:5075: gcc -std=gnu99 -c -g -O2 -fstack-protector --param=ssp-buffer-size=4 -Wformat -Werror=format-security -D_FORTIFY_SOURCE=2 conftest.c >&5
configure:5075: $? = 0
configure:5075: result: yes
configure:5075: checking for stdlib.h
configure:5075: gcc -std=gnu99 -c -g -O2 -fstack-protector --param=ssp-buffer-size=4 -Wformat -Werror=format-security -D_FORTIFY_SOURCE=2 conftest.c >&5
configure:5075: $? = 0
configure:5075: result: yes
configure:5075: checking for string.h
configure:5075: gcc -std=gnu99 -c -g -O2 -fstack-protector --param=ssp-buffer-size=4 -Wformat -Werror=format-security -D_FORTIFY_SOURCE=2 conftest.c >&5
configure:5075: $? = 0
configure:5075: result: yes
configure:5075: checking for memory.h
configure:5075: gcc -std=gnu99 -c -g -O2 -fstack-protector --param=ssp-buffer-size=4 -Wformat -Werror=format-security -D_FORTIFY_SOURCE=2 conftest.c >&5
configure:5075: $? = 0
configure:5075: result: yes
configure:5075: checking for strings.h
configure:5075: gcc -std=gnu99 -c -g -O2 -fstack-protector --param=ssp-buffer-size=4 -Wformat -Werror=format-security -D_FORTIFY_SOURCE=2 conftest.c >&5
configure:5075: $? = 0
configure:5075: result: yes
configure:5075: checking for inttypes.h
configure:5075: gcc -std=gnu99 -c -g -O2 -fstack-protector --param=ssp-buffer-size=4 -Wformat -Werror=format-security -D_FORTIFY_SOURCE=2 conftest.c >&5
configure:5075: $? = 0
configure:5075: result: yes
configure:5075: checking for stdint.h
configure:5075: gcc -std=gnu99 -c -g -O2 -fstack-protector --param=ssp-buffer-size=4 -Wformat -Werror=format-security -D_FORTIFY_SOURCE=2 conftest.c >&5
configure:5075: $? = 0
configure:5075: result: yes
configure:5075: checking for unistd.h
configure:5075: gcc -std=gnu99 -c -g -O2 -fstack-protector --param=ssp-buffer-size=4 -Wformat -Werror=format-security -D_FORTIFY_SOURCE=2 conftest.c >&5
configure:5075: $? = 0
configure:5075: result: yes
configure:5088: checking minix/config.h usability
configure:5088: gcc -std=gnu99 -c -g -O2 -fstack-protector --param=ssp-buffer-size=4 -Wformat -Werror=format-security -D_FORTIFY_SOURCE=2 conftest.c >&5
conftest.c:54:26: fatal error: minix/config.h: No such file or directory
compilation terminated.
configure:5088: $? = 1
configure: failed program was:
| /* confdefs.h */
| #define PACKAGE_NAME "util-linux"
| #define PACKAGE_TARNAME "util-linux"
| #define PACKAGE_VERSION "2.20.1"
| #define PACKAGE_STRING "util-linux 2.20.1"
| #define PACKAGE_BUGREPORT "kzak@redhat.com"
| #define PACKAGE_URL ""
| #define PACKAGE "util-linux"
| #define VERSION "2.20.1"
| #define STDC_HEADERS 1
| #define HAVE_SYS_TYPES_H 1
| #define HAVE_SYS_STAT_H 1
| #define HAVE_STDLIB_H 1
| #define HAVE_STRING_H 1
| #define HAVE_MEMORY_H 1
| #define HAVE_STRINGS_H 1
| #define HAVE_INTTYPES_H 1
| #define HAVE_STDINT_H 1
| #define HAVE_UNISTD_H 1
| /* end confdefs.h.  */
| #include <stdio.h>
| #ifdef HAVE_SYS_TYPES_H
| # include <sys/types.h>
| #endif
| #ifdef HAVE_SYS_STAT_H
| # include <sys/stat.h>
| #endif
| #ifdef STDC_HEADERS
| # include <stdlib.h>
| # include <stddef.h>
| #else
| # ifdef HAVE_STDLIB_H
| #  include <stdlib.h>
| # endif
| #endif
| #ifdef HAVE_STRING_H
| # if !defined STDC_HEADERS && defined HAVE_MEMORY_H
| #  include <memory.h>
| # endif
| # include <string.h>
| #endif
| #ifdef HAVE_STRINGS_H
| # include <strings.h>
| #endif
| #ifdef HAVE_INTTYPES_H
| # include <inttypes.h>
| #endif
| #ifdef HAVE_STDINT_H
| # include <stdint.h>
| #endif
| #ifdef HAVE_UNISTD_H
| # include <unistd.h>
| #endif
| #include <minix/config.h>
configure:5088: result: no
configure:5088: checking minix/config.h presence
configure:5088: gcc -std=gnu99 -E -D_FORTIFY_SOURCE=2 conftest.c
conftest.c:21:26: fatal error: minix/config.h: No such file or directory
compilation terminated.
configure:5088: $? = 1
configure: failed program was:
| /* confdefs.h */
| #define PACKAGE_NAME "util-linux"
| #define PACKAGE_TARNAME "util-linux"
| #define PACKAGE_VERSION "2.20.1"
| #define PACKAGE_STRING "util-linux 2.20.1"
| #define PACKAGE_BUGREPORT "kzak@redhat.com"
| #define PACKAGE_URL ""
| #define PACKAGE "util-linux"
| #define VERSION "2.20.1"
| #define STDC_HEADERS 1
| #define HAVE_SYS_TYPES_H 1
| #define HAVE_SYS_STAT_H 1
| #define HAVE_STDLIB_H 1
| #define HAVE_STRING_H 1
| #define HAVE_MEMORY_H 1
| #define HAVE_STRINGS_H 1
| #define HAVE_INTTYPES_H 1
| #define HAVE_STDINT_H 1
| #define HAVE_UNISTD_H 1
| /* end confdefs.h.  */
| #include <minix/config.h>
configure:5088: result: no
configure:5088: checking for minix/config.h
configure:5088: result: no
configure:5109: checking whether it is safe to define __EXTENSIONS__
configure:5127: gcc -std=gnu99 -c -g -O2 -fstack-protector --param=ssp-buffer-size=4 -Wformat -Werror=format-security -D_FORTIFY_SOURCE=2 conftest.c >&5
configure:5127: $? = 0
configure:5134: result: yes
configure:5153: checking build system type
configure:5167: result: x86_64-unknown-linux-gnu
configure:5187: checking host system type
configure:5200: result: x86_64-unknown-linux-gnu
configure:5220: checking for an ANSI C-conforming const
configure:5286: gcc -std=gnu99 -c -g -O2 -fstack-protector --param=ssp-buffer-size=4 -Wformat -Werror=format-security -D_FORTIFY_SOURCE=2 conftest.c >&5
configure:5286: $? = 0
configure:5293: result: yes
configure:5301: checking for working volatile
configure:5320: gcc -std=gnu99 -c -g -O2 -fstack-protector --param=ssp-buffer-size=4 -Wformat -Werror=format-security -D_FORTIFY_SOURCE=2 conftest.c >&5
configure:5320: $? = 0
configure:5327: result: yes
configure:5335: checking whether byte ordering is bigendian
configure:5350: gcc -std=gnu99 -c -g -O2 -fstack-protector --param=ssp-buffer-size=4 -Wformat -Werror=format-security -D_FORTIFY_SOURCE=2 conftest.c >&5
conftest.c:27:9: error: unknown type name 'not'
conftest.c:27:15: error: expected '=', ',', ';', 'asm' or '__attribute__' before 'universal'
conftest.c:27:15: error: unknown type name 'universal'
configure:5350: $? = 1
configure: failed program was:
| /* confdefs.h */
| #define PACKAGE_NAME "util-linux"
| #define PACKAGE_TARNAME "util-linux"
| #define PACKAGE_VERSION "2.20.1"
| #define PACKAGE_STRING "util-linux 2.20.1"
| #define PACKAGE_BUGREPORT "kzak@redhat.com"
| #define PACKAGE_URL ""
| #define PACKAGE "util-linux"
| #define VERSION "2.20.1"
| #define STDC_HEADERS 1
| #define HAVE_SYS_TYPES_H 1
| #define HAVE_SYS_STAT_H 1
| #define HAVE_STDLIB_H 1
| #define HAVE_STRING_H 1
| #define HAVE_MEMORY_H 1
| #define HAVE_STRINGS_H 1
| #define HAVE_INTTYPES_H 1
| #define HAVE_STDINT_H 1
| #define HAVE_UNISTD_H 1
| #define __EXTENSIONS__ 1
| #define _ALL_SOURCE 1
| #define _GNU_SOURCE 1
| #define _POSIX_PTHREAD_SEMANTICS 1
| #define _TANDEM_SOURCE 1
| /* end confdefs.h.  */
| #ifndef __APPLE_CC__
| 	       not a universal capable compiler
| 	     #endif
| 	     typedef int dummy;
| 
configure:5395: gcc -std=gnu99 -c -g -O2 -fstack-protector --param=ssp-buffer-size=4 -Wformat -Werror=format-security -D_FORTIFY_SOURCE=2 conftest.c >&5
configure:5395: $? = 0
configure:5413: gcc -std=gnu99 -c -g -O2 -fstack-protector --param=ssp-buffer-size=4 -Wformat -Werror=format-security -D_FORTIFY_SOURCE=2 conftest.c >&5
conftest.c: In function 'main':
conftest.c:33:4: error: unknown type name 'not'
conftest.c:33:12: error: expected '=', ',', ';', 'asm' or '__attribute__' before 'endian'
configure:5413: $? = 1
configure: failed program was:
| /* confdefs.h */
| #define PACKAGE_NAME "util-linux"
| #define PACKAGE_TARNAME "util-linux"
| #define PACKAGE_VERSION "2.20.1"
| #define PACKAGE_STRING "util-linux 2.20.1"
| #define PACKAGE_BUGREPORT "kzak@redhat.com"
| #define PACKAGE_URL ""
| #define PACKAGE "util-linux"
| #define VERSION "2.20.1"
| #define STDC_HEADERS 1
| #define HAVE_SYS_TYPES_H 1
| #define HAVE_SYS_STAT_H 1
| #define HAVE_STDLIB_H 1
| #define HAVE_STRING_H 1
| #define HAVE_MEMORY_H 1
| #define HAVE_STRINGS_H 1
| #define HAVE_INTTYPES_H 1
| #define HAVE_STDINT_H 1
| #define HAVE_UNISTD_H 1
| #define __EXTENSIONS__ 1
| #define _ALL_SOURCE 1
| #define _GNU_SOURCE 1
| #define _POSIX_PTHREAD_SEMANTICS 1
| #define _TANDEM_SOURCE 1
| /* end confdefs.h.  */
| #include <sys/types.h>
| 		#include <sys/param.h>
| 
| int
| main ()
| {
| #if BYTE_ORDER != BIG_ENDIAN
| 		 not big endian
| 		#endif
| 
|   ;
|   return 0;
| }
configure:5541: result: no
configure:5606: checking how to print strings
configure:5633: result: printf
configure:5654: checking for a sed that does not truncate output
configure:5718: result: /bin/sed
configure:5736: checking for fgrep
configure:5798: result: /bin/grep -F
configure:5833: checking for ld used by gcc -std=gnu99
configure:5900: result: /usr/bin/ld
configure:5907: checking if the linker (/usr/bin/ld) is GNU ld
configure:5922: result: yes
configure:5934: checking for BSD- or MS-compatible name lister (nm)
configure:5983: result: /usr/bin/nm -B
configure:6113: checking the name lister (/usr/bin/nm -B) interface
configure:6120: gcc -std=gnu99 -c -g -O2 -fstack-protector --param=ssp-buffer-size=4 -Wformat -Werror=format-security -D_FORTIFY_SOURCE=2 conftest.c >&5
configure:6123: /usr/bin/nm -B "conftest.o"
configure:6126: output
0000000000000000 B some_variable
configure:6133: result: BSD nm
configure:6136: checking whether ln -s works
configure:6140: result: yes
configure:6148: checking the maximum length of command line arguments
configure:6278: result: 3458764513820540925
configure:6295: checking whether the shell understands some XSI constructs
configure:6305: result: yes
configure:6309: checking whether the shell understands "+="
configure:6315: result: yes
configure:6350: checking how to convert x86_64-unknown-linux-gnu file names to x86_64-unknown-linux-gnu format
configure:6390: result: func_convert_file_noop
configure:6397: checking how to convert x86_64-unknown-linux-gnu file names to toolchain format
configure:6417: result: func_convert_file_noop
configure:6424: checking for /usr/bin/ld option to reload object files
configure:6431: result: -r
configure:6505: checking for objdump
configure:6521: found /usr/bin/objdump
configure:6532: result: objdump
configure:6564: checking how to recognize dependent libraries
configure:6762: result: pass_all
configure:6847: checking for dlltool
configure:6877: result: no
configure:6907: checking how to associate runtime and link libraries
configure:6934: result: printf %s\n
configure:6994: checking for ar
configure:7010: found /usr/bin/ar
configure:7021: result: ar
configure:7058: checking for archiver @FILE support
configure:7075: gcc -std=gnu99 -c -g -O2 -fstack-protector --param=ssp-buffer-size=4 -Wformat -Werror=format-security -D_FORTIFY_SOURCE=2 conftest.c >&5
configure:7075: $? = 0
configure:7078: ar cru libconftest.a @conftest.lst >&5
configure:7081: $? = 0
configure:7086: ar cru libconftest.a @conftest.lst >&5
ar: conftest.o: No such file or directory
configure:7089: $? = 1
configure:7101: result: @
configure:7159: checking for strip
configure:7175: found /usr/bin/strip
configure:7186: result: strip
configure:7258: checking for ranlib
configure:7274: found /usr/bin/ranlib
configure:7285: result: ranlib
configure:7387: checking command to parse /usr/bin/nm -B output from gcc -std=gnu99 object
configure:7507: gcc -std=gnu99 -c -g -O2 -fstack-protector --param=ssp-buffer-size=4 -Wformat -Werror=format-security -D_FORTIFY_SOURCE=2 conftest.c >&5
configure:7510: $? = 0
configure:7514: /usr/bin/nm -B conftest.o \| sed -n -e 's/^.*[ ]\([ABCDGIRSTW][ABCDGIRSTW]*\)[ ][ ]*\([_A-Za-z][_A-Za-z0-9]*\)$/\1 \2 \2/p' | sed '/ __gnu_lto/d' \> conftest.nm
configure:7517: $? = 0
configure:7583: gcc -std=gnu99 -o conftest -g -O2 -fstack-protector --param=ssp-buffer-size=4 -Wformat -Werror=format-security -D_FORTIFY_SOURCE=2 -Wl,-z,relro conftest.c conftstm.o >&5
configure:7586: $? = 0
configure:7624: result: ok
configure:7661: checking for sysroot
configure:7691: result: no
configure:7768: gcc -std=gnu99 -c -g -O2 -fstack-protector --param=ssp-buffer-size=4 -Wformat -Werror=format-security -D_FORTIFY_SOURCE=2 conftest.c >&5
configure:7771: $? = 0
configure:7947: checking for mt
configure:7963: found /bin/mt
configure:7974: result: mt
configure:7997: checking if mt is a manifest tool
configure:8003: mt '-?'
configure:8011: result: no
configure:8650: checking for dlfcn.h
configure:8650: gcc -std=gnu99 -c -g -O2 -fstack-protector --param=ssp-buffer-size=4 -Wformat -Werror=format-security -D_FORTIFY_SOURCE=2 conftest.c >&5
configure:8650: $? = 0
configure:8650: result: yes
configure:8856: checking for objdir
configure:8871: result: .libs
configure:9142: checking if gcc -std=gnu99 supports -fno-rtti -fno-exceptions
configure:9160: gcc -std=gnu99 -c -g -O2 -fstack-protector --param=ssp-buffer-size=4 -Wformat -Werror=format-security -D_FORTIFY_SOURCE=2 -fno-rtti -fno-exceptions conftest.c >&5
cc1: warning: command line option '-fno-rtti' is valid for C++/ObjC++ but not for C [enabled by default]
configure:9164: $? = 0
configure:9177: result: no
configure:9504: checking for gcc -std=gnu99 option to produce PIC
configure:9511: result: -fPIC -DPIC
configure:9519: checking if gcc -std=gnu99 PIC flag -fPIC -DPIC works
configure:9537: gcc -std=gnu99 -c -g -O2 -fstack-protector --param=ssp-buffer-size=4 -Wformat -Werror=format-security -D_FORTIFY_SOURCE=2 -fPIC -DPIC -DPIC conftest.c >&5
configure:9541: $? = 0
configure:9554: result: yes
configure:9583: checking if gcc -std=gnu99 static flag -static works
configure:9611: result: yes
configure:9626: checking if gcc -std=gnu99 supports -c -o file.o
configure:9647: gcc -std=gnu99 -c -g -O2 -fstack-protector --param=ssp-buffer-size=4 -Wformat -Werror=format-security -D_FORTIFY_SOURCE=2 -o out/conftest2.o conftest.c >&5
configure:9651: $? = 0
configure:9673: result: yes
configure:9681: checking if gcc -std=gnu99 supports -c -o file.o
configure:9728: result: yes
configure:9761: checking whether the gcc -std=gnu99 linker (/usr/bin/ld -m elf_x86_64) supports shared libraries
configure:10918: result: yes
configure:10955: checking whether -lc should be explicitly linked in
configure:10963: gcc -std=gnu99 -c -g -O2 -fstack-protector --param=ssp-buffer-size=4 -Wformat -Werror=format-security -D_FORTIFY_SOURCE=2 conftest.c >&5
configure:10966: $? = 0
configure:10981: gcc -std=gnu99 -shared  -fPIC -DPIC conftest.o  -v -Wl,-soname -Wl,conftest -o conftest 2\>\&1 \| /bin/grep  -lc  \>/dev/null 2\>\&1
configure:10984: $? = 0
configure:10998: result: no
configure:11158: checking dynamic linker characteristics
configure:11658: gcc -std=gnu99 -o conftest -g -O2 -fstack-protector --param=ssp-buffer-size=4 -Wformat -Werror=format-security -D_FORTIFY_SOURCE=2 -Wl,-z,relro -Wl,-rpath -Wl,/foo conftest.c  >&5
configure:11658: $? = 0
configure:11892: result: GNU/Linux ld.so
configure:11999: checking how to hardcode library paths into programs
configure:12024: result: immediate
configure:12564: checking whether stripping libraries is possible
configure:12569: result: yes
configure:12604: checking if libtool supports shared libraries
configure:12606: result: yes
configure:12609: checking whether to build shared libraries
configure:12630: result: yes
configure:12633: checking whether to build static libraries
configure:12637: result: yes
configure:12730: checking for pkg-config
configure:12748: found /usr/bin/pkg-config
configure:12760: result: /usr/bin/pkg-config
configure:12785: checking pkg-config is at least version 0.9.0
configure:12788: result: yes
configure:12830: checking whether to build gtk-doc documentation
configure:12832: result: no
configure:12839: checking for gtkdoc-check
configure:12857: found /usr/bin/gtkdoc-check
configure:12869: result: /usr/bin/gtkdoc-check
configure:12900: checking for xsltproc
configure:12918: found /usr/bin/xsltproc
configure:12930: result: /usr/bin/xsltproc
configure:12956: checking for perl
configure:12974: found /usr/bin/perl
configure:12986: result: /usr/bin/perl
configure:13002: checking for special C compiler options needed for large files
configure:13047: result: no
configure:13053: checking for _FILE_OFFSET_BITS value needed for large files
configure:13078: gcc -std=gnu99 -c -g -O2 -fstack-protector --param=ssp-buffer-size=4 -Wformat -Werror=format-security -D_FORTIFY_SOURCE=2 conftest.c >&5
configure:13078: $? = 0
configure:13110: result: no
configure:13199: checking for linux/compiler.h
configure:13199: gcc -std=gnu99 -c -g -O2 -fstack-protector --param=ssp-buffer-size=4 -Wformat -Werror=format-security -D_FORTIFY_SOURCE=2 conftest.c >&5
conftest.c:34:28: fatal error: linux/compiler.h: No such file or directory
compilation terminated.
configure:13199: $? = 1
configure: failed program was:
| /* confdefs.h */
| #define PACKAGE_NAME "util-linux"
| #define PACKAGE_TARNAME "util-linux"
| #define PACKAGE_VERSION "2.20.1"
| #define PACKAGE_STRING "util-linux 2.20.1"
| #define PACKAGE_BUGREPORT "kzak@redhat.com"
| #define PACKAGE_URL ""
| #define PACKAGE "util-linux"
| #define VERSION "2.20.1"
| #define STDC_HEADERS 1
| #define HAVE_SYS_TYPES_H 1
| #define HAVE_SYS_STAT_H 1
| #define HAVE_STDLIB_H 1
| #define HAVE_STRING_H 1
| #define HAVE_MEMORY_H 1
| #define HAVE_STRINGS_H 1
| #define HAVE_INTTYPES_H 1
| #define HAVE_STDINT_H 1
| #define HAVE_UNISTD_H 1
| #define __EXTENSIONS__ 1
| #define _ALL_SOURCE 1
| #define _GNU_SOURCE 1
| #define _POSIX_PTHREAD_SEMANTICS 1
| #define _TANDEM_SOURCE 1
| #define HAVE_DLFCN_H 1
| #define LT_OBJDIR ".libs/"
| /* end confdefs.h.  */
| 
| #ifdef HAVE_LINUX_COMPILER_H
| #include <linux/compiler.h>
| #endif
| 
| 
| #include <linux/compiler.h>
configure:13199: result: no
configure:13199: checking for linux/blkpg.h
configure:13199: gcc -std=gnu99 -c -g -O2 -fstack-protector --param=ssp-buffer-size=4 -Wformat -Werror=format-security -D_FORTIFY_SOURCE=2 conftest.c >&5
configure:13199: $? = 0
configure:13199: result: yes
configure:13199: checking for linux/major.h
configure:13199: gcc -std=gnu99 -c -g -O2 -fstack-protector --param=ssp-buffer-size=4 -Wformat -Werror=format-security -D_FORTIFY_SOURCE=2 conftest.c >&5
configure:13199: $? = 0
configure:13199: result: yes
configure:13257: checking err.h usability
configure:13257: gcc -std=gnu99 -c -g -O2 -fstack-protector --param=ssp-buffer-size=4 -Wformat -Werror=format-security -D_FORTIFY_SOURCE=2 conftest.c >&5
configure:13257: $? = 0
configure:13257: result: yes
configure:13257: checking err.h presence
configure:13257: gcc -std=gnu99 -E -D_FORTIFY_SOURCE=2 conftest.c
configure:13257: $? = 0
configure:13257: result: yes
configure:13257: checking for err.h
configure:13257: result: yes
configure:13257: checking errno.h usability
configure:13257: gcc -std=gnu99 -c -g -O2 -fstack-protector --param=ssp-buffer-size=4 -Wformat -Werror=format-security -D_FORTIFY_SOURCE=2 conftest.c >&5
configure:13257: $? = 0
configure:13257: result: yes
configure:13257: checking errno.h presence
configure:13257: gcc -std=gnu99 -E -D_FORTIFY_SOURCE=2 conftest.c
configure:13257: $? = 0
configure:13257: result: yes
configure:13257: checking for errno.h
configure:13257: result: yes
configure:13257: checking getopt.h usability
configure:13257: gcc -std=gnu99 -c -g -O2 -fstack-protector --param=ssp-buffer-size=4 -Wformat -Werror=format-security -D_FORTIFY_SOURCE=2 conftest.c >&5
configure:13257: $? = 0
configure:13257: result: yes
configure:13257: checking getopt.h presence
configure:13257: gcc -std=gnu99 -E -D_FORTIFY_SOURCE=2 conftest.c
configure:13257: $? = 0
configure:13257: result: yes
configure:13257: checking for getopt.h
configure:13257: result: yes
configure:13257: checking linux/fd.h usability
configure:13257: gcc -std=gnu99 -c -g -O2 -fstack-protector --param=ssp-buffer-size=4 -Wformat -Werror=format-security -D_FORTIFY_SOURCE=2 conftest.c >&5
configure:13257: $? = 0
configure:13257: result: yes
configure:13257: checking linux/fd.h presence
configure:13257: gcc -std=gnu99 -E -D_FORTIFY_SOURCE=2 conftest.c
configure:13257: $? = 0
configure:13257: result: yes
configure:13257: checking for linux/fd.h
configure:13257: result: yes
configure:13257: checking linux/tiocl.h usability
configure:13257: gcc -std=gnu99 -c -g -O2 -fstack-protector --param=ssp-buffer-size=4 -Wformat -Werror=format-security -D_FORTIFY_SOURCE=2 conftest.c >&5
configure:13257: $? = 0
configure:13257: result: yes
configure:13257: checking linux/tiocl.h presence
configure:13257: gcc -std=gnu99 -E -D_FORTIFY_SOURCE=2 conftest.c
configure:13257: $? = 0
configure:13257: result: yes
configure:13257: checking for linux/tiocl.h
configure:13257: result: yes
configure:13257: checking linux/version.h usability
configure:13257: gcc -std=gnu99 -c -g -O2 -fstack-protector --param=ssp-buffer-size=4 -Wformat -Werror=format-security -D_FORTIFY_SOURCE=2 conftest.c >&5
configure:13257: $? = 0
configure:13257: result: yes
configure:13257: checking linux/version.h presence
configure:13257: gcc -std=gnu99 -E -D_FORTIFY_SOURCE=2 conftest.c
configure:13257: $? = 0
configure:13257: result: yes
configure:13257: checking for linux/version.h
configure:13257: result: yes
configure:13257: checking linux/falloc.h usability
configure:13257: gcc -std=gnu99 -c -g -O2 -fstack-protector --param=ssp-buffer-size=4 -Wformat -Werror=format-security -D_FORTIFY_SOURCE=2 conftest.c >&5
configure:13257: $? = 0
configure:13257: result: yes
configure:13257: checking linux/falloc.h presence
configure:13257: gcc -std=gnu99 -E -D_FORTIFY_SOURCE=2 conftest.c
configure:13257: $? = 0
configure:13257: result: yes
configure:13257: checking for linux/falloc.h
configure:13257: result: yes
configure:13257: checking linux/cdrom.h usability
configure:13257: gcc -std=gnu99 -c -g -O2 -fstack-protector --param=ssp-buffer-size=4 -Wformat -Werror=format-security -D_FORTIFY_SOURCE=2 conftest.c >&5
configure:13257: $? = 0
configure:13257: result: yes
configure:13257: checking linux/cdrom.h presence
configure:13257: gcc -std=gnu99 -E -D_FORTIFY_SOURCE=2 conftest.c
configure:13257: $? = 0
configure:13257: result: yes
configure:13257: checking for linux/cdrom.h
configure:13257: result: yes
configure:13257: checking fcntl.h usability
configure:13257: gcc -std=gnu99 -c -g -O2 -fstack-protector --param=ssp-buffer-size=4 -Wformat -Werror=format-security -D_FORTIFY_SOURCE=2 conftest.c >&5
configure:13257: $? = 0
configure:13257: result: yes
configure:13257: checking fcntl.h presence
configure:13257: gcc -std=gnu99 -E -D_FORTIFY_SOURCE=2 conftest.c
configure:13257: $? = 0
configure:13257: result: yes
configure:13257: checking for fcntl.h
configure:13257: result: yes
configure:13257: checking locale.h usability
configure:13257: gcc -std=gnu99 -c -g -O2 -fstack-protector --param=ssp-buffer-size=4 -Wformat -Werror=format-security -D_FORTIFY_SOURCE=2 conftest.c >&5
configure:13257: $? = 0
configure:13257: result: yes
configure:13257: checking locale.h presence
configure:13257: gcc -std=gnu99 -E -D_FORTIFY_SOURCE=2 conftest.c
configure:13257: $? = 0
configure:13257: result: yes
configure:13257: checking for locale.h
configure:13257: result: yes
configure:13257: checking for stdint.h
configure:13257: result: yes
configure:13257: checking for inttypes.h
configure:13257: result: yes
configure:13257: checking paths.h usability
configure:13257: gcc -std=gnu99 -c -g -O2 -fstack-protector --param=ssp-buffer-size=4 -Wformat -Werror=format-security -D_FORTIFY_SOURCE=2 conftest.c >&5
configure:13257: $? = 0
configure:13257: result: yes
configure:13257: checking paths.h presence
configure:13257: gcc -std=gnu99 -E -D_FORTIFY_SOURCE=2 conftest.c
configure:13257: $? = 0
configure:13257: result: yes
configure:13257: checking for paths.h
configure:13257: result: yes
configure:13257: checking pty.h usability
configure:13257: gcc -std=gnu99 -c -g -O2 -fstack-protector --param=ssp-buffer-size=4 -Wformat -Werror=format-security -D_FORTIFY_SOURCE=2 conftest.c >&5
configure:13257: $? = 0
configure:13257: result: yes
configure:13257: checking pty.h presence
configure:13257: gcc -std=gnu99 -E -D_FORTIFY_SOURCE=2 conftest.c
configure:13257: $? = 0
configure:13257: result: yes
configure:13257: checking for pty.h
configure:13257: result: yes
configure:13257: checking mntent.h usability
configure:13257: gcc -std=gnu99 -c -g -O2 -fstack-protector --param=ssp-buffer-size=4 -Wformat -Werror=format-security -D_FORTIFY_SOURCE=2 conftest.c >&5
configure:13257: $? = 0
configure:13257: result: yes
configure:13257: checking mntent.h presence
configure:13257: gcc -std=gnu99 -E -D_FORTIFY_SOURCE=2 conftest.c
configure:13257: $? = 0
configure:13257: result: yes
configure:13257: checking for mntent.h
configure:13257: result: yes
configure:13257: checking net/if.h usability
configure:13257: gcc -std=gnu99 -c -g -O2 -fstack-protector --param=ssp-buffer-size=4 -Wformat -Werror=format-security -D_FORTIFY_SOURCE=2 conftest.c >&5
configure:13257: $? = 0
configure:13257: result: yes
configure:13257: checking net/if.h presence
configure:13257: gcc -std=gnu99 -E -D_FORTIFY_SOURCE=2 conftest.c
configure:13257: $? = 0
configure:13257: result: yes
configure:13257: checking for net/if.h
configure:13257: result: yes
configure:13257: checking net/if_dl.h usability
configure:13257: gcc -std=gnu99 -c -g -O2 -fstack-protector --param=ssp-buffer-size=4 -Wformat -Werror=format-security -D_FORTIFY_SOURCE=2 conftest.c >&5
conftest.c:79:23: fatal error: net/if_dl.h: No such file or directory
compilation terminated.
configure:13257: $? = 1
configure: failed program was:
| /* confdefs.h */
| #define PACKAGE_NAME "util-linux"
| #define PACKAGE_TARNAME "util-linux"
| #define PACKAGE_VERSION "2.20.1"
| #define PACKAGE_STRING "util-linux 2.20.1"
| #define PACKAGE_BUGREPORT "kzak@redhat.com"
| #define PACKAGE_URL ""
| #define PACKAGE "util-linux"
| #define VERSION "2.20.1"
| #define STDC_HEADERS 1
| #define HAVE_SYS_TYPES_H 1
| #define HAVE_SYS_STAT_H 1
| #define HAVE_STDLIB_H 1
| #define HAVE_STRING_H 1
| #define HAVE_MEMORY_H 1
| #define HAVE_STRINGS_H 1
| #define HAVE_INTTYPES_H 1
| #define HAVE_STDINT_H 1
| #define HAVE_UNISTD_H 1
| #define __EXTENSIONS__ 1
| #define _ALL_SOURCE 1
| #define _GNU_SOURCE 1
| #define _POSIX_PTHREAD_SEMANTICS 1
| #define _TANDEM_SOURCE 1
| #define HAVE_DLFCN_H 1
| #define LT_OBJDIR ".libs/"
| #define HAVE_LINUX_BLKPG_H 1
| #define HAVE_LINUX_MAJOR_H 1
| #define HAVE_ERR_H 1
| #define HAVE_ERRNO_H 1
| #define HAVE_GETOPT_H 1
| #define HAVE_LINUX_FD_H 1
| #define HAVE_LINUX_TIOCL_H 1
| #define HAVE_LINUX_VERSION_H 1
| #define HAVE_LINUX_FALLOC_H 1
| #define HAVE_LINUX_CDROM_H 1
| #define HAVE_FCNTL_H 1
| #define HAVE_LOCALE_H 1
| #define HAVE_STDINT_H 1
| #define HAVE_INTTYPES_H 1
| #define HAVE_PATHS_H 1
| #define HAVE_PTY_H 1
| #define HAVE_MNTENT_H 1
| #define HAVE_NET_IF_H 1
| /* end confdefs.h.  */
| #include <stdio.h>
| #ifdef HAVE_SYS_TYPES_H
| # include <sys/types.h>
| #endif
| #ifdef HAVE_SYS_STAT_H
| # include <sys/stat.h>
| #endif
| #ifdef STDC_HEADERS
| # include <stdlib.h>
| # include <stddef.h>
| #else
| # ifdef HAVE_STDLIB_H
| #  include <stdlib.h>
| # endif
| #endif
| #ifdef HAVE_STRING_H
| # if !defined STDC_HEADERS && defined HAVE_MEMORY_H
| #  include <memory.h>
| # endif
| # include <string.h>
| #endif
| #ifdef HAVE_STRINGS_H
| # include <strings.h>
| #endif
| #ifdef HAVE_INTTYPES_H
| # include <inttypes.h>
| #endif
| #ifdef HAVE_STDINT_H
| # include <stdint.h>
| #endif
| #ifdef HAVE_UNISTD_H
| # include <unistd.h>
| #endif
| #include <net/if_dl.h>
configure:13257: result: no
configure:13257: checking net/if_dl.h presence
configure:13257: gcc -std=gnu99 -E -D_FORTIFY_SOURCE=2 conftest.c
conftest.c:46:23: fatal error: net/if_dl.h: No such file or directory
compilation terminated.
configure:13257: $? = 1
configure: failed program was:
| /* confdefs.h */
| #define PACKAGE_NAME "util-linux"
| #define PACKAGE_TARNAME "util-linux"
| #define PACKAGE_VERSION "2.20.1"
| #define PACKAGE_STRING "util-linux 2.20.1"
| #define PACKAGE_BUGREPORT "kzak@redhat.com"
| #define PACKAGE_URL ""
| #define PACKAGE "util-linux"
| #define VERSION "2.20.1"
| #define STDC_HEADERS 1
| #define HAVE_SYS_TYPES_H 1
| #define HAVE_SYS_STAT_H 1
| #define HAVE_STDLIB_H 1
| #define HAVE_STRING_H 1
| #define HAVE_MEMORY_H 1
| #define HAVE_STRINGS_H 1
| #define HAVE_INTTYPES_H 1
| #define HAVE_STDINT_H 1
| #define HAVE_UNISTD_H 1
| #define __EXTENSIONS__ 1
| #define _ALL_SOURCE 1
| #define _GNU_SOURCE 1
| #define _POSIX_PTHREAD_SEMANTICS 1
| #define _TANDEM_SOURCE 1
| #define HAVE_DLFCN_H 1
| #define LT_OBJDIR ".libs/"
| #define HAVE_LINUX_BLKPG_H 1
| #define HAVE_LINUX_MAJOR_H 1
| #define HAVE_ERR_H 1
| #define HAVE_ERRNO_H 1
| #define HAVE_GETOPT_H 1
| #define HAVE_LINUX_FD_H 1
| #define HAVE_LINUX_TIOCL_H 1
| #define HAVE_LINUX_VERSION_H 1
| #define HAVE_LINUX_FALLOC_H 1
| #define HAVE_LINUX_CDROM_H 1
| #define HAVE_FCNTL_H 1
| #define HAVE_LOCALE_H 1
| #define HAVE_STDINT_H 1
| #define HAVE_INTTYPES_H 1
| #define HAVE_PATHS_H 1
| #define HAVE_PTY_H 1
| #define HAVE_MNTENT_H 1
| #define HAVE_NET_IF_H 1
| /* end confdefs.h.  */
| #include <net/if_dl.h>
configure:13257: result: no
configure:13257: checking for net/if_dl.h
configure:13257: result: no
configure:13257: checking netinet/in.h usability
configure:13257: gcc -std=gnu99 -c -g -O2 -fstack-protector --param=ssp-buffer-size=4 -Wformat -Werror=format-security -D_FORTIFY_SOURCE=2 conftest.c >&5
configure:13257: $? = 0
configure:13257: result: yes
configure:13257: checking netinet/in.h presence
configure:13257: gcc -std=gnu99 -E -D_FORTIFY_SOURCE=2 conftest.c
configure:13257: $? = 0
configure:13257: result: yes
configure:13257: checking for netinet/in.h
configure:13257: result: yes
configure:13257: checking rpcsvc/nfs_prot.h usability
configure:13257: gcc -std=gnu99 -c -g -O2 -fstack-protector --param=ssp-buffer-size=4 -Wformat -Werror=format-security -D_FORTIFY_SOURCE=2 conftest.c >&5
configure:13257: $? = 0
configure:13257: result: yes
configure:13257: checking rpcsvc/nfs_prot.h presence
configure:13257: gcc -std=gnu99 -E -D_FORTIFY_SOURCE=2 conftest.c
configure:13257: $? = 0
configure:13257: result: yes
configure:13257: checking for rpcsvc/nfs_prot.h
configure:13257: result: yes
configure:13257: checking for stdlib.h
configure:13257: result: yes
configure:13257: checking asm/io.h usability
configure:13257: gcc -std=gnu99 -c -g -O2 -fstack-protector --param=ssp-buffer-size=4 -Wformat -Werror=format-security -D_FORTIFY_SOURCE=2 conftest.c >&5

## ---------------- ##
## Cache variables. ##
## ---------------- ##

ac_cv_build=x86_64-unknown-linux-gnu
ac_cv_c_bigendian=no
ac_cv_c_compiler_gnu=yes
ac_cv_c_const=yes
ac_cv_c_volatile=yes
ac_cv_env_CC_set=
ac_cv_env_CC_value=
ac_cv_env_CFLAGS_set=set
ac_cv_env_CFLAGS_value='-g -O2 -fstack-protector --param=ssp-buffer-size=4 -Wformat -Werror=format-security'
ac_cv_env_CPPFLAGS_set=set
ac_cv_env_CPPFLAGS_value=-D_FORTIFY_SOURCE=2
ac_cv_env_CPP_set=
ac_cv_env_CPP_value=
ac_cv_env_LDFLAGS_set=set
ac_cv_env_LDFLAGS_value=-Wl,-z,relro
ac_cv_env_LIBS_set=
ac_cv_env_LIBS_value=
ac_cv_env_PKG_CONFIG_LIBDIR_set=
ac_cv_env_PKG_CONFIG_LIBDIR_value=
ac_cv_env_PKG_CONFIG_PATH_set=
ac_cv_env_PKG_CONFIG_PATH_value=
ac_cv_env_PKG_CONFIG_set=
ac_cv_env_PKG_CONFIG_value=
ac_cv_env_SUID_CFLAGS_set=
ac_cv_env_SUID_CFLAGS_value=
ac_cv_env_SUID_LDFLAGS_set=
ac_cv_env_SUID_LDFLAGS_value=
ac_cv_env_build_alias_set=
ac_cv_env_build_alias_value=
ac_cv_env_host_alias_set=
ac_cv_env_host_alias_value=
ac_cv_env_target_alias_set=
ac_cv_env_target_alias_value=
ac_cv_header_dlfcn_h=yes
ac_cv_header_err_h=yes
ac_cv_header_errno_h=yes
ac_cv_header_fcntl_h=yes
ac_cv_header_getopt_h=yes
ac_cv_header_inttypes_h=yes
ac_cv_header_linux_blkpg_h=yes
ac_cv_header_linux_cdrom_h=yes
ac_cv_header_linux_compiler_h=no
ac_cv_header_linux_falloc_h=yes
ac_cv_header_linux_fd_h=yes
ac_cv_header_linux_major_h=yes
ac_cv_header_linux_tiocl_h=yes
ac_cv_header_linux_version_h=yes
ac_cv_header_locale_h=yes
ac_cv_header_memory_h=yes
ac_cv_header_minix_config_h=no
ac_cv_header_mntent_h=yes
ac_cv_header_net_if_dl_h=no
ac_cv_header_net_if_h=yes
ac_cv_header_netinet_in_h=yes
ac_cv_header_paths_h=yes
ac_cv_header_pty_h=yes
ac_cv_header_rpcsvc_nfs_prot_h=yes
ac_cv_header_stdc=yes
ac_cv_header_stdint_h=yes
ac_cv_header_stdlib_h=yes
ac_cv_header_string_h=yes
ac_cv_header_strings_h=yes
ac_cv_header_sys_stat_h=yes
ac_cv_header_sys_types_h=yes
ac_cv_header_unistd_h=yes
ac_cv_host=x86_64-unknown-linux-gnu
ac_cv_objext=o
ac_cv_path_EGREP='/bin/grep -E'
ac_cv_path_FGREP='/bin/grep -F'
ac_cv_path_GREP=/bin/grep
ac_cv_path_GTKDOC_CHECK=/usr/bin/gtkdoc-check
ac_cv_path_PERL=/usr/bin/perl
ac_cv_path_SED=/bin/sed
ac_cv_path_XSLTPROC=/usr/bin/xsltproc
ac_cv_path_ac_pt_PKG_CONFIG=/usr/bin/pkg-config
ac_cv_path_install='/usr/bin/install -c'
ac_cv_path_mkdir=/bin/mkdir
ac_cv_prog_AWK=gawk
ac_cv_prog_CPP='gcc -std=gnu99 -E'
ac_cv_prog_ac_ct_AR=ar
ac_cv_prog_ac_ct_CC=gcc
ac_cv_prog_ac_ct_MANIFEST_TOOL=mt
ac_cv_prog_ac_ct_OBJDUMP=objdump
ac_cv_prog_ac_ct_RANLIB=ranlib
ac_cv_prog_ac_ct_STRIP=strip
ac_cv_prog_cc_c89=
ac_cv_prog_cc_c99=-std=gnu99
ac_cv_prog_cc_g=yes
ac_cv_prog_cc_gcc_c_o=yes
ac_cv_prog_cc_stdc=-std=gnu99
ac_cv_prog_make_make_set=yes
ac_cv_safe_to_define___extensions__=yes
ac_cv_sys_file_offset_bits=no
ac_cv_sys_largefile_CC=no
am_cv_CC_dependencies_compiler_type=gcc3
am_cv_make_support_nested_variables=yes
lt_cv_ar_at_file=@
lt_cv_archive_cmds_need_lc=no
lt_cv_deplibs_check_method=pass_all
lt_cv_file_magic_cmd='$MAGIC_CMD'
lt_cv_file_magic_test_file=
lt_cv_ld_reload_flag=-r
lt_cv_nm_interface='BSD nm'
lt_cv_objdir=.libs
lt_cv_path_LD=/usr/bin/ld
lt_cv_path_NM='/usr/bin/nm -B'
lt_cv_path_mainfest_tool=no
lt_cv_prog_compiler_c_o=yes
lt_cv_prog_compiler_pic='-fPIC -DPIC'
lt_cv_prog_compiler_pic_works=yes
lt_cv_prog_compiler_rtti_exceptions=no
lt_cv_prog_compiler_static_works=yes
lt_cv_prog_gnu_ld=yes
lt_cv_sharedlib_from_linklib_cmd='printf %s\n'
lt_cv_shlibpath_overrides_runpath=no
lt_cv_sys_global_symbol_pipe='sed -n -e '\''s/^.*[	 ]\([ABCDGIRSTW][ABCDGIRSTW]*\)[	 ][	 ]*\([_A-Za-z][_A-Za-z0-9]*\)$/\1 \2 \2/p'\'' | sed '\''/ __gnu_lto/d'\'''
lt_cv_sys_global_symbol_to_c_name_address='sed -n -e '\''s/^: \([^ ]*\)[ ]*$/  {\"\1\", (void *) 0},/p'\'' -e '\''s/^[ABCDGIRSTW]* \([^ ]*\) \([^ ]*\)$/  {"\2", (void *) \&\2},/p'\'''
lt_cv_sys_global_symbol_to_c_name_address_lib_prefix='sed -n -e '\''s/^: \([^ ]*\)[ ]*$/  {\"\1\", (void *) 0},/p'\'' -e '\''s/^[ABCDGIRSTW]* \([^ ]*\) \(lib[^ ]*\)$/  {"\2", (void *) \&\2},/p'\'' -e '\''s/^[ABCDGIRSTW]* \([^ ]*\) \([^ ]*\)$/  {"lib\2", (void *) \&\2},/p'\'''
lt_cv_sys_global_symbol_to_cdecl='sed -n -e '\''s/^T .* \(.*\)$/extern int \1();/p'\'' -e '\''s/^[ABCDGIRSTW]* .* \(.*\)$/extern char \1;/p'\'''
lt_cv_sys_max_cmd_len=3458764513820540925
lt_cv_to_host_file_cmd=func_convert_file_noop
lt_cv_to_tool_file_cmd=func_convert_file_noop

## ----------------- ##
## Output variables. ##
## ----------------- ##

ACLOCAL='${SHELL} /usr/src/u/util-linux/tmp/util-linux-2.20.1/config/missing --run aclocal-1.11'
AMDEPBACKSLASH='\'
AMDEP_FALSE='#'
AMDEP_TRUE=''
AMTAR='$${TAR-tar}'
AM_BACKSLASH='\'
AM_DEFAULT_V='$(AM_DEFAULT_VERBOSITY)'
AM_DEFAULT_VERBOSITY='0'
AM_V='$(V)'
AR='ar'
ARCH_86_64_FALSE=''
ARCH_86_64_TRUE=''
ARCH_HPPA_FALSE=''
ARCH_HPPA_TRUE=''
ARCH_I86_FALSE=''
ARCH_I86_TRUE=''
ARCH_IA64_FALSE=''
ARCH_IA64_TRUE=''
ARCH_M68K_FALSE=''
ARCH_M68K_TRUE=''
ARCH_MIPS_FALSE=''
ARCH_MIPS_TRUE=''
ARCH_PPC_FALSE=''
ARCH_PPC_TRUE=''
ARCH_S390_FALSE=''
ARCH_S390_TRUE=''
ARCH_SPARC_FALSE=''
ARCH_SPARC_TRUE=''
AUTOCONF='${SHELL} /usr/src/u/util-linux/tmp/util-linux-2.20.1/config/missing --run autoconf'
AUTOHEADER='${SHELL} /usr/src/u/util-linux/tmp/util-linux-2.20.1/config/missing --run autoheader'
AUTOMAKE='${SHELL} /usr/src/u/util-linux/tmp/util-linux-2.20.1/config/missing --run automake-1.11'
AWK='gawk'
BUILD_AGETTY_FALSE=''
BUILD_AGETTY_TRUE=''
BUILD_ARCH_FALSE=''
BUILD_ARCH_TRUE=''
BUILD_CRAMFS_FALSE=''
BUILD_CRAMFS_TRUE=''
BUILD_DDATE_FALSE=''
BUILD_DDATE_TRUE=''
BUILD_ELVTUNE_FALSE=''
BUILD_ELVTUNE_TRUE=''
BUILD_FALLOCATE_FALSE=''
BUILD_FALLOCATE_TRUE=''
BUILD_FSCK_FALSE=''
BUILD_FSCK_TRUE=''
BUILD_HWCLOCK_FALSE=''
BUILD_HWCLOCK_TRUE=''
BUILD_KILL_FALSE=''
BUILD_KILL_TRUE=''
BUILD_LAST_FALSE=''
BUILD_LAST_TRUE=''
BUILD_LIBBLKID_FALSE=''
BUILD_LIBBLKID_TRUE=''
BUILD_LIBMOUNT_FALSE=''
BUILD_LIBMOUNT_MOUNT_FALSE=''
BUILD_LIBMOUNT_MOUNT_TRUE=''
BUILD_LIBMOUNT_TRUE=''
BUILD_LIBUUID_FALSE=''
BUILD_LIBUUID_TRUE=''
BUILD_LINE_FALSE=''
BUILD_LINE_TRUE=''
BUILD_LOGIN_UTILS_FALSE=''
BUILD_LOGIN_UTILS_TRUE=''
BUILD_LSBLK_FALSE=''
BUILD_LSBLK_TRUE=''
BUILD_MESG_FALSE=''
BUILD_MESG_TRUE=''
BUILD_MOUNTPOINT_FALSE=''
BUILD_MOUNTPOINT_TRUE=''
BUILD_MOUNT_FALSE=''
BUILD_MOUNT_TRUE=''
BUILD_PARTX_FALSE=''
BUILD_PARTX_TRUE=''
BUILD_PIVOT_ROOT_FALSE=''
BUILD_PIVOT_ROOT_TRUE=''
BUILD_RAW_FALSE=''
BUILD_RAW_TRUE=''
BUILD_RENAME_FALSE=''
BUILD_RENAME_TRUE=''
BUILD_RESET_FALSE=''
BUILD_RESET_TRUE=''
BUILD_SCHEDUTILS_FALSE=''
BUILD_SCHEDUTILS_TRUE=''
BUILD_SWITCH_ROOT_FALSE=''
BUILD_SWITCH_ROOT_TRUE=''
BUILD_UNSHARE_FALSE=''
BUILD_UNSHARE_TRUE=''
BUILD_UUIDD_FALSE=''
BUILD_UUIDD_TRUE=''
BUILD_WALL_FALSE=''
BUILD_WALL_TRUE=''
BUILD_WRITE_FALSE=''
BUILD_WRITE_TRUE=''
CC='gcc -std=gnu99'
CCDEPMODE='depmode=gcc3'
CFLAGS='-g -O2 -fstack-protector --param=ssp-buffer-size=4 -Wformat -Werror=format-security'
CPP='gcc -std=gnu99 -E'
CPPFLAGS='-D_FORTIFY_SOURCE=2'
CYGPATH_W='echo'
DEFS=''
DEPDIR='.deps'
DLLTOOL='false'
DSYMUTIL=''
DUMPBIN=''
ECHO_C=''
ECHO_N='-n'
ECHO_T=''
EGREP='/bin/grep -E'
ENABLE_GTK_DOC_FALSE=''
ENABLE_GTK_DOC_TRUE='#'
EXEEXT=''
FGREP='/bin/grep -F'
GMSGFMT=''
GREP='/bin/grep'
GTKDOC_CHECK='/usr/bin/gtkdoc-check'
GTK_DOC_USE_LIBTOOL_FALSE='#'
GTK_DOC_USE_LIBTOOL_TRUE=''
HAVE_AUDIT_FALSE=''
HAVE_AUDIT_TRUE=''
HAVE_CPU_SET_T_FALSE=''
HAVE_CPU_SET_T_TRUE=''
HAVE_FALLOCATE_FALSE=''
HAVE_FALLOCATE_TRUE=''
HAVE_IOPRIO_GET_FALSE=''
HAVE_IOPRIO_GET_TRUE=''
HAVE_IOPRIO_SET_FALSE=''
HAVE_IOPRIO_SET_TRUE=''
HAVE_LANGINFO_FALSE=''
HAVE_LANGINFO_TRUE=''
HAVE_NCURSES_FALSE=''
HAVE_NCURSES_TRUE=''
HAVE_PAM_FALSE=''
HAVE_PAM_TRUE=''
HAVE_PIVOT_ROOT_FALSE=''
HAVE_PIVOT_ROOT_TRUE=''
HAVE_RAW_FALSE=''
HAVE_RAW_TRUE=''
HAVE_SCHED_GETAFFINITY_FALSE=''
HAVE_SCHED_GETAFFINITY_TRUE=''
HAVE_SELINUX_FALSE=''
HAVE_SELINUX_TRUE=''
HAVE_STATIC_BLKID_FALSE=''
HAVE_STATIC_BLKID_TRUE=''
HAVE_STATIC_FDISK_FALSE=''
HAVE_STATIC_FDISK_TRUE=''
HAVE_STATIC_LOSETUP_FALSE=''
HAVE_STATIC_LOSETUP_TRUE=''
HAVE_STATIC_MOUNT_FALSE=''
HAVE_STATIC_MOUNT_TRUE=''
HAVE_STATIC_SFDISK_FALSE=''
HAVE_STATIC_SFDISK_TRUE=''
HAVE_STATIC_UMOUNT_FALSE=''
HAVE_STATIC_UMOUNT_TRUE=''
HAVE_TERMCAP_FALSE=''
HAVE_TERMCAP_TRUE=''
HAVE_TINFO_FALSE=''
HAVE_TINFO_TRUE=''
HAVE_UNSHARE_FALSE=''
HAVE_UNSHARE_TRUE=''
HAVE_UTEMPTER_FALSE=''
HAVE_UTEMPTER_TRUE=''
HAVE_UTIL_FALSE=''
HAVE_UTIL_TRUE=''
HTML_DIR='${datadir}/gtk-doc/html'
INSTALL_DATA='${INSTALL} -m 644'
INSTALL_PROGRAM='${INSTALL}'
INSTALL_SCRIPT='${INSTALL}'
INSTALL_STRIP_PROGRAM='$(install_sh) -c -s'
INTLLIBS=''
LD='/usr/bin/ld -m elf_x86_64'
LDFLAGS='-Wl,-z,relro'
LIBBLKID_DATE='19-Oct-2011'
LIBBLKID_VERSION='2.20.0'
LIBBLKID_VERSION_INFO='2:0:1'
LIBICONV=''
LIBINTL=''
LIBMOUNT_VERSION='2.20.0'
LIBMOUNT_VERSION_INFO='2:0:1'
LIBOBJS=''
LIBS=''
LIBTOOL='$(SHELL) $(top_builddir)/libtool'
LIBUUID_VERSION='2.20.0'
LIBUUID_VERSION_INFO='4:0:3'
LINUX_FALSE='#'
LINUX_TRUE=''
LIPO=''
LN_S='ln -s'
LTLIBICONV=''
LTLIBINTL=''
LTLIBOBJS=''
MAKEINFO='${SHELL} /usr/src/u/util-linux/tmp/util-linux-2.20.1/config/missing --run makeinfo'
MAKEINSTALL_DO_CHOWN_FALSE=''
MAKEINSTALL_DO_CHOWN_TRUE=''
MAKEINSTALL_DO_SETUID_FALSE=''
MAKEINSTALL_DO_SETUID_TRUE=''
MANIFEST_TOOL=':'
MKDIR_P='/bin/mkdir -p'
MKINSTALLDIRS=''
MSGFMT=''
MSGMERGE=''
NCURSES_LIBS=''
NEED_LIBCRYPT_FALSE=''
NEED_LIBCRYPT_TRUE=''
NM='/usr/bin/nm -B'
NMEDIT=''
OBJDUMP='objdump'
OBJEXT='o'
OTOOL64=''
OTOOL=''
PACKAGE='util-linux'
PACKAGE_BUGREPORT='kzak@redhat.com'
PACKAGE_NAME='util-linux'
PACKAGE_STRING='util-linux 2.20.1'
PACKAGE_TARNAME='util-linux'
PACKAGE_URL=''
PACKAGE_VERSION='2.20.1'
PATH_SEPARATOR=':'
PERL='/usr/bin/perl'
PKG_CONFIG='/usr/bin/pkg-config'
PKG_CONFIG_LIBDIR=''
PKG_CONFIG_PATH=''
POSUB=''
RANLIB='ranlib'
SED='/bin/sed'
SELINUX_LIBS=''
SELINUX_LIBS_STATIC=''
SET_MAKE=''
SHELL='/bin/bash'
SOCKET_LIBS=''
STRIP='strip'
SUID_CFLAGS=''
SUID_LDFLAGS=''
USE_NLS=''
USE_SLANG_FALSE=''
USE_SLANG_TRUE=''
USE_TTY_GROUP_FALSE=''
USE_TTY_GROUP_TRUE=''
VERSION='2.20.1'
XGETTEXT=''
XSLTPROC='/usr/bin/xsltproc'
ac_ct_AR='ar'
ac_ct_CC='gcc'
ac_ct_DUMPBIN=''
am__EXEEXT_FALSE=''
am__EXEEXT_TRUE=''
am__fastdepCC_FALSE='#'
am__fastdepCC_TRUE=''
am__include='include'
am__isrc=''
am__leading_dot='.'
am__nodep='_no'
am__quote=''
am__tar='$${TAR-tar} chof - "$$tardir"'
am__untar='$${TAR-tar} xf -'
bindir='/bin'
build='x86_64-unknown-linux-gnu'
build_alias=''
build_cpu='x86_64'
build_os='linux-gnu'
build_vendor='unknown'
datadir='${datarootdir}'
datarootdir='${prefix}/share'
docdir='${datarootdir}/doc/${PACKAGE_TARNAME}'
dvidir='${docdir}'
exec_prefix='NONE'
host='x86_64-unknown-linux-gnu'
host_alias=''
host_cpu='x86_64'
host_os='linux-gnu'
host_vendor='unknown'
htmldir='${docdir}'
includedir='${prefix}/include'
infodir='${datarootdir}/info'
install_sh='${SHELL} /usr/src/u/util-linux/tmp/util-linux-2.20.1/config/install-sh'
libdir='/lib/x86_64-linux-gnu'
libexecdir='${prefix}/lib/x86_64-linux-gnu'
localedir='${datarootdir}/locale'
localstatedir='${prefix}/var'
mandir='${datarootdir}/man'
mkdir_p='/bin/mkdir -p'
oldincludedir='/usr/include'
pdfdir='${docdir}'
prefix='NONE'
program_transform_name='s,x,x,'
psdir='${docdir}'
sbindir='/sbin'
sharedstatedir='${prefix}/com'
sysconfdir='${prefix}/etc'
target_alias=''
usrbin_execdir='${exec_prefix}/bin'
usrlib_execdir='${libexecdir}'
usrsbin_execdir='${exec_prefix}/sbin'

## ----------- ##
## confdefs.h. ##
## ----------- ##

/* confdefs.h */
#define PACKAGE_NAME "util-linux"
#define PACKAGE_TARNAME "util-linux"
#define PACKAGE_VERSION "2.20.1"
#define PACKAGE_STRING "util-linux 2.20.1"
#define PACKAGE_BUGREPORT "kzak@redhat.com"
#define PACKAGE_URL ""
#define PACKAGE "util-linux"
#define VERSION "2.20.1"
#define STDC_HEADERS 1
#define HAVE_SYS_TYPES_H 1
#define HAVE_SYS_STAT_H 1
#define HAVE_STDLIB_H 1
#define HAVE_STRING_H 1
#define HAVE_MEMORY_H 1
#define HAVE_STRINGS_H 1
#define HAVE_INTTYPES_H 1
#define HAVE_STDINT_H 1
#define HAVE_UNISTD_H 1
#define __EXTENSIONS__ 1
#define _ALL_SOURCE 1
#define _GNU_SOURCE 1
#define _POSIX_PTHREAD_SEMANTICS 1
#define _TANDEM_SOURCE 1
#define HAVE_DLFCN_H 1
#define LT_OBJDIR ".libs/"
#define HAVE_LINUX_BLKPG_H 1
#define HAVE_LINUX_MAJOR_H 1
#define HAVE_ERR_H 1
#define HAVE_ERRNO_H 1
#define HAVE_GETOPT_H 1
#define HAVE_LINUX_FD_H 1
#define HAVE_LINUX_TIOCL_H 1
#define HAVE_LINUX_VERSION_H 1
#define HAVE_LINUX_FALLOC_H 1
#define HAVE_LINUX_CDROM_H 1
#define HAVE_FCNTL_H 1
#define HAVE_LOCALE_H 1
#define HAVE_STDINT_H 1
#define HAVE_INTTYPES_H 1
#define HAVE_PATHS_H 1
#define HAVE_PTY_H 1
#define HAVE_MNTENT_H 1
#define HAVE_NET_IF_H 1
#define HAVE_NETINET_IN_H 1
#define HAVE_RPCSVC_NFS_PROT_H 1
#define HAVE_STDLIB_H 1

configure: caught signal 2
configure: exit 1
