This file contains any messages produced by compilers while
running configure, to aid debugging if configure makes a mistake.

configure:538: checking for gcc
configure:651: checking whether the C compiler (gcc  ) works
configure:667: gcc -o conftest    conftest.c  1>&5
configure:693: checking whether the C compiler (gcc  ) is a cross-compiler
configure:698: checking whether we are using GNU C
configure:726: checking whether gcc accepts -g
configure:788: checking for a BSD compatible install
configure:843: checking whether gcc and cc understand -c and -o together
configure:901: checking that the C compiler understands volatile
configure:935: checking whether build environment is sane
configure:992: checking whether make sets ${MAKE}
configure:1038: checking for working aclocal
configure:1051: checking for working autoconf
configure:1064: checking for working automake
configure:1077: checking for working autoheader
configure:1090: checking for working makeinfo
configure:1105: checking for inline
configure:1145: checking how to run the C preprocessor
configure:1225: checking for ANSI C header files
configure:1329: checking whether time.h and sys/time.h may both be included
configure:1364: checking for sys/wait.h that is POSIX.1 compatible
configure:1409: checking for arpa/inet.h
configure:1409: checking for sys/fcntl.h
configure:1409: checking for sys/select.h
configure:1409: checking for fcntl.h
configure:1449: checking for sys/time.h
configure:1449: checking for sys/unistd.h
configure:1489: checking for unistd.h
configure:1489: checking for utime.h
configure:1489: checking for net/if.h
configure:1529: checking for compat.h
configure:1569: checking for sys/param.h
configure:1569: checking for ctype.h
configure:1569: checking for sys/un.h
configure:1569: checking for sys/wait.h
configure:1609: checking for sys/resource.h
configure:1609: checking for sys/ioctl.h
configure:1609: checking for sys/mode.h
configure:1649: checking for string.h
configure:1649: checking for strings.h
configure:1649: checking for stdlib.h
configure:1649: checking for sys/socket.h
configure:1689: checking for stdarg.h
configure:1689: checking for sys/sockio.h
configure:1762: checking for netinet/ip.h
configure:1762: checking for netinet/tcp.h
configure:1762: checking for netinet/in_systm.h
configure:1762: checking for netinet/in_ip.h
configure:1802: checking for stropts.h
configure:1840: checking size of char
configure:1880: checking size of int
configure:1920: checking size of long
configure:1960: checking size of short
configure:2001: checking for working const
configure:2076: checking for inline
configure:2116: checking whether byte ordering is bigendian
configure:2206: checking whether char is unsigned
configure:2270: checking return type of signal handlers
configure:2311: checking for uid_t in sys/types.h
configure:2345: checking for mode_t
configure:2378: checking for off_t
configure:2411: checking for size_t
configure:2444: checking for pid_t
configure:2477: checking for st_rdev in struct stat
configure:2511: checking for offset_t
configure:2544: checking for ssize_t
configure:2578: checking for 8-bit clean memcmp
configure:2623: checking for connect
configure:2890: checking for waitpid
configure:2890: checking for getcwd
configure:2890: checking for strdup
configure:2890: checking for strtoul
configure:2890: checking for strerror
configure:2890: checking for chroot
configure:2945: checking for strchr
configure:2945: checking for utime
configure:2945: checking for utimes
configure:2945: checking for bzero
configure:2945: checking for memset
configure:3000: checking for memmove
configure:3000: checking for vsnprintf
configure:3000: checking for snprintf
configure:3000: checking for asprintf
configure:3000: checking for vasprintf
configure:3000: checking for setsid
configure:3000: checking for strpbrk
configure:3000: checking for pipe
configure:3055: checking for strftime
configure:3055: checking for sigprocmask
configure:3055: checking for sigblock
configure:3055: checking for sigaction
configure:3110: checking for select
configure:3110: checking for poll
configure:3165: checking for srandom
configure:3165: checking for random
configure:3165: checking for srand
configure:3165: checking for rand
configure:3165: checking for setenv
configure:3165: checking for usleep
configure:3221: checking for _close
configure:3221: checking for __close
configure:3276: checking for _read
configure:3276: checking for __read
configure:3331: checking for _write
configure:3331: checking for __write
configure:3331: checking for _fork
configure:3331: checking for __fork
configure:3385: checking for unsigned char
configure:3422: checking for __FUNCTION__ macro
configure:3456: checking if gettimeofday takes tz argument
configure:3495: checking for C99 vsnprintf
configure:3549: checking for broken inet_ntoa
configure:3598: checking for iface AIX
configure:3639: checking for iface ifconf
configure:3681: checking for iface ifreq
configure:3726: checking whether to use syslog logging
configure:3751: checking whether to use profiling
