BUILD: Computing Include file dependencies:
BUILD: Examining c:\development\openvpn-2.0.9\tap-win32 directory for files to compile.
before AssemblyIdentity_AfterReadAllSources
after AssemblyIdentity_AfterReadAllSources
skipping post pass 0 command
Compiling and Linking c:\development\openvpn-2.0.9\tap-win32 *************
'nmake.exe /nologo BUILDMSG=Stop. -i BUILD_PASS=PASS2 LINKONLY=1 NOPASS0=1 MAKEDIR_RELATIVE_TO_BASEDIR= MAKEDIR_LOWERCASE=c:\development\openvpn-2.0.9\tap-win32'
c:\development\openvpn-2.0.9\tap-win32: TARGETPATH is .
BUILDMSG: error BLD1007 : BROWSER_INFO defined in sources file - this is a user environment setting (c:\development\openvpn-2.0.9\tap-win32)
    rc -l 409 -DSXS_PROCESSOR_ARCHITECTURE="""x86"""  -DSXS_TARGET="""leafnets.sys"""   -DSYSTEM_COMPATIBLE_ASSEMBLY_NAME="""Microsoft.Windows.SystemCompatible"""  -DLSYSTEM_COMPATIBLE_ASSEMBLY_NAME=L"""Microsoft.Windows.SystemCompatible"""   -DSXS_ASSEMBLY_VERSION=""""""  /r /fo objchk_wlh_x86\i386\resource.res /D_X86_=1 /Di386=1  /DSTD_CALL /DCONDITION_HANDLING=1   /DNT_INST=0 /DWIN32=100 /D_NT1X_=100 /DWINNT=1 /D_WIN32_WINNT=0x0600 /DWINVER=0x0600 /D_WIN32_IE=0x0700    /DWIN32_LEAN_AND_MEAN=1 /DDEVL=1 /DDBG=1 /D__BUILDMACHINE__=WinDDK /DFPO=0   /D_DLL=1 /DNDEBUG  -DTAP_DRIVER_MAJOR_VERSION=8 -DTAP_DRIVER_MINOR_VERSION=4 /DDEPRECATE_DDK_FUNCTIONS=1 /DMSC_NOOPT /DNTDDI_VERSION=0x06000000   /Ic:\development\openvpn-2.0.9\tap-win32\objchk_wlh_x86\i386 /IC:\WinDDK\6000\inc\api /IC:\WinDDK\6000\inc\api /IC:\WinDDK\6000\inc\ddk /IC:\WinDDK\6000\inc\ddk /IC:\WinDDK\6000\inc\crt .\resource.rc
Microsoft (R) Windows (R) Resource Compiler Version 6.0.5724.0
Copyright (C) Microsoft Corporation.  All rights reserved.

.\resource.rc(36) : warning RC4005: 'VER_COMPANYNAME_STR' : redefinition
warnings in directory c:\development\openvpn-2.0.9\tap-win32
c:\development\openvpn-2.0.9\tap-win32\.\resource.rc(36) : warning RC4005: 'VER_COMPANYNAME_STR' : redefinition
.\resource.rc(44) : warning RC4005: 'VER_PRODUCTNAME_STR' : redefinition
c:\development\openvpn-2.0.9\tap-win32\.\resource.rc(44) : warning RC4005: 'VER_PRODUCTNAME_STR' : redefinition
.\resource.rc(45) : warning RC4005: 'VER_PRODUCTVERSION' : redefinition
c:\development\openvpn-2.0.9\tap-win32\.\resource.rc(45) : warning RC4005: 'VER_PRODUCTVERSION' : redefinition
.\resource.rc(53) : warning RC4005: 'VER_PRODUCTVERSION_STR' : redefinition
c:\development\openvpn-2.0.9\tap-win32\.\resource.rc(53) : warning RC4005: 'VER_PRODUCTVERSION_STR' : redefinition
	cl.exe @c:\development\openvpn-2.0.9\tap-win32\objchk_wlh_x86\i386\cl.rsp
Microsoft (R) 32-bit C/C++ Optimizing Compiler Version 14.00.50727.220 for 80x86
Copyright (C) Microsoft Corporation.  All rights reserved.

cl /Fo"c:\development\openvpn-2.0.9\tap-win32\objchk_wlh_x86\i386/"
   /FC
   
   
   /Ii386
   /I.
   /Ic:\development\openvpn-2.0.9\tap-win32\objchk_wlh_x86\i386
   /IC:\WinDDK\6000\inc\api
   /IC:\WinDDK\6000\inc\api
   /IC:\WinDDK\6000\inc\ddk
   /IC:\WinDDK\6000\inc\ddk
   /IC:\WinDDK\6000\inc\crt
   /D_X86_=1
   /Di386=1
   
   /DSTD_CALL
   /DCONDITION_HANDLING=1
   
   
   /DNT_INST=0
   /DWIN32=100
   /D_NT1X_=100
   /DWINNT=1
   /D_WIN32_WINNT=0x0600
   /DWINVER=0x0600
   /D_WIN32_IE=0x0700
   
   
   
   /DWIN32_LEAN_AND_MEAN=1
   /DDEVL=1
   /DDBG=1
   /D__BUILDMACHINE__=WinDDK
   /DFPO=0
   
   
   /D_DLL=1
   /DNDEBUG
   
   -DTAP_DRIVER_MAJOR_VERSION=8
   -DTAP_DRIVER_MINOR_VERSION=4
   /DDEPRECATE_DDK_FUNCTIONS=1
   /DMSC_NOOPT
   /DNTDDI_VERSION=0x06000000
   
   
   
   
   /c
   /Zc:wchar_t-
   /Zl
   /Zp8
   /Gy
   /Gm-
   -cbstring
   /W3
   /WX
   
   /Gz
   
   
   /hotpatch
   /EHs-c-
   
   /GR-
   /GF
   /GS
   /Z7
   /Od
   /Oi
   /Fc
cl : Command line warning D9035 : option 'Fc' has been deprecated and will be removed in a future release
c:\development\openvpn-2.0.9\tap-win32\cl : warning D9035 : option 'Fc' has been deprecated and will be removed in a future release
cl : Command line warning D9036 : use 'FAsc' instead of 'Fc'
c:\development\openvpn-2.0.9\tap-win32\cl : warning D9036 : use 'FAsc' instead of 'Fc'
   
   /Oy-
   /Z7
   /FRc:\development\openvpn-2.0.9\tap-win32\objchk_wlh_x86\i386\
   
   
   -DKMDF_MAJOR_VERSION=01
   -DKMDF_MINOR_VERSION=005
   /FIC:\WinDDK\6000\inc\api\warning.h
   
   
   .\tapdrvr.c 

tapdrvr.c
c:\development\openvpn-2.0.9\tap-win32\tapdrvr.c(423) : error C2039: 'MiniportName' : is not a member of '_NDIS_MINIPORT_BLOCK'
errors in directory c:\development\openvpn-2.0.9\tap-win32
c:\development\openvpn-2.0.9\tap-win32\tapdrvr.c(423) : error C2039: 'MiniportName' : is not a member of '_NDIS_MINIPORT_BLOCK'
        c:\winddk\6000\inc\ddk\ndis.h(7680) : see declaration of '_NDIS_MINIPORT_BLOCK'
c:\development\openvpn-2.0.9\tap-win32\tapdrvr.c(424) : warning C4047: 'function' : 'PCUNICODE_STRING' differs in levels of indirection from 'int'
c:\development\openvpn-2.0.9\tap-win32\tapdrvr.c(424) : warning C4047: 'function' : 'PCUNICODE_STRING' differs in levels of indirection from 'int'
c:\development\openvpn-2.0.9\tap-win32\tapdrvr.c(424) : warning C4024: 'RtlUnicodeStringToAnsiString' : different types for formal and actual parameter 2
c:\development\openvpn-2.0.9\tap-win32\tapdrvr.c(424) : warning C4024: 'RtlUnicodeStringToAnsiString' : different types for formal and actual parameter 2
c:\development\openvpn-2.0.9\tap-win32\tapdrvr.c(424) : error C2198: 'RtlUnicodeStringToAnsiString' : too few arguments for call
c:\development\openvpn-2.0.9\tap-win32\tapdrvr.c(424) : error C2198: 'RtlUnicodeStringToAnsiString' : too few arguments for call
c:\development\openvpn-2.0.9\tap-win32\tapdrvr.c(1445) : warning C4995: 'MmGetSystemAddressForMdl': name was marked as #pragma deprecated
c:\development\openvpn-2.0.9\tap-win32\tapdrvr.c(1445) : warning C4995: 'MmGetSystemAddressForMdl': name was marked as #pragma deprecated
	link.exe /out:.\i386\leafnets.sys /machine:ix86 @C:\DOCUME~1\Jeff\LOCALS~1\Temp\nm2EB.tmp
Microsoft (R) Incremental Linker Version 8.00.50727.220
Copyright (C) Microsoft Corporation.  All rights reserved.

/MAP 
/MAPINFO:EXPORTS 
/MAPINFO:LINES 
/MERGE:_PAGE=PAGE 
/MERGE:_TEXT=.text 
/SECTION:INIT,d 
/OPT:REF 
/OPT:ICF 
/IGNORE:4198,4010,4037,4039,4065,4070,4078,4087,4089,4221 
/INCREMENTAL:NO 
/FULLBUILD 
/release 
/NODEFAULTLIB 
/WX 
/debug 
/debugtype:cv 
/version:6.0 
/osversion:6.0 
/functionpadmin:5 
/safeseh 
/debug 
/debugtype:cv,fixup 
/pdbcompress 
/STACK:0x40000,0x1000 
/driver 
/base:0x10000 
/subsystem:native,6.00 
/entry:GsDriverEntry@8 
/out:.\i386\leafnets.sys 
objchk_wlh_x86\i386\resource.res 
objchk_wlh_x86\i386\tapdrvr.obj 
C:\WinDDK\6000\lib\wlh\i386\BufferOverflowK.lib 
C:\WinDDK\6000\lib\wlh\i386\ntoskrnl.lib 
C:\WinDDK\6000\lib\wlh\i386\hal.lib 
C:\WinDDK\6000\lib\wlh\i386\wmilib.lib 
C:\WinDDK\6000\lib\wlh\i386\ndis.lib 
C:\WinDDK\6000\lib\wlh\i386\ntstrsafe.lib 
LINK : warning LNK4224: /MAPINFO:LINES is no longer supported;  ignored
link : warning LNK4224: /MAPINFO:LINES is no longer supported;  ignored
LINK : fatal error LNK1181: cannot open input file 'objchk_wlh_x86\i386\tapdrvr.obj'
link : error LNK1181: cannot open input file 'objchk_wlh_x86\i386\tapdrvr.obj'
