BUILD: Computing Include file dependencies:
BUILD: Examining c:\development\leafnets\engineering\software\client\windows\p2p\code\exsrc\tap-win32\openvpn-2.0.9\tap-win32 directory for files to compile.
Compiling c:\development\leafnets\engineering\software\client\windows\p2p\code\exsrc\tap-win32\openvpn-2.0.9\tap-win32 directory ********************
'nmake.exe /c BUILDMSG=Stop. -i NTTEST= UMTEST= NOLINK=1 NOPASS0=1 AMD64=1'
    rc -l 409 -DSXS_ASSEMBLY_NAME=""""""  -DSXS_ASSEMBLY_VERSION=""""""  -DSXS_ASSEMBLY_LANGUAGE=""""""  -DSXS_PROCESSOR_ARCHITECTURE="""AMD64"""  -DSXS_TARGET="""leafnets.sys"""   -DSYSTEM_COMPATIBLE_ASSEMBLY_NAME="""Microsoft.Windows.SystemCompatible"""  -DLSYSTEM_COMPATIBLE_ASSEMBLY_NAME=L"""Microsoft.Windows.SystemCompatible"""   -z "MS Sans Serif,Helv/MS Shell Dlg"  -r -fo objchk_wnet_AMD64\amd64\resource.res -D_WIN64 -D_AMD64_ -DAMD64   -DCONDITION_HANDLING=1   -DNT_INST=0 -DWIN32=100 -D_NT1X_=100 -DWINNT=1 -D_WIN32_WINNT=0x0502 /DWINVER=0x0502 -D_WIN32_IE=0x0600    -DWIN32_LEAN_AND_MEAN=1 -D_AMD64_SIMULATOR_PERF_ -D_SKIP_IF_SIMULATOR_ -D_AMD64_SIMULATOR_ -D_AMD64_WORKAROUND_ -DDEVL=1 -DDBG=1 -D__BUILDMACHINE__=WinDDK  -DNDEBUG -D_DLL=1  -DTAP_DRIVER_MAJOR_VERSION=8 -DTAP_DRIVER_MINOR_VERSION=4   -IC:\WINDDK\3790\inc\mfc42 -Iobjchk_wnet_AMD64\amd64 -IC:\WINDDK\3790\inc\wnet -IC:\WINDDK\3790\inc\wnet -IC:\WINDDK\3790\inc\ddk\wnet -IC:\WINDDK\3790\inc\ddk\wdm\wnet -IC:\WINDDK\3790\inc\crt .\resource.rc
.\resource.rc(36) : warning RC4005: 'VER_COMPANYNAME_STR' : redefinition
.\resource.rc(44) : warning RC4005: 'VER_PRODUCTNAME_STR' : redefinition
.\resource.rc(45) : warning RC4005: 'VER_PRODUCTVERSION' : redefinition
.\resource.rc(53) : warning RC4005: 'VER_PRODUCTVERSION_STR' : redefinition
cl -nologo -Iamd64\ -I. -IC:\WINDDK\3790\inc\mfc42 -Iobjchk_wnet_AMD64\amd64 -IC:\WINDDK\3790\inc\wnet -IC:\WINDDK\3790\inc\wnet -IC:\WINDDK\3790\inc\ddk\wnet -IC:\WINDDK\3790\inc\ddk\wdm\wnet -IC:\WINDDK\3790\inc\crt -D_WIN64 -D_AMD64_ -DAMD64   -DCONDITION_HANDLING=1   -DNT_INST=0 -DWIN32=100 -D_NT1X_=100 -DWINNT=1 -D_WIN32_WINNT=0x0502 /DWINVER=0x0502 -D_WIN32_IE=0x0600    -DWIN32_LEAN_AND_MEAN=1 -D_AMD64_SIMULATOR_PERF_ -D_SKIP_IF_SIMULATOR_ -D_AMD64_SIMULATOR_ -D_AMD64_WORKAROUND_ -DDEVL=1 -DDBG=1 -D__BUILDMACHINE__=WinDDK  -DNDEBUG -D_DLL=1  -DTAP_DRIVER_MAJOR_VERSION=8 -DTAP_DRIVER_MINOR_VERSION=4     /c /Zel /Zp8 /Gy /Gi- -cbstring /W3 /WX /Wp64 /WX     /GX-  /GR- /GF -Z7 /Od /Oi /Fc /FRC:\Development\LeafNets\Engineering\Software\Client\Windows\p2p\code\exsrc\tap-win32\openvpn-2.0.9\tap-win32\objchk_wnet_AMD64\amd64\   -d2home -FIC:\WINDDK\3790\inc\wnet\warning.h   /d1noWchar_t .\tapdrvr.c 
tapdrvr.c
c:\Development\LeafNets\Engineering\Software\Client\Windows\p2p\code\exsrc\tap-win32\openvpn-2.0.9\tap-win32\error.c(99) : error C2220: warning treated as error - no object file generated
c:\Development\LeafNets\Engineering\Software\Client\Windows\p2p\code\exsrc\tap-win32\openvpn-2.0.9\tap-win32\error.c(99) : warning C4242: '=' : conversion from '__int64' to 'unsigned int', possible loss of data
	bscmake -nologo -o "leafnets.BSC -n" @objchk_wnet_AMD64\amd64\bscmake.rsp
'bscmake' is not recognized as an internal or external command,
operable program or batch file.
	bscmake -nologo -o "leafnets.BSC -n" @objchk_wnet_AMD64\amd64\bscmake.rsp
'bscmake' is not recognized as an internal or external command,
operable program or batch file.

Stop.
Compile errors: not linking c:\development\leafnets\engineering\software\client\windows\p2p\code\exsrc\tap-win32\openvpn-2.0.9\tap-win32 directory ********************
