BUILD: Computing Include file dependencies:
BUILD: Examining c:\development\leafnets\engineering\software\client\windows\p2p\code\exsrc\tap-win32\openvpn-2.0.9\tap-win32 directory for files to compile.
Compiling c:\development\leafnets\engineering\software\client\windows\p2p\code\exsrc\tap-win32\openvpn-2.0.9\tap-win32 directory ********************
'nmake.exe /c BUILDMSG=Stop. -i NTTEST= UMTEST= NOLINK=1 NOPASS0=1 AMD64=1'
    rc -l 409 -DSXS_ASSEMBLY_NAME=""""""  -DSXS_ASSEMBLY_VERSION=""""""  -DSXS_ASSEMBLY_LANGUAGE=""""""  -DSXS_PROCESSOR_ARCHITECTURE="""AMD64"""  -DSXS_TARGET="""leafnets.sys"""   -DSYSTEM_COMPATIBLE_ASSEMBLY_NAME="""Microsoft.Windows.SystemCompatible"""  -DLSYSTEM_COMPATIBLE_ASSEMBLY_NAME=L"""Microsoft.Windows.SystemCompatible"""   -z "MS Sans Serif,Helv/MS Shell Dlg"  -r -fo objfre_wnet_AMD64\amd64\resource.res -D_WIN64 -D_AMD64_ -DAMD64   -DCONDITION_HANDLING=1   -DNT_INST=0 -DWIN32=100 -D_NT1X_=100 -DWINNT=1 -D_WIN32_WINNT=0x0502 /DWINVER=0x0502 -D_WIN32_IE=0x0600    -DWIN32_LEAN_AND_MEAN=1 -D_AMD64_SIMULATOR_PERF_ -D_SKIP_IF_SIMULATOR_ -D_AMD64_SIMULATOR_ -D_AMD64_WORKAROUND_ -DDEVL=1 -D__BUILDMACHINE__=WinDDK  -DNDEBUG -D_DLL=1  -DTAP_DRIVER_MAJOR_VERSION=8 -DTAP_DRIVER_MINOR_VERSION=4   -IC:\WINDDK\3790\inc\mfc42 -Iobjfre_wnet_AMD64\amd64 -IC:\WINDDK\3790\inc\wnet -IC:\WINDDK\3790\inc\wnet -IC:\WINDDK\3790\inc\ddk\wnet -IC:\WINDDK\3790\inc\ddk\wdm\wnet -IC:\WINDDK\3790\inc\crt .\resource.rc
.\resource.rc(36) : warning RC4005: 'VER_COMPANYNAME_STR' : redefinition
.\resource.rc(44) : warning RC4005: 'VER_PRODUCTNAME_STR' : redefinition
.\resource.rc(45) : warning RC4005: 'VER_PRODUCTVERSION' : redefinition
.\resource.rc(55) : warning RC4005: 'VER_PRODUCTVERSION_STR' : redefinition
cl -nologo -Iamd64\ -I. -IC:\WINDDK\3790\inc\mfc42 -Iobjfre_wnet_AMD64\amd64 -IC:\WINDDK\3790\inc\wnet -IC:\WINDDK\3790\inc\wnet -IC:\WINDDK\3790\inc\ddk\wnet -IC:\WINDDK\3790\inc\ddk\wdm\wnet -IC:\WINDDK\3790\inc\crt -D_WIN64 -D_AMD64_ -DAMD64   -DCONDITION_HANDLING=1   -DNT_INST=0 -DWIN32=100 -D_NT1X_=100 -DWINNT=1 -D_WIN32_WINNT=0x0502 /DWINVER=0x0502 -D_WIN32_IE=0x0600    -DWIN32_LEAN_AND_MEAN=1 -D_AMD64_SIMULATOR_PERF_ -D_SKIP_IF_SIMULATOR_ -D_AMD64_SIMULATOR_ -D_AMD64_WORKAROUND_ -DDEVL=1 -D__BUILDMACHINE__=WinDDK  -DNDEBUG -D_DLL=1  -DTAP_DRIVER_MAJOR_VERSION=8 -DTAP_DRIVER_MINOR_VERSION=4     /c /Zel /Zp8 /Gy /Gi- -cbstring /W3 /WX /Wp64 /WX     /GX-  /GR- /GF -Z7 /Ox /Oi /Fc /FRC:\Development\LeafNets\Engineering\Software\Client\Windows\p2p\code\exsrc\tap-win32\openvpn-2.0.9\tap-win32\objfre_wnet_AMD64\amd64\   -FIC:\WINDDK\3790\inc\wnet\warning.h   /d1noWchar_t .\tapdrvr.c 
tapdrvr.c
	bscmake -nologo -o "leafnets.BSC -n" @objfre_wnet_AMD64\amd64\bscmake.rsp
'bscmake' is not recognized as an internal or external command,
operable program or batch file.
	bscmake -nologo -o "leafnets.BSC -n" @objfre_wnet_AMD64\amd64\bscmake.rsp
'bscmake' is not recognized as an internal or external command,
operable program or batch file.

Stop.
Linking c:\development\leafnets\engineering\software\client\windows\p2p\code\exsrc\tap-win32\openvpn-2.0.9\tap-win32 directory ********************
'nmake.exe /c BUILDMSG=Stop. -i LINKONLY=1 NOPASS0=1 NTTEST= UMTEST= AMD64=1'
	link -out:.\amd64\leafnets.sys -machine:amd64 @C:\DOCUME~1\Jeff\LOCALS~1\Temp\nm3D3.tmp
Microsoft (R) Incremental Linker Version 8.00.2207
Copyright (C) Microsoft Corporation.  All rights reserved.

/MAP 
/MAPINFO:EXPORTS 
/MAPINFO:LINES 
-MERGE:_PAGE=PAGE 
-MERGE:_TEXT=.text 
-SECTION:INIT,d 
-OPT:REF 
-OPT:ICF 
-IGNORE:4198,4010,4037,4039,4065,4070,4078,4087,4089,4221 
-INCREMENTAL:NO 
-FULLBUILD 
/release 
-NODEFAULTLIB 
/WX 
-debug:FULL 
-debugtype:cv 
-version:5.2 
-osversion:5.2 
/opt:nowin98 
-STACK:0x40000,0x1000 
-driver 
-base:0x10000 
-subsystem:native,5.02 
-entry:DriverEntry 
-out:.\amd64\leafnets.sys 
objfre_wnet_AMD64\amd64\resource.res 
objfre_wnet_AMD64\amd64\tapdrvr.obj 
C:\WINDDK\3790\lib\wnet\amd64\ntoskrnl.lib 
C:\WINDDK\3790\lib\wnet\amd64\hal.lib 
C:\WINDDK\3790\lib\wnet\amd64\wmilib.lib 
C:\WINDDK\3790\lib\wnet\amd64\ndis.lib 
C:\WINDDK\3790\lib\wnet\amd64\ntstrsafe.lib 
	echo Skip Binplace:
Skip Binplace:
	bscmake -nologo -o "leafnets.BSC -n" @objfre_wnet_AMD64\amd64\bscmake.rsp
'bscmake' is not recognized as an internal or external command,
operable program or batch file.
	bscmake -nologo -o "leafnets.BSC -n" @objfre_wnet_AMD64\amd64\bscmake.rsp
'bscmake' is not recognized as an internal or external command,
operable program or batch file.

Stop.
