BUILD: Computing Include file dependencies:
BUILD: Examining c:\development\windows\p2p\code\exsrc\tap-win32\openvpn-2.0.9\tap-win32 directory for files to compile.
Compiling c:\development\windows\p2p\code\exsrc\tap-win32\openvpn-2.0.9\tap-win32 directory ********************
'nmake.exe /c BUILDMSG=Stop. -i NTTEST= UMTEST= NOLINK=1 NOPASS0=1 386=1'
    rc -l 409 -DSXS_ASSEMBLY_NAME=""""""  -DSXS_ASSEMBLY_VERSION=""""""  -DSXS_ASSEMBLY_LANGUAGE=""""""  -DSXS_PROCESSOR_ARCHITECTURE="""x86"""  -DSXS_TARGET="""leafnets.sys"""   -DSYSTEM_COMPATIBLE_ASSEMBLY_NAME="""Microsoft.Windows.SystemCompatible"""  -DLSYSTEM_COMPATIBLE_ASSEMBLY_NAME=L"""Microsoft.Windows.SystemCompatible"""   -z "MS Sans Serif,Helv/MS Shell Dlg"  -r -fo objchk_wxp_x86\i386\resource.res -D_X86_=1 -Di386=1  -DSTD_CALL -DCONDITION_HANDLING=1   -DNT_INST=0 -DWIN32=100 -D_NT1X_=100 -DWINNT=1 -D_WIN32_WINNT=0x0501 /DWINVER=0x0501 -D_WIN32_IE=0x0600    -DWIN32_LEAN_AND_MEAN=1 -DDEVL=1 -DDBG=1 -D__BUILDMACHINE__=WinDDK -DFPO=0  -DNDEBUG -D_DLL=1  -DTAP_DRIVER_MAJOR_VERSION=8 -DTAP_DRIVER_MINOR_VERSION=4   -IC:\WINDDK\3790\inc\mfc42 -Iobjchk_wxp_x86\i386 -IC:\WINDDK\3790\inc\wxp -IC:\WINDDK\3790\inc\wxp -IC:\WINDDK\3790\inc\ddk\wxp -IC:\WINDDK\3790\inc\ddk\wdm\wxp -IC:\WINDDK\3790\inc\crt .\resource.rc
.\resource.rc(36) : warning RC4005: 'VER_COMPANYNAME_STR' : redefinition
.\resource.rc(44) : warning RC4005: 'VER_PRODUCTNAME_STR' : redefinition
.\resource.rc(45) : warning RC4005: 'VER_PRODUCTVERSION' : redefinition
.\resource.rc(53) : warning RC4005: 'VER_PRODUCTVERSION_STR' : redefinition
cl -nologo -Ii386\ -I. -IC:\WINDDK\3790\inc\mfc42 -Iobjchk_wxp_x86\i386 -IC:\WINDDK\3790\inc\wxp -IC:\WINDDK\3790\inc\wxp -IC:\WINDDK\3790\inc\ddk\wxp -IC:\WINDDK\3790\inc\ddk\wdm\wxp -IC:\WINDDK\3790\inc\crt -D_X86_=1 -Di386=1  -DSTD_CALL -DCONDITION_HANDLING=1   -DNT_INST=0 -DWIN32=100 -D_NT1X_=100 -DWINNT=1 -D_WIN32_WINNT=0x0501 /DWINVER=0x0501 -D_WIN32_IE=0x0600    -DWIN32_LEAN_AND_MEAN=1 -DDEVL=1 -DDBG=1 -D__BUILDMACHINE__=WinDDK -DFPO=0  -DNDEBUG -D_DLL=1  -DTAP_DRIVER_MAJOR_VERSION=8 -DTAP_DRIVER_MINOR_VERSION=4     /c /Zel /Zp8 /Gy /Gi- /Gm- -cbstring /W3 /WX /WX /Gz  /QIfdiv- /G6 /GX-  /GR- /GF  -Z7 /Od /Oi /Fc  /Oy- /FRC:\Development\Windows\p2p\code\exsrc\tap-win32\openvpn-2.0.9\tap-win32\objchk_wxp_x86\i386\   -FIC:\WINDDK\3790\inc\wxp\warning.h   .\tapdrvr.c 
tapdrvr.c
	bscmake -nologo -o "leafnets.BSC -n" @objchk_wxp_x86\i386\bscmake.rsp
'bscmake' is not recognized as an internal or external command,
operable program or batch file.
	bscmake -nologo -o "leafnets.BSC -n" @objchk_wxp_x86\i386\bscmake.rsp
'bscmake' is not recognized as an internal or external command,
operable program or batch file.

Stop.
Linking c:\development\windows\p2p\code\exsrc\tap-win32\openvpn-2.0.9\tap-win32 directory ********************
'nmake.exe /c BUILDMSG=Stop. -i LINKONLY=1 NOPASS0=1 NTTEST= UMTEST= 386=1'
	link -out:.\i386\leafnets.sys -machine:ix86 @C:\DOCUME~1\ADMINI~1\LOCALS~1\Temp\nm5.tmp
Microsoft (R) Incremental Linker Version 7.10.2179
Copyright (C) Microsoft Corporation.  All rights reserved.

/MAP 
/MAPINFO:EXPORTS 
/MAPINFO:LINES 
-MERGE:_PAGE=PAGE 
-MERGE:_TEXT=.text 
-SECTION:INIT,d 
-OPT:REF 
-OPT:ICF 
-IGNORE:4198,4010,4037,4039,4065,4070,4078,4087,4089,4221 
-INCREMENTAL:NO 
-FULLBUILD 
/release 
-NODEFAULTLIB 
/WX 
-debug:FULL 
-debugtype:cv 
-version:5.1 
-osversion:5.1 
-STACK:0x40000,0x1000 
-driver 
-base:0x10000 
-align:0x80 /stub:C:\WINDDK\3790\lib\wxp\stub512.com 
-subsystem:native,5.01 
-entry:DriverEntry@8 
-out:.\i386\leafnets.sys 
objchk_wxp_x86\i386\resource.res 
objchk_wxp_x86\i386\tapdrvr.obj 
C:\WINDDK\3790\lib\wxp\i386\ntoskrnl.lib 
C:\WINDDK\3790\lib\wxp\i386\hal.lib 
C:\WINDDK\3790\lib\wxp\i386\wmilib.lib 
C:\WINDDK\3790\lib\wxp\i386\ndis.lib 
C:\WINDDK\3790\lib\wxp\i386\ntstrsafe.lib 
C:\WINDDK\3790\lib\wxp\i386\sehupd.lib 
	echo Skip Binplace:
Skip Binplace:
	bscmake -nologo -o "leafnets.BSC -n" @objchk_wxp_x86\i386\bscmake.rsp
'bscmake' is not recognized as an internal or external command,
operable program or batch file.
	bscmake -nologo -o "leafnets.BSC -n" @objchk_wxp_x86\i386\bscmake.rsp
'bscmake' is not recognized as an internal or external command,
operable program or batch file.

Stop.
