This file contains any messages produced by compilers while
running configure, to aid debugging if configure makes a mistake.

It was created by configure, which was
generated by GNU Autoconf 2.59.  Invocation command line was

  $ ./configure --host=arm-linux-gnueabi --build=arm-linux-gnueabi --prefix=/usr --mandir=${prefix}/share/man --infodir=${prefix}/share/info --libdir=${prefix}/share --enable-avahi --enable-sqlite3 --enable-flac

## --------- ##
## Platform. ##
## --------- ##

hostname = NSBU-Server-ARM
uname -m = armv5tel
uname -r = 2.6.31.8.nv+v2
uname -s = Linux
uname -v = #1 Wed Jul 20 14:49:57 HKT 2011

/usr/bin/uname -p = unknown
/bin/uname -X     = unknown

/bin/arch              = unknown
/usr/bin/arch -k       = unknown
/usr/convex/getsysinfo = unknown
hostinfo               = unknown
/bin/machine           = unknown
/usr/bin/oslevel       = unknown
/bin/universe          = unknown

PATH: /usr/local/sbin
PATH: /usr/local/bin
PATH: /usr/sbin
PATH: /usr/bin
PATH: /sbin
PATH: /bin


## ----------- ##
## Core tests. ##
## ----------- ##

configure:1571: checking for a BSD-compatible install
configure:1626: result: /usr/bin/install -c
configure:1637: checking whether build environment is sane
configure:1680: result: yes
configure:1745: checking for gawk
configure:1761: found /usr/bin/gawk
configure:1771: result: gawk
configure:1781: checking whether make sets $(MAKE)
configure:1801: result: yes
configure:1990: checking for style of include used by make
configure:2018: result: GNU
configure:2051: checking for arm-linux-gnueabi-gcc
configure:2067: found /usr/bin/arm-linux-gnueabi-gcc
configure:2077: result: arm-linux-gnueabi-gcc
configure:2359: checking for C compiler version
configure:2362: arm-linux-gnueabi-gcc --version </dev/null >&5
arm-linux-gnueabi-gcc (Debian 4.4.5-8) 4.4.5
Copyright (C) 2010 Free Software Foundation, Inc.
This is free software; see the source for copying conditions.  There is NO
warranty; not even for MERCHANTABILITY or FITNESS FOR A PARTICULAR PURPOSE.

configure:2365: $? = 0
configure:2367: arm-linux-gnueabi-gcc -v </dev/null >&5
Using built-in specs.
Target: arm-linux-gnueabi
Configured with: ../src/configure -v --with-pkgversion='Debian 4.4.5-8' --with-bugurl=file:///usr/share/doc/gcc-4.4/README.Bugs --enable-languages=c,c++,fortran,objc,obj-c++ --prefix=/usr --program-suffix=-4.4 --enable-shared --enable-multiarch --enable-linker-build-id --with-system-zlib --libexecdir=/usr/lib --without-included-gettext --enable-threads=posix --with-gxx-include-dir=/usr/include/c++/4.4 --libdir=/usr/lib --enable-nls --enable-clocale=gnu --enable-libstdcxx-debug --enable-objc-gc --disable-sjlj-exceptions --enable-checking=release --build=arm-linux-gnueabi --host=arm-linux-gnueabi --target=arm-linux-gnueabi
Thread model: posix
gcc version 4.4.5 (Debian 4.4.5-8) 
configure:2370: $? = 0
configure:2372: arm-linux-gnueabi-gcc -V </dev/null >&5
arm-linux-gnueabi-gcc: '-V' option must have argument
configure:2375: $? = 1
configure:2398: checking for C compiler default output file name
configure:2401: arm-linux-gnueabi-gcc -Wall -g -O2   conftest.c  >&5
configure:2404: $? = 0
configure:2450: result: a.out
configure:2455: checking whether the C compiler works
configure:2461: ./a.out
configure:2464: $? = 0
configure:2481: result: yes
configure:2488: checking whether we are cross compiling
configure:2490: result: no
configure:2493: checking for suffix of executables
configure:2495: arm-linux-gnueabi-gcc -o conftest -Wall -g -O2   conftest.c  >&5
configure:2498: $? = 0
configure:2523: result: 
configure:2529: checking for suffix of object files
configure:2550: arm-linux-gnueabi-gcc -c -Wall -g -O2  conftest.c >&5
configure:2553: $? = 0
configure:2575: result: o
configure:2579: checking whether we are using the GNU C compiler
configure:2603: arm-linux-gnueabi-gcc -c -Wall -g -O2  conftest.c >&5
configure:2609: $? = 0
configure:2612: test -z 			 || test ! -s conftest.err
configure:2615: $? = 0
configure:2618: test -s conftest.o
configure:2621: $? = 0
configure:2634: result: yes
configure:2640: checking whether arm-linux-gnueabi-gcc accepts -g
configure:2661: arm-linux-gnueabi-gcc -c -g  conftest.c >&5
configure:2667: $? = 0
configure:2670: test -z 			 || test ! -s conftest.err
configure:2673: $? = 0
configure:2676: test -s conftest.o
configure:2679: $? = 0
configure:2690: result: yes
configure:2707: checking for arm-linux-gnueabi-gcc option to accept ANSI C
configure:2777: arm-linux-gnueabi-gcc  -c -Wall -g -O2  conftest.c >&5
configure:2783: $? = 0
configure:2786: test -z 			 || test ! -s conftest.err
configure:2789: $? = 0
configure:2792: test -s conftest.o
configure:2795: $? = 0
configure:2813: result: none needed
configure:2831: arm-linux-gnueabi-gcc -c -Wall -g -O2  conftest.c >&5
conftest.c:2: error: expected '=', ',', ';', 'asm' or '__attribute__' before 'me'
configure:2837: $? = 1
configure: failed program was:
| #ifndef __cplusplus
|   choke me
| #endif
configure:2969: checking dependency style of arm-linux-gnueabi-gcc
configure:3059: result: gcc3
configure:3082: checking how to run the C preprocessor
configure:3117: arm-linux-gnueabi-gcc -E  conftest.c
configure:3123: $? = 0
configure:3155: arm-linux-gnueabi-gcc -E  conftest.c
conftest.c:12:28: error: ac_nonexistent.h: No such file or directory
configure:3161: $? = 1
configure: failed program was:
| /* confdefs.h.  */
| 
| #define PACKAGE_NAME ""
| #define PACKAGE_TARNAME ""
| #define PACKAGE_VERSION ""
| #define PACKAGE_STRING ""
| #define PACKAGE_BUGREPORT ""
| #define PACKAGE "mt-daapd"
| #define VERSION "svn-1676"
| #define _GNU_SOURCE 1
| /* end confdefs.h.  */
| #include <ac_nonexistent.h>
configure:3200: result: arm-linux-gnueabi-gcc -E
configure:3224: arm-linux-gnueabi-gcc -E  conftest.c
configure:3230: $? = 0
configure:3262: arm-linux-gnueabi-gcc -E  conftest.c
conftest.c:12:28: error: ac_nonexistent.h: No such file or directory
configure:3268: $? = 1
configure: failed program was:
| /* confdefs.h.  */
| 
| #define PACKAGE_NAME ""
| #define PACKAGE_TARNAME ""
| #define PACKAGE_VERSION ""
| #define PACKAGE_STRING ""
| #define PACKAGE_BUGREPORT ""
| #define PACKAGE "mt-daapd"
| #define VERSION "svn-1676"
| #define _GNU_SOURCE 1
| /* end confdefs.h.  */
| #include <ac_nonexistent.h>
configure:3312: checking for egrep
configure:3322: result: grep -E
configure:3328: checking for AIX
configure:3350: result: no
configure:3356: checking for ANSI C header files
configure:3381: arm-linux-gnueabi-gcc -c -Wall -g -O2  conftest.c >&5
configure:3387: $? = 0
configure:3390: test -z 			 || test ! -s conftest.err
configure:3393: $? = 0
configure:3396: test -s conftest.o
configure:3399: $? = 0
configure:3488: arm-linux-gnueabi-gcc -o conftest -Wall -g -O2   conftest.c  >&5
conftest.c: In function 'main':
conftest.c:29: warning: implicit declaration of function 'exit'
conftest.c:29: warning: incompatible implicit declaration of built-in function 'exit'
configure:3491: $? = 0
configure:3493: ./conftest
configure:3496: $? = 0
configure:3511: result: yes
configure:3535: checking for sys/types.h
configure:3551: arm-linux-gnueabi-gcc -c -Wall -g -O2  conftest.c >&5
configure:3557: $? = 0
configure:3560: test -z 			 || test ! -s conftest.err
configure:3563: $? = 0
configure:3566: test -s conftest.o
configure:3569: $? = 0
configure:3580: result: yes
configure:3535: checking for sys/stat.h
configure:3551: arm-linux-gnueabi-gcc -c -Wall -g -O2  conftest.c >&5
configure:3557: $? = 0
configure:3560: test -z 			 || test ! -s conftest.err
configure:3563: $? = 0
configure:3566: test -s conftest.o
configure:3569: $? = 0
configure:3580: result: yes
configure:3535: checking for stdlib.h
configure:3551: arm-linux-gnueabi-gcc -c -Wall -g -O2  conftest.c >&5
configure:3557: $? = 0
configure:3560: test -z 			 || test ! -s conftest.err
configure:3563: $? = 0
configure:3566: test -s conftest.o
configure:3569: $? = 0
configure:3580: result: yes
configure:3535: checking for string.h
configure:3551: arm-linux-gnueabi-gcc -c -Wall -g -O2  conftest.c >&5
configure:3557: $? = 0
configure:3560: test -z 			 || test ! -s conftest.err
configure:3563: $? = 0
configure:3566: test -s conftest.o
configure:3569: $? = 0
configure:3580: result: yes
configure:3535: checking for memory.h
configure:3551: arm-linux-gnueabi-gcc -c -Wall -g -O2  conftest.c >&5
configure:3557: $? = 0
configure:3560: test -z 			 || test ! -s conftest.err
configure:3563: $? = 0
configure:3566: test -s conftest.o
configure:3569: $? = 0
configure:3580: result: yes
configure:3535: checking for strings.h
configure:3551: arm-linux-gnueabi-gcc -c -Wall -g -O2  conftest.c >&5
configure:3557: $? = 0
configure:3560: test -z 			 || test ! -s conftest.err
configure:3563: $? = 0
configure:3566: test -s conftest.o
configure:3569: $? = 0
configure:3580: result: yes
configure:3535: checking for inttypes.h
configure:3551: arm-linux-gnueabi-gcc -c -Wall -g -O2  conftest.c >&5
configure:3557: $? = 0
configure:3560: test -z 			 || test ! -s conftest.err
configure:3563: $? = 0
configure:3566: test -s conftest.o
configure:3569: $? = 0
configure:3580: result: yes
configure:3535: checking for stdint.h
configure:3551: arm-linux-gnueabi-gcc -c -Wall -g -O2  conftest.c >&5
configure:3557: $? = 0
configure:3560: test -z 			 || test ! -s conftest.err
configure:3563: $? = 0
configure:3566: test -s conftest.o
configure:3569: $? = 0
configure:3580: result: yes
configure:3535: checking for unistd.h
configure:3551: arm-linux-gnueabi-gcc -c -Wall -g -O2  conftest.c >&5
configure:3557: $? = 0
configure:3560: test -z 			 || test ! -s conftest.err
configure:3563: $? = 0
configure:3566: test -s conftest.o
configure:3569: $? = 0
configure:3580: result: yes
configure:3602: checking minix/config.h usability
configure:3614: arm-linux-gnueabi-gcc -c -Wall -g -O2  conftest.c >&5
conftest.c:56:26: error: minix/config.h: No such file or directory
configure:3620: $? = 1
configure: failed program was:
| /* confdefs.h.  */
| 
| #define PACKAGE_NAME ""
| #define PACKAGE_TARNAME ""
| #define PACKAGE_VERSION ""
| #define PACKAGE_STRING ""
| #define PACKAGE_BUGREPORT ""
| #define PACKAGE "mt-daapd"
| #define VERSION "svn-1676"
| #define _GNU_SOURCE 1
| #define STDC_HEADERS 1
| #define HAVE_SYS_TYPES_H 1
| #define HAVE_SYS_STAT_H 1
| #define HAVE_STDLIB_H 1
| #define HAVE_STRING_H 1
| #define HAVE_MEMORY_H 1
| #define HAVE_STRINGS_H 1
| #define HAVE_INTTYPES_H 1
| #define HAVE_STDINT_H 1
| #define HAVE_UNISTD_H 1
| /* end confdefs.h.  */
| #include <stdio.h>
| #if HAVE_SYS_TYPES_H
| # include <sys/types.h>
| #endif
| #if HAVE_SYS_STAT_H
| # include <sys/stat.h>
| #endif
| #if STDC_HEADERS
| # include <stdlib.h>
| # include <stddef.h>
| #else
| # if HAVE_STDLIB_H
| #  include <stdlib.h>
| # endif
| #endif
| #if HAVE_STRING_H
| # if !STDC_HEADERS && HAVE_MEMORY_H
| #  include <memory.h>
| # endif
| # include <string.h>
| #endif
| #if HAVE_STRINGS_H
| # include <strings.h>
| #endif
| #if HAVE_INTTYPES_H
| # include <inttypes.h>
| #else
| # if HAVE_STDINT_H
| #  include <stdint.h>
| # endif
| #endif
| #if HAVE_UNISTD_H
| # include <unistd.h>
| #endif
| #include <minix/config.h>
configure:3642: result: no
configure:3646: checking minix/config.h presence
configure:3656: arm-linux-gnueabi-gcc -E  conftest.c
conftest.c:22:26: error: minix/config.h: No such file or directory
configure:3662: $? = 1
configure: failed program was:
| /* confdefs.h.  */
| 
| #define PACKAGE_NAME ""
| #define PACKAGE_TARNAME ""
| #define PACKAGE_VERSION ""
| #define PACKAGE_STRING ""
| #define PACKAGE_BUGREPORT ""
| #define PACKAGE "mt-daapd"
| #define VERSION "svn-1676"
| #define _GNU_SOURCE 1
| #define STDC_HEADERS 1
| #define HAVE_SYS_TYPES_H 1
| #define HAVE_SYS_STAT_H 1
| #define HAVE_STDLIB_H 1
| #define HAVE_STRING_H 1
| #define HAVE_MEMORY_H 1
| #define HAVE_STRINGS_H 1
| #define HAVE_INTTYPES_H 1
| #define HAVE_STDINT_H 1
| #define HAVE_UNISTD_H 1
| /* end confdefs.h.  */
| #include <minix/config.h>
configure:3682: result: no
configure:3717: checking for minix/config.h
configure:3724: result: no
configure:3763: checking whether it is safe to define __EXTENSIONS__
configure:3786: arm-linux-gnueabi-gcc -c -Wall -g -O2  conftest.c >&5
configure:3792: $? = 0
configure:3795: test -z 			 || test ! -s conftest.err
configure:3798: $? = 0
configure:3801: test -s conftest.o
configure:3804: $? = 0
configure:3815: result: yes
configure:3840: checking for arm-linux-gnueabi-gcc
configure:3866: result: arm-linux-gnueabi-gcc
configure:4148: checking for C compiler version
configure:4151: arm-linux-gnueabi-gcc --version </dev/null >&5
arm-linux-gnueabi-gcc (Debian 4.4.5-8) 4.4.5
Copyright (C) 2010 Free Software Foundation, Inc.
This is free software; see the source for copying conditions.  There is NO
warranty; not even for MERCHANTABILITY or FITNESS FOR A PARTICULAR PURPOSE.

configure:4154: $? = 0
configure:4156: arm-linux-gnueabi-gcc -v </dev/null >&5
Using built-in specs.
Target: arm-linux-gnueabi
Configured with: ../src/configure -v --with-pkgversion='Debian 4.4.5-8' --with-bugurl=file:///usr/share/doc/gcc-4.4/README.Bugs --enable-languages=c,c++,fortran,objc,obj-c++ --prefix=/usr --program-suffix=-4.4 --enable-shared --enable-multiarch --enable-linker-build-id --with-system-zlib --libexecdir=/usr/lib --without-included-gettext --enable-threads=posix --with-gxx-include-dir=/usr/include/c++/4.4 --libdir=/usr/lib --enable-nls --enable-clocale=gnu --enable-libstdcxx-debug --enable-objc-gc --disable-sjlj-exceptions --enable-checking=release --build=arm-linux-gnueabi --host=arm-linux-gnueabi --target=arm-linux-gnueabi
Thread model: posix
gcc version 4.4.5 (Debian 4.4.5-8) 
configure:4159: $? = 0
configure:4161: arm-linux-gnueabi-gcc -V </dev/null >&5
arm-linux-gnueabi-gcc: '-V' option must have argument
configure:4164: $? = 1
configure:4167: checking whether we are using the GNU C compiler
configure:4222: result: yes
configure:4228: checking whether arm-linux-gnueabi-gcc accepts -g
configure:4278: result: yes
configure:4295: checking for arm-linux-gnueabi-gcc option to accept ANSI C
configure:4401: result: none needed
configure:4419: arm-linux-gnueabi-gcc -c -Wall -g -O2  conftest.c >&5
conftest.c:2: error: expected '=', ',', ';', 'asm' or '__attribute__' before 'me'
configure:4425: $? = 1
configure: failed program was:
| #ifndef __cplusplus
|   choke me
| #endif
configure:4557: checking dependency style of arm-linux-gnueabi-gcc
configure:4647: result: gcc3
configure:4742: checking build system type
configure:4760: result: arm-unknown-linux-gnueabi
configure:4768: checking host system type
configure:4782: result: arm-unknown-linux-gnueabi
configure:4790: checking for a sed that does not truncate output
configure:4844: result: /bin/sed
configure:4858: checking for ld used by arm-linux-gnueabi-gcc
configure:4925: result: /usr/bin/ld
configure:4934: checking if the linker (/usr/bin/ld) is GNU ld
configure:4949: result: yes
configure:4954: checking for /usr/bin/ld option to reload object files
configure:4961: result: -r
configure:4970: checking for BSD-compatible nm
configure:5012: result: nm
configure:5016: checking whether ln -s works
configure:5020: result: yes
configure:5027: checking how to recognise dependent libraries
configure:5201: result: pass_all
configure:5422: checking dlfcn.h usability
configure:5434: arm-linux-gnueabi-gcc -c -Wall -g -O2  conftest.c >&5
configure:5440: $? = 0
configure:5443: test -z 			 || test ! -s conftest.err
configure:5446: $? = 0
configure:5449: test -s conftest.o
configure:5452: $? = 0
configure:5462: result: yes
configure:5466: checking dlfcn.h presence
configure:5476: arm-linux-gnueabi-gcc -E  conftest.c
configure:5482: $? = 0
configure:5502: result: yes
configure:5537: checking for dlfcn.h
configure:5544: result: yes
configure:5567: checking for arm-linux-gnueabi-g++
configure:5583: found /usr/bin/arm-linux-gnueabi-g++
configure:5593: result: arm-linux-gnueabi-g++
configure:5651: checking for C++ compiler version
configure:5654: arm-linux-gnueabi-g++ --version </dev/null >&5
arm-linux-gnueabi-g++ (Debian 4.4.5-8) 4.4.5
Copyright (C) 2010 Free Software Foundation, Inc.
This is free software; see the source for copying conditions.  There is NO
warranty; not even for MERCHANTABILITY or FITNESS FOR A PARTICULAR PURPOSE.

configure:5657: $? = 0
configure:5659: arm-linux-gnueabi-g++ -v </dev/null >&5
Using built-in specs.
Target: arm-linux-gnueabi
Configured with: ../src/configure -v --with-pkgversion='Debian 4.4.5-8' --with-bugurl=file:///usr/share/doc/gcc-4.4/README.Bugs --enable-languages=c,c++,fortran,objc,obj-c++ --prefix=/usr --program-suffix=-4.4 --enable-shared --enable-multiarch --enable-linker-build-id --with-system-zlib --libexecdir=/usr/lib --without-included-gettext --enable-threads=posix --with-gxx-include-dir=/usr/include/c++/4.4 --libdir=/usr/lib --enable-nls --enable-clocale=gnu --enable-libstdcxx-debug --enable-objc-gc --disable-sjlj-exceptions --enable-checking=release --build=arm-linux-gnueabi --host=arm-linux-gnueabi --target=arm-linux-gnueabi
Thread model: posix
gcc version 4.4.5 (Debian 4.4.5-8) 
configure:5662: $? = 0
configure:5664: arm-linux-gnueabi-g++ -V </dev/null >&5
arm-linux-gnueabi-g++: '-V' option must have argument
configure:5667: $? = 1
configure:5670: checking whether we are using the GNU C++ compiler
configure:5694: arm-linux-gnueabi-g++ -c   conftest.cc >&5
configure:5700: $? = 0
configure:5703: test -z 			 || test ! -s conftest.err
configure:5706: $? = 0
configure:5709: test -s conftest.o
configure:5712: $? = 0
configure:5725: result: yes
configure:5731: checking whether arm-linux-gnueabi-g++ accepts -g
configure:5752: arm-linux-gnueabi-g++ -c -g  conftest.cc >&5
configure:5758: $? = 0
configure:5761: test -z 			 || test ! -s conftest.err
configure:5764: $? = 0
configure:5767: test -s conftest.o
configure:5770: $? = 0
configure:5781: result: yes
configure:5823: arm-linux-gnueabi-g++ -c -g -O2  conftest.cc >&5
configure:5829: $? = 0
configure:5832: test -z 			 || test ! -s conftest.err
configure:5835: $? = 0
configure:5838: test -s conftest.o
configure:5841: $? = 0
configure:5867: arm-linux-gnueabi-g++ -c -g -O2  conftest.cc >&5
conftest.cc: In function 'int main()':
conftest.cc:30: error: 'exit' was not declared in this scope
configure:5873: $? = 1
configure: failed program was:
| /* confdefs.h.  */
| 
| #define PACKAGE_NAME ""
| #define PACKAGE_TARNAME ""
| #define PACKAGE_VERSION ""
| #define PACKAGE_STRING ""
| #define PACKAGE_BUGREPORT ""
| #define PACKAGE "mt-daapd"
| #define VERSION "svn-1676"
| #define _GNU_SOURCE 1
| #define STDC_HEADERS 1
| #define HAVE_SYS_TYPES_H 1
| #define HAVE_SYS_STAT_H 1
| #define HAVE_STDLIB_H 1
| #define HAVE_STRING_H 1
| #define HAVE_MEMORY_H 1
| #define HAVE_STRINGS_H 1
| #define HAVE_INTTYPES_H 1
| #define HAVE_STDINT_H 1
| #define HAVE_UNISTD_H 1
| #define __EXTENSIONS__ 1
| #define _POSIX_PTHREAD_SEMANTICS 1
| #define _TANDEM_SOURCE 1
| #define HAVE_DLFCN_H 1
| /* end confdefs.h.  */
| 
| int
| main ()
| {
| exit (42);
|   ;
|   return 0;
| }
configure:5823: arm-linux-gnueabi-g++ -c -g -O2  conftest.cc >&5
conftest.cc:26: error: 'void std::exit(int)' should have been declared inside 'std'
configure:5829: $? = 1
configure: failed program was:
| /* confdefs.h.  */
| 
| #define PACKAGE_NAME ""
| #define PACKAGE_TARNAME ""
| #define PACKAGE_VERSION ""
| #define PACKAGE_STRING ""
| #define PACKAGE_BUGREPORT ""
| #define PACKAGE "mt-daapd"
| #define VERSION "svn-1676"
| #define _GNU_SOURCE 1
| #define STDC_HEADERS 1
| #define HAVE_SYS_TYPES_H 1
| #define HAVE_SYS_STAT_H 1
| #define HAVE_STDLIB_H 1
| #define HAVE_STRING_H 1
| #define HAVE_MEMORY_H 1
| #define HAVE_STRINGS_H 1
| #define HAVE_INTTYPES_H 1
| #define HAVE_STDINT_H 1
| #define HAVE_UNISTD_H 1
| #define __EXTENSIONS__ 1
| #define _POSIX_PTHREAD_SEMANTICS 1
| #define _TANDEM_SOURCE 1
| #define HAVE_DLFCN_H 1
| /* end confdefs.h.  */
| extern "C" void std::exit (int) throw (); using std::exit;
| #include <stdlib.h>
| int
| main ()
| {
| exit (42);
|   ;
|   return 0;
| }
configure:5823: arm-linux-gnueabi-g++ -c -g -O2  conftest.cc >&5
conftest.cc:26: error: 'void std::exit(int)' should have been declared inside 'std'
In file included from conftest.cc:27:
/usr/include/stdlib.h:543: error: declaration of 'void std::exit(int) throw ()' throws different exceptions
conftest.cc:26: error: from previous declaration 'void std::exit(int)'
configure:5829: $? = 1
configure: failed program was:
| /* confdefs.h.  */
| 
| #define PACKAGE_NAME ""
| #define PACKAGE_TARNAME ""
| #define PACKAGE_VERSION ""
| #define PACKAGE_STRING ""
| #define PACKAGE_BUGREPORT ""
| #define PACKAGE "mt-daapd"
| #define VERSION "svn-1676"
| #define _GNU_SOURCE 1
| #define STDC_HEADERS 1
| #define HAVE_SYS_TYPES_H 1
| #define HAVE_SYS_STAT_H 1
| #define HAVE_STDLIB_H 1
| #define HAVE_STRING_H 1
| #define HAVE_MEMORY_H 1
| #define HAVE_STRINGS_H 1
| #define HAVE_INTTYPES_H 1
| #define HAVE_STDINT_H 1
| #define HAVE_UNISTD_H 1
| #define __EXTENSIONS__ 1
| #define _POSIX_PTHREAD_SEMANTICS 1
| #define _TANDEM_SOURCE 1
| #define HAVE_DLFCN_H 1
| /* end confdefs.h.  */
| extern "C" void std::exit (int); using std::exit;
| #include <stdlib.h>
| int
| main ()
| {
| exit (42);
|   ;
|   return 0;
| }
configure:5823: arm-linux-gnueabi-g++ -c -g -O2  conftest.cc >&5
configure:5829: $? = 0
configure:5832: test -z 			 || test ! -s conftest.err
configure:5835: $? = 0
configure:5838: test -s conftest.o
configure:5841: $? = 0
configure:5867: arm-linux-gnueabi-g++ -c -g -O2  conftest.cc >&5
configure:5873: $? = 0
configure:5876: test -z 			 || test ! -s conftest.err
configure:5879: $? = 0
configure:5882: test -s conftest.o
configure:5885: $? = 0
configure:5910: checking dependency style of arm-linux-gnueabi-g++
configure:6000: result: gcc3
configure:6022: checking how to run the C++ preprocessor
configure:6053: arm-linux-gnueabi-g++ -E  conftest.cc
configure:6059: $? = 0
configure:6091: arm-linux-gnueabi-g++ -E  conftest.cc
conftest.cc:29:28: error: ac_nonexistent.h: No such file or directory
configure:6097: $? = 1
configure: failed program was:
| /* confdefs.h.  */
| 
| #define PACKAGE_NAME ""
| #define PACKAGE_TARNAME ""
| #define PACKAGE_VERSION ""
| #define PACKAGE_STRING ""
| #define PACKAGE_BUGREPORT ""
| #define PACKAGE "mt-daapd"
| #define VERSION "svn-1676"
| #define _GNU_SOURCE 1
| #define STDC_HEADERS 1
| #define HAVE_SYS_TYPES_H 1
| #define HAVE_SYS_STAT_H 1
| #define HAVE_STDLIB_H 1
| #define HAVE_STRING_H 1
| #define HAVE_MEMORY_H 1
| #define HAVE_STRINGS_H 1
| #define HAVE_INTTYPES_H 1
| #define HAVE_STDINT_H 1
| #define HAVE_UNISTD_H 1
| #define __EXTENSIONS__ 1
| #define _POSIX_PTHREAD_SEMANTICS 1
| #define _TANDEM_SOURCE 1
| #define HAVE_DLFCN_H 1
| #ifdef __cplusplus
| extern "C" void exit (int) throw ();
| #endif
| /* end confdefs.h.  */
| #include <ac_nonexistent.h>
configure:6136: result: arm-linux-gnueabi-g++ -E
configure:6160: arm-linux-gnueabi-g++ -E  conftest.cc
configure:6166: $? = 0
configure:6198: arm-linux-gnueabi-g++ -E  conftest.cc
conftest.cc:29:28: error: ac_nonexistent.h: No such file or directory
configure:6204: $? = 1
configure: failed program was:
| /* confdefs.h.  */
| 
| #define PACKAGE_NAME ""
| #define PACKAGE_TARNAME ""
| #define PACKAGE_VERSION ""
| #define PACKAGE_STRING ""
| #define PACKAGE_BUGREPORT ""
| #define PACKAGE "mt-daapd"
| #define VERSION "svn-1676"
| #define _GNU_SOURCE 1
| #define STDC_HEADERS 1
| #define HAVE_SYS_TYPES_H 1
| #define HAVE_SYS_STAT_H 1
| #define HAVE_STDLIB_H 1
| #define HAVE_STRING_H 1
| #define HAVE_MEMORY_H 1
| #define HAVE_STRINGS_H 1
| #define HAVE_INTTYPES_H 1
| #define HAVE_STDINT_H 1
| #define HAVE_UNISTD_H 1
| #define __EXTENSIONS__ 1
| #define _POSIX_PTHREAD_SEMANTICS 1
| #define _TANDEM_SOURCE 1
| #define HAVE_DLFCN_H 1
| #ifdef __cplusplus
| extern "C" void exit (int) throw ();
| #endif
| /* end confdefs.h.  */
| #include <ac_nonexistent.h>
configure:6257: checking for arm-linux-gnueabi-g77
configure:6286: result: no
configure:6257: checking for arm-linux-gnueabi-f77
configure:6286: result: no
configure:6257: checking for arm-linux-gnueabi-xlf
configure:6286: result: no
configure:6257: checking for arm-linux-gnueabi-frt
configure:6286: result: no
configure:6257: checking for arm-linux-gnueabi-pgf77
configure:6286: result: no
configure:6257: checking for arm-linux-gnueabi-fort77
configure:6286: result: no
configure:6257: checking for arm-linux-gnueabi-fl32
configure:6286: result: no
configure:6257: checking for arm-linux-gnueabi-af77
configure:6286: result: no
configure:6257: checking for arm-linux-gnueabi-f90
configure:6286: result: no
configure:6257: checking for arm-linux-gnueabi-xlf90
configure:6286: result: no
configure:6257: checking for arm-linux-gnueabi-pgf90
configure:6286: result: no
configure:6257: checking for arm-linux-gnueabi-epcf90
configure:6286: result: no
configure:6257: checking for arm-linux-gnueabi-f95
configure:6286: result: no
configure:6257: checking for arm-linux-gnueabi-fort
configure:6286: result: no
configure:6257: checking for arm-linux-gnueabi-xlf95
configure:6286: result: no
configure:6257: checking for arm-linux-gnueabi-ifc
configure:6286: result: no
configure:6257: checking for arm-linux-gnueabi-efc
configure:6286: result: no
configure:6257: checking for arm-linux-gnueabi-pgf95
configure:6286: result: no
configure:6257: checking for arm-linux-gnueabi-lf95
configure:6286: result: no
configure:6257: checking for arm-linux-gnueabi-gfortran
configure:6286: result: no
configure:6299: checking for g77
configure:6328: result: no
configure:6299: checking for f77
configure:6328: result: no
configure:6299: checking for xlf
configure:6328: result: no
configure:6299: checking for frt
configure:6328: result: no
configure:6299: checking for pgf77
configure:6328: result: no
configure:6299: checking for fort77
configure:6328: result: no
configure:6299: checking for fl32
configure:6328: result: no
configure:6299: checking for af77
configure:6328: result: no
configure:6299: checking for f90
configure:6328: result: no
configure:6299: checking for xlf90
configure:6328: result: no
configure:6299: checking for pgf90
configure:6328: result: no
configure:6299: checking for epcf90
configure:6328: result: no
configure:6299: checking for f95
configure:6328: result: no
configure:6299: checking for fort
configure:6328: result: no
configure:6299: checking for xlf95
configure:6328: result: no
configure:6299: checking for ifc
configure:6328: result: no
configure:6299: checking for efc
configure:6328: result: no
configure:6299: checking for pgf95
configure:6328: result: no
configure:6299: checking for lf95
configure:6328: result: no
configure:6299: checking for gfortran
configure:6328: result: no
configure:6340: checking for Fortran 77 compiler version
configure:6343:  --version </dev/null >&5
./configure: line 6344: --version: command not found
configure:6346: $? = 127
configure:6348:  -v </dev/null >&5
./configure: line 6349: -v: command not found
configure:6351: $? = 127
configure:6353:  -V </dev/null >&5
./configure: line 6354: -V: command not found
configure:6356: $? = 127
configure:6364: checking whether we are using the GNU Fortran 77 compiler
configure:6378:  -c  conftest.F >&5
./configure: line 6379: -c: command not found
configure:6384: $? = 127
configure: failed program was:
|       program main
| #ifndef __GNUC__
|        choke me
| #endif
| 
|       end
configure:6409: result: no
configure:6415: checking whether  accepts -g
configure:6427:  -c -g conftest.f >&5
./configure: line 6428: -c: command not found
configure:6433: $? = 127
configure: failed program was:
|       program main
| 
|       end
configure:6457: result: no
configure:6487: checking the maximum length of command line arguments
configure:6552: result: 32768
configure:6563: checking command to parse nm output from arm-linux-gnueabi-gcc object
configure:6652: arm-linux-gnueabi-gcc -c -Wall -g -O2  conftest.c >&5
configure:6655: $? = 0
configure:6659: nm conftest.o \| sed -n -e 's/^.*[ 	]\([ABCDGIRSTW][ABCDGIRSTW]*\)[ 	][ 	]*\(\)\([_A-Za-z][_A-Za-z0-9]*\)$/\1 \2\3 \3/p' \> conftest.nm
configure:6662: $? = 0
configure:6714: arm-linux-gnueabi-gcc -o conftest -Wall -g -O2   conftest.c conftstm.o >&5
configure:6717: $? = 0
configure:6755: result: ok
configure:6759: checking for objdir
configure:6774: result: .libs
configure:6826: checking for arm-linux-gnueabi-ar
configure:6855: result: no
configure:6864: checking for ar
configure:6880: found /usr/bin/ar
configure:6891: result: ar
configure:6906: checking for arm-linux-gnueabi-ranlib
configure:6935: result: no
configure:6944: checking for ranlib
configure:6960: found /usr/bin/ranlib
configure:6971: result: ranlib
configure:6986: checking for arm-linux-gnueabi-strip
configure:7015: result: no
configure:7024: checking for strip
configure:7040: found /usr/bin/strip
configure:7051: result: strip
configure:7313: checking if arm-linux-gnueabi-gcc static flag  works
configure:7336: result: yes
configure:7354: checking if arm-linux-gnueabi-gcc supports -fno-rtti -fno-exceptions
configure:7372: arm-linux-gnueabi-gcc -c -Wall -g -O2  -fno-rtti -fno-exceptions conftest.c >&5
cc1: warning: command line option "-fno-rtti" is valid for C++/ObjC++ but not for C
configure:7376: $? = 0
configure:7387: result: no
configure:7402: checking for arm-linux-gnueabi-gcc option to produce PIC
configure:7579: result: -fPIC
configure:7587: checking if arm-linux-gnueabi-gcc PIC flag -fPIC works
configure:7605: arm-linux-gnueabi-gcc -c -Wall -g -O2  -fPIC -DPIC conftest.c >&5
configure:7609: $? = 0
configure:7620: result: yes
configure:7644: checking if arm-linux-gnueabi-gcc supports -c -o file.o
configure:7665: arm-linux-gnueabi-gcc -c -Wall -g -O2  -o out/conftest2.o conftest.c >&5
configure:7669: $? = 0
configure:7689: result: yes
configure:7715: checking whether the arm-linux-gnueabi-gcc linker (/usr/bin/ld) supports shared libraries
configure:8562: result: yes
configure:8588: checking whether -lc should be explicitly linked in
configure:8593: arm-linux-gnueabi-gcc -c -Wall -g -O2  conftest.c >&5
configure:8596: $? = 0
configure:8610: arm-linux-gnueabi-gcc -shared conftest.o  -v -Wl,-soname -Wl,conftest -o conftest 2\>\&1 \| grep  -lc  \>/dev/null 2\>\&1
configure:8613: $? = 0
configure:8625: result: no
configure:8633: checking dynamic linker characteristics
configure:9185: result: GNU/Linux ld.so
configure:9189: checking how to hardcode library paths into programs
configure:9214: result: immediate
configure:9228: checking whether stripping libraries is possible
configure:9233: result: yes
configure:10056: checking if libtool supports shared libraries
configure:10058: result: yes
configure:10061: checking whether to build shared libraries
configure:10119: result: yes
configure:10122: checking whether to build static libraries
configure:10126: result: yes
configure:10218: creating libtool
configure:10765: checking for ld used by arm-linux-gnueabi-g++
configure:10832: result: /usr/bin/ld
configure:10841: checking if the linker (/usr/bin/ld) is GNU ld
configure:10856: result: yes
configure:10907: checking whether the arm-linux-gnueabi-g++ linker (/usr/bin/ld) supports shared libraries
configure:11733: result: yes
configure:11751: arm-linux-gnueabi-g++ -c -g -O2  conftest.cc >&5
configure:11754: $? = 0
configure:11850: checking for arm-linux-gnueabi-g++ option to produce PIC
configure:12102: result: -fPIC
configure:12110: checking if arm-linux-gnueabi-g++ PIC flag -fPIC works
configure:12128: arm-linux-gnueabi-g++ -c -g -O2  -fPIC -DPIC conftest.cc >&5
configure:12132: $? = 0
configure:12143: result: yes
configure:12167: checking if arm-linux-gnueabi-g++ supports -c -o file.o
configure:12188: arm-linux-gnueabi-g++ -c -g -O2  -o out/conftest2.o conftest.cc >&5
configure:12192: $? = 0
configure:12212: result: yes
configure:12238: checking whether the arm-linux-gnueabi-g++ linker (/usr/bin/ld) supports shared libraries
configure:12266: result: yes
configure:12337: checking dynamic linker characteristics
configure:12889: result: GNU/Linux ld.so
configure:12893: checking how to hardcode library paths into programs
configure:12918: result: immediate
configure:12932: checking whether stripping libraries is possible
configure:12937: result: yes
configure:20195: checking sys/wait.h usability
configure:20207: arm-linux-gnueabi-gcc -c -Wall -g -O2  conftest.c >&5
configure:20213: $? = 0
configure:20216: test -z 			 || test ! -s conftest.err
configure:20219: $? = 0
configure:20222: test -s conftest.o
configure:20225: $? = 0
configure:20235: result: yes
configure:20239: checking sys/wait.h presence
configure:20249: arm-linux-gnueabi-gcc -E  conftest.c
configure:20255: $? = 0
configure:20275: result: yes
configure:20310: checking for sys/wait.h
configure:20317: result: yes
configure:20344: checking sys/param.h usability
configure:20356: arm-linux-gnueabi-gcc -c -Wall -g -O2  conftest.c >&5
configure:20362: $? = 0
configure:20365: test -z 			 || test ! -s conftest.err
configure:20368: $? = 0
configure:20371: test -s conftest.o
configure:20374: $? = 0
configure:20384: result: yes
configure:20388: checking sys/param.h presence
configure:20398: arm-linux-gnueabi-gcc -E  conftest.c
configure:20404: $? = 0
configure:20424: result: yes
configure:20459: checking for sys/param.h
configure:20466: result: yes
configure:20493: checking sys/select.h usability
configure:20505: arm-linux-gnueabi-gcc -c -Wall -g -O2  conftest.c >&5
configure:20511: $? = 0
configure:20514: test -z 			 || test ! -s conftest.err
configure:20517: $? = 0
configure:20520: test -s conftest.o
configure:20523: $? = 0
configure:20533: result: yes
configure:20537: checking sys/select.h presence
configure:20547: arm-linux-gnueabi-gcc -E  conftest.c
configure:20553: $? = 0
configure:20573: result: yes
configure:20608: checking for sys/select.h
configure:20615: result: yes
configure:20642: checking dirent.h usability
configure:20654: arm-linux-gnueabi-gcc -c -Wall -g -O2  conftest.c >&5
configure:20660: $? = 0
configure:20663: test -z 			 || test ! -s conftest.err
configure:20666: $? = 0
configure:20669: test -s conftest.o
configure:20672: $? = 0
configure:20682: result: yes
configure:20686: checking dirent.h presence
configure:20696: arm-linux-gnueabi-gcc -E  conftest.c
configure:20702: $? = 0
configure:20722: result: yes
configure:20757: checking for dirent.h
configure:20764: result: yes
configure:20781: checking for strptime
configure:20838: arm-linux-gnueabi-gcc -o conftest -Wall -g -O2   conftest.c  >&5
configure:20844: $? = 0
configure:20847: test -z 			 || test ! -s conftest.err
configure:20850: $? = 0
configure:20853: test -s conftest
configure:20856: $? = 0
configure:20868: result: yes
configure:20882: checking for strtok_r
configure:20939: arm-linux-gnueabi-gcc -o conftest -Wall -g -O2   conftest.c  >&5
configure:20945: $? = 0
configure:20948: test -z 			 || test ! -s conftest.err
configure:20951: $? = 0
configure:20954: test -s conftest
configure:20957: $? = 0
configure:20969: result: yes
configure:20983: checking for timegm
configure:21040: arm-linux-gnueabi-gcc -o conftest -Wall -g -O2   conftest.c  >&5
configure:21046: $? = 0
configure:21049: test -z 			 || test ! -s conftest.err
configure:21052: $? = 0
configure:21055: test -s conftest
configure:21058: $? = 0
configure:21070: result: yes
configure:21084: checking for va_copy
configure:21141: arm-linux-gnueabi-gcc -o conftest -Wall -g -O2   conftest.c  >&5
/tmp/cc0LeYqE.o: In function `main':
/calzone/raidiator-arm/source/GPL/4.2.23/mt-daapd-1.0.0-svn/conftest.c:79: undefined reference to `va_copy'
/tmp/cc0LeYqE.o:(.data+0x0): undefined reference to `va_copy'
collect2: ld returned 1 exit status
configure:21147: $? = 1
configure: failed program was:
| /* confdefs.h.  */
| 
| #define PACKAGE_NAME ""
| #define PACKAGE_TARNAME ""
| #define PACKAGE_VERSION ""
| #define PACKAGE_STRING ""
| #define PACKAGE_BUGREPORT ""
| #define PACKAGE "mt-daapd"
| #define VERSION "svn-1676"
| #define _GNU_SOURCE 1
| #define STDC_HEADERS 1
| #define HAVE_SYS_TYPES_H 1
| #define HAVE_SYS_STAT_H 1
| #define HAVE_STDLIB_H 1
| #define HAVE_STRING_H 1
| #define HAVE_MEMORY_H 1
| #define HAVE_STRINGS_H 1
| #define HAVE_INTTYPES_H 1
| #define HAVE_STDINT_H 1
| #define HAVE_UNISTD_H 1
| #define __EXTENSIONS__ 1
| #define _POSIX_PTHREAD_SEMANTICS 1
| #define _TANDEM_SOURCE 1
| #define HAVE_DLFCN_H 1
| #ifdef __cplusplus
| extern "C" void exit (int) throw ();
| #endif
| #define HAVE_SYS_WAIT_H 1
| #define HAVE_SYS_PARAM_H 1
| #define HAVE_SYS_SELECT_H 1
| #define HAVE_DIRENT_H 1
| #define HAVE_STRPTIME 1
| #define HAVE_STRTOK_R 1
| #define HAVE_TIMEGM 1
| /* end confdefs.h.  */
| /* Define va_copy to an innocuous variant, in case <limits.h> declares va_copy.
|    For example, HP-UX 11i <limits.h> declares gettimeofday.  */
| #define va_copy innocuous_va_copy
| 
| /* System header to define __stub macros and hopefully few prototypes,
|     which can conflict with char va_copy (); below.
|     Prefer <limits.h> to <assert.h> if __STDC__ is defined, since
|     <limits.h> exists even on freestanding compilers.  */
| 
| #ifdef __STDC__
| # include <limits.h>
| #else
| # include <assert.h>
| #endif
| 
| #undef va_copy
| 
| /* Override any gcc2 internal prototype to avoid an error.  */
| #ifdef __cplusplus
| extern "C"
| {
| #endif
| /* We use char because int might match the return type of a gcc2
|    builtin and then its argument prototype would still apply.  */
| char va_copy ();
| /* The GNU C library defines this for functions which it implements
|     to always fail with ENOSYS.  Some functions are actually named
|     something starting with __ and the normal name is an alias.  */
| #if defined (__stub_va_copy) || defined (__stub___va_copy)
| choke me
| #else
| char (*f) () = va_copy;
| #endif
| #ifdef __cplusplus
| }
| #endif
| 
| int
| main ()
| {
| return f != va_copy;
|   ;
|   return 0;
| }
configure:21171: result: no
configure:21185: checking for __va_copy
configure:21242: arm-linux-gnueabi-gcc -o conftest -Wall -g -O2   conftest.c  >&5
/tmp/ccEu5Ckq.o: In function `main':
/calzone/raidiator-arm/source/GPL/4.2.23/mt-daapd-1.0.0-svn/conftest.c:79: undefined reference to `__va_copy'
/tmp/ccEu5Ckq.o:(.data+0x0): undefined reference to `__va_copy'
collect2: ld returned 1 exit status
configure:21248: $? = 1
configure: failed program was:
| /* confdefs.h.  */
| 
| #define PACKAGE_NAME ""
| #define PACKAGE_TARNAME ""
| #define PACKAGE_VERSION ""
| #define PACKAGE_STRING ""
| #define PACKAGE_BUGREPORT ""
| #define PACKAGE "mt-daapd"
| #define VERSION "svn-1676"
| #define _GNU_SOURCE 1
| #define STDC_HEADERS 1
| #define HAVE_SYS_TYPES_H 1
| #define HAVE_SYS_STAT_H 1
| #define HAVE_STDLIB_H 1
| #define HAVE_STRING_H 1
| #define HAVE_MEMORY_H 1
| #define HAVE_STRINGS_H 1
| #define HAVE_INTTYPES_H 1
| #define HAVE_STDINT_H 1
| #define HAVE_UNISTD_H 1
| #define __EXTENSIONS__ 1
| #define _POSIX_PTHREAD_SEMANTICS 1
| #define _TANDEM_SOURCE 1
| #define HAVE_DLFCN_H 1
| #ifdef __cplusplus
| extern "C" void exit (int) throw ();
| #endif
| #define HAVE_SYS_WAIT_H 1
| #define HAVE_SYS_PARAM_H 1
| #define HAVE_SYS_SELECT_H 1
| #define HAVE_DIRENT_H 1
| #define HAVE_STRPTIME 1
| #define HAVE_STRTOK_R 1
| #define HAVE_TIMEGM 1
| /* end confdefs.h.  */
| /* Define __va_copy to an innocuous variant, in case <limits.h> declares __va_copy.
|    For example, HP-UX 11i <limits.h> declares gettimeofday.  */
| #define __va_copy innocuous___va_copy
| 
| /* System header to define __stub macros and hopefully few prototypes,
|     which can conflict with char __va_copy (); below.
|     Prefer <limits.h> to <assert.h> if __STDC__ is defined, since
|     <limits.h> exists even on freestanding compilers.  */
| 
| #ifdef __STDC__
| # include <limits.h>
| #else
| # include <assert.h>
| #endif
| 
| #undef __va_copy
| 
| /* Override any gcc2 internal prototype to avoid an error.  */
| #ifdef __cplusplus
| extern "C"
| {
| #endif
| /* We use char because int might match the return type of a gcc2
|    builtin and then its argument prototype would still apply.  */
| char __va_copy ();
| /* The GNU C library defines this for functions which it implements
|     to always fail with ENOSYS.  Some functions are actually named
|     something starting with __ and the normal name is an alias.  */
| #if defined (__stub___va_copy) || defined (__stub_____va_copy)
| choke me
| #else
| char (*f) () = __va_copy;
| #endif
| #ifdef __cplusplus
| }
| #endif
| 
| int
| main ()
| {
| return f != __va_copy;
|   ;
|   return 0;
| }
configure:21272: result: no
configure:21294: checking whether setpgrp takes no argument
configure:21326: arm-linux-gnueabi-gcc -o conftest -Wall -g -O2   conftest.c  >&5
conftest.c: In function 'main':
conftest.c:46: warning: implicit declaration of function 'exit'
conftest.c:46: warning: incompatible implicit declaration of built-in function 'exit'
conftest.c:46: error: too many arguments to function 'setpgrp'
configure:21329: $? = 1
configure: program exited with status 1
configure: failed program was:
| /* confdefs.h.  */
| 
| #define PACKAGE_NAME ""
| #define PACKAGE_TARNAME ""
| #define PACKAGE_VERSION ""
| #define PACKAGE_STRING ""
| #define PACKAGE_BUGREPORT ""
| #define PACKAGE "mt-daapd"
| #define VERSION "svn-1676"
| #define _GNU_SOURCE 1
| #define STDC_HEADERS 1
| #define HAVE_SYS_TYPES_H 1
| #define HAVE_SYS_STAT_H 1
| #define HAVE_STDLIB_H 1
| #define HAVE_STRING_H 1
| #define HAVE_MEMORY_H 1
| #define HAVE_STRINGS_H 1
| #define HAVE_INTTYPES_H 1
| #define HAVE_STDINT_H 1
| #define HAVE_UNISTD_H 1
| #define __EXTENSIONS__ 1
| #define _POSIX_PTHREAD_SEMANTICS 1
| #define _TANDEM_SOURCE 1
| #define HAVE_DLFCN_H 1
| #ifdef __cplusplus
| extern "C" void exit (int) throw ();
| #endif
| #define HAVE_SYS_WAIT_H 1
| #define HAVE_SYS_PARAM_H 1
| #define HAVE_SYS_SELECT_H 1
| #define HAVE_DIRENT_H 1
| #define HAVE_STRPTIME 1
| #define HAVE_STRTOK_R 1
| #define HAVE_TIMEGM 1
| /* end confdefs.h.  */
| #if HAVE_UNISTD_H
| # include <unistd.h>
| #endif
| 
| int
| main ()
| {
| /* If this system has a BSD-style setpgrp which takes arguments,
|   setpgrp(1, 1) will fail with ESRCH and return -1, in that case
|   exit successfully. */
|   exit (setpgrp (1,1) == -1 ? 0 : 1);
|   ;
|   return 0;
| }
configure:21348: result: yes
configure:21389: checking for pthread_creat in -lc_r
configure:21419: arm-linux-gnueabi-gcc -o conftest -Wall -g -O2  -g -Wall  conftest.c -lc_r   >&5
/usr/bin/ld: cannot find -lc_r
collect2: ld returned 1 exit status
configure:21425: $? = 1
configure: failed program was:
| /* confdefs.h.  */
| 
| #define PACKAGE_NAME ""
| #define PACKAGE_TARNAME ""
| #define PACKAGE_VERSION ""
| #define PACKAGE_STRING ""
| #define PACKAGE_BUGREPORT ""
| #define PACKAGE "mt-daapd"
| #define VERSION "svn-1676"
| #define _GNU_SOURCE 1
| #define STDC_HEADERS 1
| #define HAVE_SYS_TYPES_H 1
| #define HAVE_SYS_STAT_H 1
| #define HAVE_STDLIB_H 1
| #define HAVE_STRING_H 1
| #define HAVE_MEMORY_H 1
| #define HAVE_STRINGS_H 1
| #define HAVE_INTTYPES_H 1
| #define HAVE_STDINT_H 1
| #define HAVE_UNISTD_H 1
| #define __EXTENSIONS__ 1
| #define _POSIX_PTHREAD_SEMANTICS 1
| #define _TANDEM_SOURCE 1
| #define HAVE_DLFCN_H 1
| #ifdef __cplusplus
| extern "C" void exit (int) throw ();
| #endif
| #define HAVE_SYS_WAIT_H 1
| #define HAVE_SYS_PARAM_H 1
| #define HAVE_SYS_SELECT_H 1
| #define HAVE_DIRENT_H 1
| #define HAVE_STRPTIME 1
| #define HAVE_STRTOK_R 1
| #define HAVE_TIMEGM 1
| #define SETPGRP_VOID 1
| #define CONFFILE "/etc/mt-daapd.conf"
| /* end confdefs.h.  */
| 
| /* Override any gcc2 internal prototype to avoid an error.  */
| #ifdef __cplusplus
| extern "C"
| #endif
| /* We use char because int might match the return type of a gcc2
|    builtin and then its argument prototype would still apply.  */
| char pthread_creat ();
| int
| main ()
| {
| pthread_creat ();
|   ;
|   return 0;
| }
configure:21450: result: no
configure:21456: checking for pthread_create in -lpthread
configure:21486: arm-linux-gnueabi-gcc -o conftest -Wall -g -O2  -g -Wall  conftest.c -lpthread   >&5
configure:21492: $? = 0
configure:21495: test -z 			 || test ! -s conftest.err
configure:21498: $? = 0
configure:21501: test -s conftest
configure:21504: $? = 0
configure:21517: result: yes
configure:21792: checking for strcasestr
configure:21849: arm-linux-gnueabi-gcc -o conftest -Wall -g -O2  -g -Wall -DWITH_AVAHI -DFLAC  conftest.c  -lpthread >&5
configure:21855: $? = 0
configure:21858: test -z 			 || test ! -s conftest.err
configure:21861: $? = 0
configure:21864: test -s conftest
configure:21867: $? = 0
configure:21879: result: yes
configure:21792: checking for strsep
configure:21849: arm-linux-gnueabi-gcc -o conftest -Wall -g -O2  -g -Wall -DWITH_AVAHI -DFLAC  conftest.c  -lpthread >&5
configure:21855: $? = 0
configure:21858: test -z 			 || test ! -s conftest.err
configure:21861: $? = 0
configure:21864: test -s conftest
configure:21867: $? = 0
configure:21879: result: yes
configure:22153: checking getopt.h usability
configure:22165: arm-linux-gnueabi-gcc -c -Wall -g -O2  -g -Wall -DWITH_AVAHI -DFLAC -DHAVE_SQL -DHOST='"arm-unknown-linux-gnueabi"' -DNOT_HAVE_SA_LEN -DUSES_NETLINK -DHAVE_LINUX conftest.c >&5
configure:22171: $? = 0
configure:22174: test -z 			 || test ! -s conftest.err
configure:22177: $? = 0
configure:22180: test -s conftest.o
configure:22183: $? = 0
configure:22193: result: yes
configure:22197: checking getopt.h presence
configure:22207: arm-linux-gnueabi-gcc -E  -g -Wall -DWITH_AVAHI -DFLAC -DHAVE_SQL -DHOST='"arm-unknown-linux-gnueabi"' -DNOT_HAVE_SA_LEN -DUSES_NETLINK -DHAVE_LINUX conftest.c
configure:22213: $? = 0
configure:22233: result: yes
configure:22268: checking for getopt.h
configure:22275: result: yes
configure:22293: checking for stdint.h
configure:22298: result: yes
configure:22452: checking id3tag.h usability
configure:22464: arm-linux-gnueabi-gcc -c -Wall -g -O2  -g -Wall -DWITH_AVAHI -DFLAC -DHAVE_SQL -DHOST='"arm-unknown-linux-gnueabi"' -DNOT_HAVE_SA_LEN -DUSES_NETLINK -DHAVE_LINUX conftest.c >&5
configure:22470: $? = 0
configure:22473: test -z 			 || test ! -s conftest.err
configure:22476: $? = 0
configure:22479: test -s conftest.o
configure:22482: $? = 0
configure:22492: result: yes
configure:22496: checking id3tag.h presence
configure:22506: arm-linux-gnueabi-gcc -E  -g -Wall -DWITH_AVAHI -DFLAC -DHAVE_SQL -DHOST='"arm-unknown-linux-gnueabi"' -DNOT_HAVE_SA_LEN -DUSES_NETLINK -DHAVE_LINUX conftest.c
configure:22512: $? = 0
configure:22532: result: yes
configure:22567: checking for id3tag.h
configure:22574: result: yes
configure:22598: checking for id3_file_open in -lid3tag
configure:22628: arm-linux-gnueabi-gcc -o conftest -Wall -g -O2 -lz  -g -Wall -DWITH_AVAHI -DFLAC -DHAVE_SQL -DHOST='"arm-unknown-linux-gnueabi"' -DNOT_HAVE_SA_LEN -DUSES_NETLINK -DHAVE_LINUX  -Wl,--export-dynamic conftest.c -lid3tag   -lpthread >&5
configure:22634: $? = 0
configure:22637: test -z 			 || test ! -s conftest.err
configure:22640: $? = 0
configure:22643: test -s conftest
configure:22646: $? = 0
configure:22659: result: yes
configure:23413: checking sqlite3.h usability
configure:23425: arm-linux-gnueabi-gcc -c -Wall -g -O2  -g -Wall -DWITH_AVAHI -DFLAC -DHAVE_SQL -DHOST='"arm-unknown-linux-gnueabi"' -DNOT_HAVE_SA_LEN -DUSES_NETLINK -DHAVE_LINUX conftest.c >&5
configure:23431: $? = 0
configure:23434: test -z 			 || test ! -s conftest.err
configure:23437: $? = 0
configure:23440: test -s conftest.o
configure:23443: $? = 0
configure:23453: result: yes
configure:23457: checking sqlite3.h presence
configure:23467: arm-linux-gnueabi-gcc -E  -g -Wall -DWITH_AVAHI -DFLAC -DHAVE_SQL -DHOST='"arm-unknown-linux-gnueabi"' -DNOT_HAVE_SA_LEN -DUSES_NETLINK -DHAVE_LINUX conftest.c
configure:23473: $? = 0
configure:23493: result: yes
configure:23528: checking for sqlite3.h
configure:23535: result: yes
configure:23554: checking for sqlite3_open in -lsqlite3
configure:23584: arm-linux-gnueabi-gcc -o conftest -Wall -g -O2  -g -Wall -DWITH_AVAHI -DFLAC -DHAVE_SQL -DHOST='"arm-unknown-linux-gnueabi"' -DNOT_HAVE_SA_LEN -DUSES_NETLINK -DHAVE_LINUX  -Wl,--export-dynamic conftest.c -lsqlite3   -lpthread -lid3tag -lz >&5
configure:23590: $? = 0
configure:23593: test -z 			 || test ! -s conftest.err
configure:23596: $? = 0
configure:23599: test -s conftest
configure:23602: $? = 0
configure:23615: result: yes
configure:24207: checking FLAC/metadata.h usability
configure:24219: arm-linux-gnueabi-gcc -c -Wall -g -O2  -g -Wall -DWITH_AVAHI -DFLAC -DHAVE_SQL -DHOST='"arm-unknown-linux-gnueabi"' -DNOT_HAVE_SA_LEN -DUSES_NETLINK -DHAVE_LINUX conftest.c >&5
configure:24225: $? = 0
configure:24228: test -z 			 || test ! -s conftest.err
configure:24231: $? = 0
configure:24234: test -s conftest.o
configure:24237: $? = 0
configure:24247: result: yes
configure:24251: checking FLAC/metadata.h presence
configure:24261: arm-linux-gnueabi-gcc -E  -g -Wall -DWITH_AVAHI -DFLAC -DHAVE_SQL -DHOST='"arm-unknown-linux-gnueabi"' -DNOT_HAVE_SA_LEN -DUSES_NETLINK -DHAVE_LINUX conftest.c
configure:24267: $? = 0
configure:24287: result: yes
configure:24322: checking for FLAC/metadata.h
configure:24329: result: yes
configure:24348: checking for FLAC__metadata_chain_read in -lFLAC
configure:24378: arm-linux-gnueabi-gcc -o conftest -Wall -g -O2  -g -Wall -DWITH_AVAHI -DFLAC -DHAVE_SQL -DHOST='"arm-unknown-linux-gnueabi"' -DNOT_HAVE_SA_LEN -DUSES_NETLINK -DHAVE_LINUX  -Wl,--export-dynamic conftest.c -lFLAC   -lpthread -lid3tag -lz -lsqlite3 >&5
configure:24384: $? = 0
configure:24387: test -z 			 || test ! -s conftest.err
configure:24390: $? = 0
configure:24393: test -s conftest
configure:24396: $? = 0
configure:24409: result: yes
configure:24805: checking for strcasestr
configure:24892: result: yes
configure:24916: checking for strsep
configure:25003: result: yes
configure:25027: checking for atoll
configure:25084: arm-linux-gnueabi-gcc -o conftest -Wall -g -O2  -g -Wall -DWITH_AVAHI -DFLAC -DHAVE_SQL -DHOST='"arm-unknown-linux-gnueabi"' -DNOT_HAVE_SA_LEN -DUSES_NETLINK -DHAVE_LINUX  -Wl,--export-dynamic conftest.c -lFLAC  -lpthread -lid3tag -lz -lsqlite3 -lFLAC >&5
configure:25090: $? = 0
configure:25093: test -z 			 || test ! -s conftest.err
configure:25096: $? = 0
configure:25099: test -s conftest
configure:25102: $? = 0
configure:25114: result: yes
configure:25125: checking for ANSI C header files
configure:25280: result: yes
configure:25290: checking for sys/wait.h that is POSIX.1 compatible
configure:25350: result: yes
configure:25381: checking fcntl.h usability
configure:25393: arm-linux-gnueabi-gcc -c -Wall -g -O2  -g -Wall -DWITH_AVAHI -DFLAC -DHAVE_SQL -DHOST='"arm-unknown-linux-gnueabi"' -DNOT_HAVE_SA_LEN -DUSES_NETLINK -DHAVE_LINUX conftest.c >&5
configure:25399: $? = 0
configure:25402: test -z 			 || test ! -s conftest.err
configure:25405: $? = 0
configure:25408: test -s conftest.o
configure:25411: $? = 0
configure:25421: result: yes
configure:25425: checking fcntl.h presence
configure:25435: arm-linux-gnueabi-gcc -E  -g -Wall -DWITH_AVAHI -DFLAC -DHAVE_SQL -DHOST='"arm-unknown-linux-gnueabi"' -DNOT_HAVE_SA_LEN -DUSES_NETLINK -DHAVE_LINUX conftest.c
configure:25441: $? = 0
configure:25461: result: yes
configure:25496: checking for fcntl.h
configure:25503: result: yes
configure:25381: checking sys/ioctl.h usability
configure:25393: arm-linux-gnueabi-gcc -c -Wall -g -O2  -g -Wall -DWITH_AVAHI -DFLAC -DHAVE_SQL -DHOST='"arm-unknown-linux-gnueabi"' -DNOT_HAVE_SA_LEN -DUSES_NETLINK -DHAVE_LINUX conftest.c >&5
configure:25399: $? = 0
configure:25402: test -z 			 || test ! -s conftest.err
configure:25405: $? = 0
configure:25408: test -s conftest.o
configure:25411: $? = 0
configure:25421: result: yes
configure:25425: checking sys/ioctl.h presence
configure:25435: arm-linux-gnueabi-gcc -E  -g -Wall -DWITH_AVAHI -DFLAC -DHAVE_SQL -DHOST='"arm-unknown-linux-gnueabi"' -DNOT_HAVE_SA_LEN -DUSES_NETLINK -DHAVE_LINUX conftest.c
configure:25441: $? = 0
configure:25461: result: yes
configure:25496: checking for sys/ioctl.h
configure:25503: result: yes
configure:25381: checking sys/time.h usability
configure:25393: arm-linux-gnueabi-gcc -c -Wall -g -O2  -g -Wall -DWITH_AVAHI -DFLAC -DHAVE_SQL -DHOST='"arm-unknown-linux-gnueabi"' -DNOT_HAVE_SA_LEN -DUSES_NETLINK -DHAVE_LINUX conftest.c >&5
configure:25399: $? = 0
configure:25402: test -z 			 || test ! -s conftest.err
configure:25405: $? = 0
configure:25408: test -s conftest.o
configure:25411: $? = 0
configure:25421: result: yes
configure:25425: checking sys/time.h presence
configure:25435: arm-linux-gnueabi-gcc -E  -g -Wall -DWITH_AVAHI -DFLAC -DHAVE_SQL -DHOST='"arm-unknown-linux-gnueabi"' -DNOT_HAVE_SA_LEN -DUSES_NETLINK -DHAVE_LINUX conftest.c
configure:25441: $? = 0
configure:25461: result: yes
configure:25496: checking for sys/time.h
configure:25503: result: yes
configure:25381: checking syslog.h usability
configure:25393: arm-linux-gnueabi-gcc -c -Wall -g -O2  -g -Wall -DWITH_AVAHI -DFLAC -DHAVE_SQL -DHOST='"arm-unknown-linux-gnueabi"' -DNOT_HAVE_SA_LEN -DUSES_NETLINK -DHAVE_LINUX conftest.c >&5
configure:25399: $? = 0
configure:25402: test -z 			 || test ! -s conftest.err
configure:25405: $? = 0
configure:25408: test -s conftest.o
configure:25411: $? = 0
configure:25421: result: yes
configure:25425: checking syslog.h presence
configure:25435: arm-linux-gnueabi-gcc -E  -g -Wall -DWITH_AVAHI -DFLAC -DHAVE_SQL -DHOST='"arm-unknown-linux-gnueabi"' -DNOT_HAVE_SA_LEN -DUSES_NETLINK -DHAVE_LINUX conftest.c
configure:25441: $? = 0
configure:25461: result: yes
configure:25496: checking for syslog.h
configure:25503: result: yes
configure:25372: checking for unistd.h
configure:25377: result: yes
configure:25381: checking sys/filio.h usability
configure:25393: arm-linux-gnueabi-gcc -c -Wall -g -O2  -g -Wall -DWITH_AVAHI -DFLAC -DHAVE_SQL -DHOST='"arm-unknown-linux-gnueabi"' -DNOT_HAVE_SA_LEN -DUSES_NETLINK -DHAVE_LINUX conftest.c >&5
conftest.c:92:23: error: sys/filio.h: No such file or directory
configure:25399: $? = 1
configure: failed program was:
| /* confdefs.h.  */
| 
| #define PACKAGE_NAME ""
| #define PACKAGE_TARNAME ""
| #define PACKAGE_VERSION ""
| #define PACKAGE_STRING ""
| #define PACKAGE_BUGREPORT ""
| #define PACKAGE "mt-daapd"
| #define VERSION "svn-1676"
| #define _GNU_SOURCE 1
| #define STDC_HEADERS 1
| #define HAVE_SYS_TYPES_H 1
| #define HAVE_SYS_STAT_H 1
| #define HAVE_STDLIB_H 1
| #define HAVE_STRING_H 1
| #define HAVE_MEMORY_H 1
| #define HAVE_STRINGS_H 1
| #define HAVE_INTTYPES_H 1
| #define HAVE_STDINT_H 1
| #define HAVE_UNISTD_H 1
| #define __EXTENSIONS__ 1
| #define _POSIX_PTHREAD_SEMANTICS 1
| #define _TANDEM_SOURCE 1
| #define HAVE_DLFCN_H 1
| #ifdef __cplusplus
| extern "C" void exit (int) throw ();
| #endif
| #define HAVE_SYS_WAIT_H 1
| #define HAVE_SYS_PARAM_H 1
| #define HAVE_SYS_SELECT_H 1
| #define HAVE_DIRENT_H 1
| #define HAVE_STRPTIME 1
| #define HAVE_STRTOK_R 1
| #define HAVE_TIMEGM 1
| #define SETPGRP_VOID 1
| #define CONFFILE "/etc/mt-daapd.conf"
| #define HAVE_STRCASESTR 1
| #define HAVE_STRSEP 1
| #define HAVE_GETOPT_H 1
| #define HAVE_STDINT_H 1
| #define HAVE_ID3TAG_H 1
| #define HAVE_LIBID3TAG 1
| #define HAVE_SQLITE3_H 1
| #define HAVE_LIBSQLITE3 1
| #define HAVE_FLAC_METADATA_H 1
| #define HAVE_LIBFLAC 1
| #define HAVE_STRCASESTR 1
| #define HAVE_STRSEP 1
| #define HAVE_ATOLL 1
| #define STDC_HEADERS 1
| #define HAVE_SYS_WAIT_H 1
| #define HAVE_FCNTL_H 1
| #define HAVE_SYS_IOCTL_H 1
| #define HAVE_SYS_TIME_H 1
| #define HAVE_SYSLOG_H 1
| #define HAVE_UNISTD_H 1
| /* end confdefs.h.  */
| #include <stdio.h>
| #if HAVE_SYS_TYPES_H
| # include <sys/types.h>
| #endif
| #if HAVE_SYS_STAT_H
| # include <sys/stat.h>
| #endif
| #if STDC_HEADERS
| # include <stdlib.h>
| # include <stddef.h>
| #else
| # if HAVE_STDLIB_H
| #  include <stdlib.h>
| # endif
| #endif
| #if HAVE_STRING_H
| # if !STDC_HEADERS && HAVE_MEMORY_H
| #  include <memory.h>
| # endif
| # include <string.h>
| #endif
| #if HAVE_STRINGS_H
| # include <strings.h>
| #endif
| #if HAVE_INTTYPES_H
| # include <inttypes.h>
| #else
| # if HAVE_STDINT_H
| #  include <stdint.h>
| # endif
| #endif
| #if HAVE_UNISTD_H
| # include <unistd.h>
| #endif
| #include <sys/filio.h>
configure:25421: result: no
configure:25425: checking sys/filio.h presence
configure:25435: arm-linux-gnueabi-gcc -E  -g -Wall -DWITH_AVAHI -DFLAC -DHAVE_SQL -DHOST='"arm-unknown-linux-gnueabi"' -DNOT_HAVE_SA_LEN -DUSES_NETLINK -DHAVE_LINUX conftest.c
conftest.c:58:23: error: sys/filio.h: No such file or directory
configure:25441: $? = 1
configure: failed program was:
| /* confdefs.h.  */
| 
| #define PACKAGE_NAME ""
| #define PACKAGE_TARNAME ""
| #define PACKAGE_VERSION ""
| #define PACKAGE_STRING ""
| #define PACKAGE_BUGREPORT ""
| #define PACKAGE "mt-daapd"
| #define VERSION "svn-1676"
| #define _GNU_SOURCE 1
| #define STDC_HEADERS 1
| #define HAVE_SYS_TYPES_H 1
| #define HAVE_SYS_STAT_H 1
| #define HAVE_STDLIB_H 1
| #define HAVE_STRING_H 1
| #define HAVE_MEMORY_H 1
| #define HAVE_STRINGS_H 1
| #define HAVE_INTTYPES_H 1
| #define HAVE_STDINT_H 1
| #define HAVE_UNISTD_H 1
| #define __EXTENSIONS__ 1
| #define _POSIX_PTHREAD_SEMANTICS 1
| #define _TANDEM_SOURCE 1
| #define HAVE_DLFCN_H 1
| #ifdef __cplusplus
| extern "C" void exit (int) throw ();
| #endif
| #define HAVE_SYS_WAIT_H 1
| #define HAVE_SYS_PARAM_H 1
| #define HAVE_SYS_SELECT_H 1
| #define HAVE_DIRENT_H 1
| #define HAVE_STRPTIME 1
| #define HAVE_STRTOK_R 1
| #define HAVE_TIMEGM 1
| #define SETPGRP_VOID 1
| #define CONFFILE "/etc/mt-daapd.conf"
| #define HAVE_STRCASESTR 1
| #define HAVE_STRSEP 1
| #define HAVE_GETOPT_H 1
| #define HAVE_STDINT_H 1
| #define HAVE_ID3TAG_H 1
| #define HAVE_LIBID3TAG 1
| #define HAVE_SQLITE3_H 1
| #define HAVE_LIBSQLITE3 1
| #define HAVE_FLAC_METADATA_H 1
| #define HAVE_LIBFLAC 1
| #define HAVE_STRCASESTR 1
| #define HAVE_STRSEP 1
| #define HAVE_ATOLL 1
| #define STDC_HEADERS 1
| #define HAVE_SYS_WAIT_H 1
| #define HAVE_FCNTL_H 1
| #define HAVE_SYS_IOCTL_H 1
| #define HAVE_SYS_TIME_H 1
| #define HAVE_SYSLOG_H 1
| #define HAVE_UNISTD_H 1
| /* end confdefs.h.  */
| #include <sys/filio.h>
configure:25461: result: no
configure:25496: checking for sys/filio.h
configure:25503: result: no
configure:25381: checking termio.h usability
configure:25393: arm-linux-gnueabi-gcc -c -Wall -g -O2  -g -Wall -DWITH_AVAHI -DFLAC -DHAVE_SQL -DHOST='"arm-unknown-linux-gnueabi"' -DNOT_HAVE_SA_LEN -DUSES_NETLINK -DHAVE_LINUX conftest.c >&5
configure:25399: $? = 0
configure:25402: test -z 			 || test ! -s conftest.err
configure:25405: $? = 0
configure:25408: test -s conftest.o
configure:25411: $? = 0
configure:25421: result: yes
configure:25425: checking termio.h presence
configure:25435: arm-linux-gnueabi-gcc -E  -g -Wall -DWITH_AVAHI -DFLAC -DHAVE_SQL -DHOST='"arm-unknown-linux-gnueabi"' -DNOT_HAVE_SA_LEN -DUSES_NETLINK -DHAVE_LINUX conftest.c
configure:25441: $? = 0
configure:25461: result: yes
configure:25496: checking for termio.h
configure:25503: result: yes
configure:25517: checking whether time.h and sys/time.h may both be included
configure:25542: arm-linux-gnueabi-gcc -c -Wall -g -O2  -g -Wall -DWITH_AVAHI -DFLAC -DHAVE_SQL -DHOST='"arm-unknown-linux-gnueabi"' -DNOT_HAVE_SA_LEN -DUSES_NETLINK -DHAVE_LINUX conftest.c >&5
configure:25548: $? = 0
configure:25551: test -z 			 || test ! -s conftest.err
configure:25554: $? = 0
configure:25557: test -s conftest.o
configure:25560: $? = 0
configure:25571: result: yes
configure:25583: checking whether arm-linux-gnueabi-gcc needs -traditional
configure:25625: result: no
configure:25632: checking return type of signal handlers
configure:25663: arm-linux-gnueabi-gcc -c -Wall -g -O2  -g -Wall -DWITH_AVAHI -DFLAC -DHAVE_SQL -DHOST='"arm-unknown-linux-gnueabi"' -DNOT_HAVE_SA_LEN -DUSES_NETLINK -DHAVE_LINUX conftest.c >&5
conftest.c: In function 'main':
conftest.c:74: warning: unused variable 'i'
configure:25669: $? = 0
configure:25672: test -z 			 || test ! -s conftest.err
configure:25675: $? = 0
configure:25678: test -s conftest.o
configure:25681: $? = 0
configure:25692: result: void
configure:25707: checking for select
configure:25764: arm-linux-gnueabi-gcc -o conftest -Wall -g -O2  -g -Wall -DWITH_AVAHI -DFLAC -DHAVE_SQL -DHOST='"arm-unknown-linux-gnueabi"' -DNOT_HAVE_SA_LEN -DUSES_NETLINK -DHAVE_LINUX  -Wl,--export-dynamic conftest.c -lFLAC  -lpthread -lid3tag -lz -lsqlite3 -lFLAC >&5
configure:25770: $? = 0
configure:25773: test -z 			 || test ! -s conftest.err
configure:25776: $? = 0
configure:25779: test -s conftest
configure:25782: $? = 0
configure:25794: result: yes
configure:25707: checking for socket
configure:25764: arm-linux-gnueabi-gcc -o conftest -Wall -g -O2  -g -Wall -DWITH_AVAHI -DFLAC -DHAVE_SQL -DHOST='"arm-unknown-linux-gnueabi"' -DNOT_HAVE_SA_LEN -DUSES_NETLINK -DHAVE_LINUX  -Wl,--export-dynamic conftest.c -lFLAC  -lpthread -lid3tag -lz -lsqlite3 -lFLAC >&5
configure:25770: $? = 0
configure:25773: test -z 			 || test ! -s conftest.err
configure:25776: $? = 0
configure:25779: test -s conftest
configure:25782: $? = 0
configure:25794: result: yes
configure:25707: checking for strdup
configure:25764: arm-linux-gnueabi-gcc -o conftest -Wall -g -O2  -g -Wall -DWITH_AVAHI -DFLAC -DHAVE_SQL -DHOST='"arm-unknown-linux-gnueabi"' -DNOT_HAVE_SA_LEN -DUSES_NETLINK -DHAVE_LINUX  -Wl,--export-dynamic conftest.c -lFLAC  -lpthread -lid3tag -lz -lsqlite3 -lFLAC >&5
conftest.c:87: warning: conflicting types for built-in function 'strdup'
configure:25770: $? = 0
configure:25773: test -z 			 || test ! -s conftest.err
configure:25776: $? = 0
configure:25779: test -s conftest
configure:25782: $? = 0
configure:25794: result: yes
configure:25707: checking for strerror
configure:25764: arm-linux-gnueabi-gcc -o conftest -Wall -g -O2  -g -Wall -DWITH_AVAHI -DFLAC -DHAVE_SQL -DHOST='"arm-unknown-linux-gnueabi"' -DNOT_HAVE_SA_LEN -DUSES_NETLINK -DHAVE_LINUX  -Wl,--export-dynamic conftest.c -lFLAC  -lpthread -lid3tag -lz -lsqlite3 -lFLAC >&5
configure:25770: $? = 0
configure:25773: test -z 			 || test ! -s conftest.err
configure:25776: $? = 0
configure:25779: test -s conftest
configure:25782: $? = 0
configure:25794: result: yes
configure:25807: checking for dlsym in -ldl
configure:25837: arm-linux-gnueabi-gcc -o conftest -Wall -g -O2  -g -Wall -DWITH_AVAHI -DFLAC -DHAVE_SQL -DHOST='"arm-unknown-linux-gnueabi"' -DNOT_HAVE_SA_LEN -DUSES_NETLINK -DHAVE_LINUX  -Wl,--export-dynamic conftest.c -ldl  -lFLAC  -lpthread -lid3tag -lz -lsqlite3 -lFLAC >&5
configure:25843: $? = 0
configure:25846: test -z 			 || test ! -s conftest.err
configure:25849: $? = 0
configure:25852: test -s conftest
configure:25855: $? = 0
configure:25868: result: yes
configure:25881: checking for socket in -lsocket
configure:25911: arm-linux-gnueabi-gcc -o conftest -Wall -g -O2  -g -Wall -DWITH_AVAHI -DFLAC -DHAVE_SQL -DHOST='"arm-unknown-linux-gnueabi"' -DNOT_HAVE_SA_LEN -DUSES_NETLINK -DHAVE_LINUX  -Wl,--export-dynamic conftest.c -lsocket  -ldl -lFLAC  -lpthread -lid3tag -lz -lsqlite3 -lFLAC >&5
/usr/bin/ld: cannot find -lsocket
collect2: ld returned 1 exit status
configure:25917: $? = 1
configure: failed program was:
| /* confdefs.h.  */
| 
| #define PACKAGE_NAME ""
| #define PACKAGE_TARNAME ""
| #define PACKAGE_VERSION ""
| #define PACKAGE_STRING ""
| #define PACKAGE_BUGREPORT ""
| #define PACKAGE "mt-daapd"
| #define VERSION "svn-1676"
| #define _GNU_SOURCE 1
| #define STDC_HEADERS 1
| #define HAVE_SYS_TYPES_H 1
| #define HAVE_SYS_STAT_H 1
| #define HAVE_STDLIB_H 1
| #define HAVE_STRING_H 1
| #define HAVE_MEMORY_H 1
| #define HAVE_STRINGS_H 1
| #define HAVE_INTTYPES_H 1
| #define HAVE_STDINT_H 1
| #define HAVE_UNISTD_H 1
| #define __EXTENSIONS__ 1
| #define _POSIX_PTHREAD_SEMANTICS 1
| #define _TANDEM_SOURCE 1
| #define HAVE_DLFCN_H 1
| #ifdef __cplusplus
| extern "C" void exit (int) throw ();
| #endif
| #define HAVE_SYS_WAIT_H 1
| #define HAVE_SYS_PARAM_H 1
| #define HAVE_SYS_SELECT_H 1
| #define HAVE_DIRENT_H 1
| #define HAVE_STRPTIME 1
| #define HAVE_STRTOK_R 1
| #define HAVE_TIMEGM 1
| #define SETPGRP_VOID 1
| #define CONFFILE "/etc/mt-daapd.conf"
| #define HAVE_STRCASESTR 1
| #define HAVE_STRSEP 1
| #define HAVE_GETOPT_H 1
| #define HAVE_STDINT_H 1
| #define HAVE_ID3TAG_H 1
| #define HAVE_LIBID3TAG 1
| #define HAVE_SQLITE3_H 1
| #define HAVE_LIBSQLITE3 1
| #define HAVE_FLAC_METADATA_H 1
| #define HAVE_LIBFLAC 1
| #define HAVE_STRCASESTR 1
| #define HAVE_STRSEP 1
| #define HAVE_ATOLL 1
| #define STDC_HEADERS 1
| #define HAVE_SYS_WAIT_H 1
| #define HAVE_FCNTL_H 1
| #define HAVE_SYS_IOCTL_H 1
| #define HAVE_SYS_TIME_H 1
| #define HAVE_SYSLOG_H 1
| #define HAVE_UNISTD_H 1
| #define HAVE_TERMIO_H 1
| #define TIME_WITH_SYS_TIME 1
| #define RETSIGTYPE void
| #define HAVE_SELECT 1
| #define HAVE_SOCKET 1
| #define HAVE_STRDUP 1
| #define HAVE_STRERROR 1
| #define HAVE_LIBDL 1
| /* end confdefs.h.  */
| 
| /* Override any gcc2 internal prototype to avoid an error.  */
| #ifdef __cplusplus
| extern "C"
| #endif
| /* We use char because int might match the return type of a gcc2
|    builtin and then its argument prototype would still apply.  */
| char socket ();
| int
| main ()
| {
| socket ();
|   ;
|   return 0;
| }
configure:25942: result: no
configure:25993: checking for ld used by GCC
configure:26057: result: /usr/bin/ld
configure:26066: checking if the linker (/usr/bin/ld) is GNU ld
configure:26079: result: yes
configure:26086: checking for shared library run path origin
configure:26099: result: done
configure:26529: checking for iconv
configure:26556: arm-linux-gnueabi-gcc -o conftest -Wall -g -O2  -g -Wall -DWITH_AVAHI -DFLAC -DHAVE_SQL -DHOST='"arm-unknown-linux-gnueabi"' -DNOT_HAVE_SA_LEN -DUSES_NETLINK -DHAVE_LINUX  -Wl,--export-dynamic conftest.c -ldl -lFLAC  -lpthread -lid3tag -lz -lsqlite3 -lFLAC >&5
configure:26562: $? = 0
configure:26565: test -z 			 || test ! -s conftest.err
configure:26568: $? = 0
configure:26571: test -s conftest
configure:26574: $? = 0
configure:26639: result: yes
configure:26662: checking for iconv declaration
configure:26696: arm-linux-gnueabi-gcc -c -Wall -g -O2  -g -Wall -DWITH_AVAHI -DFLAC -DHAVE_SQL -DHOST='"arm-unknown-linux-gnueabi"' -DNOT_HAVE_SA_LEN -DUSES_NETLINK -DHAVE_LINUX conftest.c >&5
configure:26702: $? = 0
configure:26705: test -z 			 || test ! -s conftest.err
configure:26708: $? = 0
configure:26711: test -s conftest.o
configure:26714: $? = 0
configure:26729: result: 
         extern size_t iconv (iconv_t cd, char * *inbuf, size_t *inbytesleft, char * *outbuf, size_t *outbytesleft);
configure:26985: creating ./config.status

## ---------------------- ##
## Running config.status. ##
## ---------------------- ##

This file was extended by config.status, which was
generated by GNU Autoconf 2.59.  Invocation command line was

  CONFIG_FILES    = 
  CONFIG_HEADERS  = 
  CONFIG_LINKS    = 
  CONFIG_COMMANDS = 
  $ ./config.status 

on NSBU-Server-ARM

config.status:793: creating src/Makefile
config.status:793: creating src/plugins/Makefile
config.status:793: creating admin-root/Makefile
config.status:793: creating admin-root/lib-js/Makefile
config.status:793: creating admin-root/lib-js/script.aculo.us/Makefile
config.status:793: creating contrib/Makefile
config.status:793: creating contrib/init.d/Makefile
config.status:793: creating src/mdns/Makefile
config.status:793: creating Makefile
config.status:859: creating config.h
config.status:1251: executing depfiles commands

## ---------------- ##
## Cache variables. ##
## ---------------- ##

ac_cv_build=arm-unknown-linux-gnueabi
ac_cv_build_alias=arm-linux-gnueabi
ac_cv_c_compiler_gnu=yes
ac_cv_cxx_compiler_gnu=yes
ac_cv_env_CC_set=
ac_cv_env_CC_value=
ac_cv_env_CFLAGS_set=set
ac_cv_env_CFLAGS_value='-Wall -g -O2'
ac_cv_env_CPPFLAGS_set=
ac_cv_env_CPPFLAGS_value=
ac_cv_env_CPP_set=
ac_cv_env_CPP_value=
ac_cv_env_CXXCPP_set=
ac_cv_env_CXXCPP_value=
ac_cv_env_CXXFLAGS_set=
ac_cv_env_CXXFLAGS_value=
ac_cv_env_CXX_set=
ac_cv_env_CXX_value=
ac_cv_env_F77_set=
ac_cv_env_F77_value=
ac_cv_env_FFLAGS_set=
ac_cv_env_FFLAGS_value=
ac_cv_env_LDFLAGS_set=
ac_cv_env_LDFLAGS_value=
ac_cv_env_build_alias_set=set
ac_cv_env_build_alias_value=arm-linux-gnueabi
ac_cv_env_host_alias_set=set
ac_cv_env_host_alias_value=arm-linux-gnueabi
ac_cv_env_target_alias_set=
ac_cv_env_target_alias_value=
ac_cv_exeext=
ac_cv_f77_compiler_gnu=no
ac_cv_func___va_copy=no
ac_cv_func_atoll=yes
ac_cv_func_select=yes
ac_cv_func_setpgrp_void=yes
ac_cv_func_socket=yes
ac_cv_func_strcasestr=yes
ac_cv_func_strdup=yes
ac_cv_func_strerror=yes
ac_cv_func_strptime=yes
ac_cv_func_strsep=yes
ac_cv_func_strtok_r=yes
ac_cv_func_timegm=yes
ac_cv_func_va_copy=no
ac_cv_header_FLAC_metadata_h=yes
ac_cv_header_dirent_h=yes
ac_cv_header_dlfcn_h=yes
ac_cv_header_fcntl_h=yes
ac_cv_header_getopt_h=yes
ac_cv_header_id3tag_h=yes
ac_cv_header_inttypes_h=yes
ac_cv_header_memory_h=yes
ac_cv_header_minix_config_h=no
ac_cv_header_sqlite3_h=yes
ac_cv_header_stdc=yes
ac_cv_header_stdint_h=yes
ac_cv_header_stdlib_h=yes
ac_cv_header_string_h=yes
ac_cv_header_strings_h=yes
ac_cv_header_sys_filio_h=no
ac_cv_header_sys_ioctl_h=yes
ac_cv_header_sys_param_h=yes
ac_cv_header_sys_select_h=yes
ac_cv_header_sys_stat_h=yes
ac_cv_header_sys_time_h=yes
ac_cv_header_sys_types_h=yes
ac_cv_header_sys_wait_h=yes
ac_cv_header_syslog_h=yes
ac_cv_header_termio_h=yes
ac_cv_header_time=yes
ac_cv_header_unistd_h=yes
ac_cv_host=arm-unknown-linux-gnueabi
ac_cv_host_alias=arm-linux-gnueabi
ac_cv_lib_FLAC_FLAC__metadata_chain_read=yes
ac_cv_lib_c_r_pthread_creat=no
ac_cv_lib_dl_dlsym=yes
ac_cv_lib_id3tag_id3_file_open=yes
ac_cv_lib_pthread_pthread_create=yes
ac_cv_lib_socket_socket=no
ac_cv_lib_sqlite3_sqlite3_open=yes
ac_cv_objext=o
ac_cv_path_install='/usr/bin/install -c'
ac_cv_prog_AWK=gawk
ac_cv_prog_CC=arm-linux-gnueabi-gcc
ac_cv_prog_CPP='arm-linux-gnueabi-gcc -E'
ac_cv_prog_CXX=arm-linux-gnueabi-g++
ac_cv_prog_CXXCPP='arm-linux-gnueabi-g++ -E'
ac_cv_prog_ac_ct_AR=ar
ac_cv_prog_ac_ct_RANLIB=ranlib
ac_cv_prog_ac_ct_STRIP=strip
ac_cv_prog_cc_g=yes
ac_cv_prog_cc_stdc=
ac_cv_prog_cxx_g=yes
ac_cv_prog_egrep='grep -E'
ac_cv_prog_f77_g=no
ac_cv_prog_gcc_traditional=no
ac_cv_prog_make_make_set=yes
ac_cv_safe_to_define___extensions__=yes
ac_cv_type_signal=void
acl_cv_path_LD=/usr/bin/ld
acl_cv_prog_gnu_ld=yes
acl_cv_rpath=done
am_cv_CC_dependencies_compiler_type=gcc3
am_cv_CXX_dependencies_compiler_type=gcc3
am_cv_func_iconv=yes
am_cv_lib_iconv=no
am_cv_proto_iconv='extern size_t iconv (iconv_t cd, char * *inbuf, size_t *inbytesleft, char * *outbuf, size_t *outbytesleft);'
am_cv_proto_iconv_arg1=
lt_cv_deplibs_check_method=pass_all
lt_cv_file_magic_cmd='$MAGIC_CMD'
lt_cv_file_magic_test_file=
lt_cv_ld_reload_flag=-r
lt_cv_objdir=.libs
lt_cv_path_LD=/usr/bin/ld
lt_cv_path_LDCXX=/usr/bin/ld
lt_cv_path_NM=nm
lt_cv_path_SED=/bin/sed
lt_cv_prog_compiler_c_o=yes
lt_cv_prog_compiler_c_o_CXX=yes
lt_cv_prog_compiler_rtti_exceptions=no
lt_cv_prog_gnu_ld=yes
lt_cv_prog_gnu_ldcxx=yes
lt_cv_sys_global_symbol_pipe='sed -n -e '\''s/^.*[ 	]\([ABCDGIRSTW][ABCDGIRSTW]*\)[ 	][ 	]*\(\)\([_A-Za-z][_A-Za-z0-9]*\)$/\1 \2\3 \3/p'\'''
lt_cv_sys_global_symbol_to_c_name_address='sed -n -e '\''s/^: \([^ ]*\) $/  {\"\1\", (lt_ptr) 0},/p'\'' -e '\''s/^[BCDEGRST] \([^ ]*\) \([^ ]*\)$/  {"\2", (lt_ptr) \&\2},/p'\'''
lt_cv_sys_global_symbol_to_cdecl='sed -n -e '\''s/^. .* \(.*\)$/extern int \1;/p'\'''
lt_cv_sys_max_cmd_len=32768
lt_lt_cv_prog_compiler_c_o='"yes"'
lt_lt_cv_prog_compiler_c_o_CXX='"yes"'
lt_lt_cv_sys_global_symbol_pipe='"sed -n -e '\''s/^.*[ 	]\\([ABCDGIRSTW][ABCDGIRSTW]*\\)[ 	][ 	]*\\(\\)\\([_A-Za-z][_A-Za-z0-9]*\\)\$/\\1 \\2\\3 \\3/p'\''"'
lt_lt_cv_sys_global_symbol_to_c_name_address='"sed -n -e '\''s/^: \\([^ ]*\\) \$/  {\\\"\\1\\\", (lt_ptr) 0},/p'\'' -e '\''s/^[BCDEGRST] \\([^ ]*\\) \\([^ ]*\\)\$/  {\"\\2\", (lt_ptr) \\&\\2},/p'\''"'
lt_lt_cv_sys_global_symbol_to_cdecl='"sed -n -e '\''s/^. .* \\(.*\\)\$/extern int \\1;/p'\''"'

## ----------------- ##
## Output variables. ##
## ----------------- ##

ACLOCAL='${SHELL} /calzone/raidiator-arm/source/GPL/4.2.23/mt-daapd-1.0.0-svn/missing --run aclocal-1.9 -I m4 '
AMDEPBACKSLASH='\'
AMDEP_FALSE='#'
AMDEP_TRUE=''
AMTAR='${SHELL} /calzone/raidiator-arm/source/GPL/4.2.23/mt-daapd-1.0.0-svn/missing --run tar'
AR='ar'
AUTOCONF='${SHELL} /calzone/raidiator-arm/source/GPL/4.2.23/mt-daapd-1.0.0-svn/missing --run autoconf'
AUTOHEADER='${SHELL} /calzone/raidiator-arm/source/GPL/4.2.23/mt-daapd-1.0.0-svn/missing --run autoheader'
AUTOMAKE='${SHELL} /calzone/raidiator-arm/source/GPL/4.2.23/mt-daapd-1.0.0-svn/missing --run automake-1.9'
AWK='gawk'
CC='arm-linux-gnueabi-gcc'
CCDEPMODE='depmode=gcc3'
CFLAGS='-Wall -g -O2'
COND_FFMPEG_FALSE=''
COND_FFMPEG_TRUE='#'
COND_FLAC_FALSE='#'
COND_FLAC_TRUE=''
COND_GDBM_FALSE=''
COND_GDBM_TRUE='#'
COND_MUSEPACK_FALSE=''
COND_MUSEPACK_TRUE='#'
COND_OGGVORBIS_FALSE=''
COND_OGGVORBIS_TRUE='#'
COND_REND_AVAHI_FALSE='#'
COND_REND_AVAHI_TRUE=''
COND_REND_HOWL_FALSE=''
COND_REND_HOWL_TRUE='#'
COND_REND_OSX_FALSE=''
COND_REND_OSX_TRUE='#'
COND_REND_POSIX_FALSE=''
COND_REND_POSIX_TRUE='#'
COND_SQLITE3_FALSE='#'
COND_SQLITE3_TRUE=''
COND_SQLITE_FALSE=''
COND_SQLITE_TRUE='#'
COND_SQL_FALSE='#'
COND_SQL_TRUE=''
COND_SSL_FALSE=''
COND_SSL_TRUE='#'
COND_UPNP_FALSE=''
COND_UPNP_TRUE='#'
CPP='arm-linux-gnueabi-gcc -E'
CPPFLAGS=' -g -Wall -DWITH_AVAHI -DFLAC -DHAVE_SQL -DHOST='"arm-unknown-linux-gnueabi"' -DNOT_HAVE_SA_LEN -DUSES_NETLINK -DHAVE_LINUX'
CXX='arm-linux-gnueabi-g++'
CXXCPP='arm-linux-gnueabi-g++ -E'
CXXDEPMODE='depmode=gcc3'
CXXFLAGS='-g -O2'
CYGPATH_W='echo'
DEFS='-DHAVE_CONFIG_H'
DEPDIR='.deps'
ECHO='echo'
ECHO_C=''
ECHO_N='-n'
ECHO_T=''
EGREP='grep -E'
EXEEXT=''
F77=''
FFLAGS=''
INSTALL_DATA='${INSTALL} -m 644'
INSTALL_PROGRAM='${INSTALL}'
INSTALL_SCRIPT='${INSTALL}'
INSTALL_STRIP_PROGRAM='${SHELL} $(install_sh) -c -s'
LDFLAGS=' -Wl,--export-dynamic '
LIBICONV=''
LIBOBJS=''
LIBS='-ldl -lFLAC  -lpthread -lid3tag -lz -lsqlite3 -lFLAC'
LIBTOOL='$(SHELL) $(top_builddir)/libtool'
LN_S='ln -s'
LTLIBICONV=''
LTLIBOBJS=''
MAKEINFO='${SHELL} /calzone/raidiator-arm/source/GPL/4.2.23/mt-daapd-1.0.0-svn/missing --run makeinfo'
OBJEXT='o'
PACKAGE='mt-daapd'
PACKAGE_BUGREPORT=''
PACKAGE_NAME=''
PACKAGE_STRING=''
PACKAGE_TARNAME=''
PACKAGE_VERSION=''
PATH_SEPARATOR=':'
RANLIB='ranlib'
SET_MAKE=''
SHELL='/bin/sh'
STRIP='strip'
TAGLIB_CONFIG=''
VERSION='svn-1676'
V_NETLIBS=''
ac_ct_AR='ar'
ac_ct_CC=''
ac_ct_CXX=''
ac_ct_F77=''
ac_ct_RANLIB='ranlib'
ac_ct_STRIP='strip'
am__fastdepCC_FALSE='#'
am__fastdepCC_TRUE=''
am__fastdepCXX_FALSE='#'
am__fastdepCXX_TRUE=''
am__include='include'
am__leading_dot='.'
am__quote=''
am__tar='${AMTAR} chof - "$$tardir"'
am__untar='${AMTAR} xf -'
bindir='${exec_prefix}/bin'
build='arm-unknown-linux-gnueabi'
build_alias='arm-linux-gnueabi'
build_cpu='arm'
build_os='linux-gnueabi'
build_vendor='unknown'
datadir='${prefix}/share'
exec_prefix='${prefix}'
host='arm-unknown-linux-gnueabi'
host_alias='arm-linux-gnueabi'
host_cpu='arm'
host_os='linux-gnueabi'
host_vendor='unknown'
includedir='${prefix}/include'
infodir='${prefix}/share/info'
install_sh='/calzone/raidiator-arm/source/GPL/4.2.23/mt-daapd-1.0.0-svn/install-sh'
libdir='${prefix}/share'
libexecdir='${exec_prefix}/libexec'
localstatedir='${prefix}/var'
mandir='${prefix}/share/man'
mkdir_p='mkdir -p --'
oldincludedir='/usr/include'
prefix='/usr'
program_transform_name='s,x,x,'
sbindir='${exec_prefix}/sbin'
sharedstatedir='${prefix}/com'
sysconfdir='${prefix}/etc'
target_alias=''

## ----------- ##
## confdefs.h. ##
## ----------- ##

#define CONFFILE "/etc/mt-daapd.conf"
#define HAVE_ATOLL 1
#define HAVE_DIRENT_H 1
#define HAVE_DLFCN_H 1
#define HAVE_FCNTL_H 1
#define HAVE_FLAC_METADATA_H 1
#define HAVE_GETOPT_H 1
#define HAVE_ICONV 1
#define HAVE_ID3TAG_H 1
#define HAVE_INTTYPES_H 1
#define HAVE_LIBDL 1
#define HAVE_LIBFLAC 1
#define HAVE_LIBID3TAG 1
#define HAVE_LIBSQLITE3 1
#define HAVE_MEMORY_H 1
#define HAVE_SELECT 1
#define HAVE_SOCKET 1
#define HAVE_SQLITE3_H 1
#define HAVE_STDINT_H 1
#define HAVE_STDINT_H 1
#define HAVE_STDLIB_H 1
#define HAVE_STRCASESTR 1
#define HAVE_STRCASESTR 1
#define HAVE_STRDUP 1
#define HAVE_STRERROR 1
#define HAVE_STRINGS_H 1
#define HAVE_STRING_H 1
#define HAVE_STRPTIME 1
#define HAVE_STRSEP 1
#define HAVE_STRSEP 1
#define HAVE_STRTOK_R 1
#define HAVE_SYSLOG_H 1
#define HAVE_SYS_IOCTL_H 1
#define HAVE_SYS_PARAM_H 1
#define HAVE_SYS_SELECT_H 1
#define HAVE_SYS_STAT_H 1
#define HAVE_SYS_TIME_H 1
#define HAVE_SYS_TYPES_H 1
#define HAVE_SYS_WAIT_H 1
#define HAVE_SYS_WAIT_H 1
#define HAVE_TERMIO_H 1
#define HAVE_TIMEGM 1
#define HAVE_UNISTD_H 1
#define HAVE_UNISTD_H 1
#define ICONV_CONST 
#define PACKAGE "mt-daapd"
#define PACKAGE_BUGREPORT ""
#define PACKAGE_NAME ""
#define PACKAGE_STRING ""
#define PACKAGE_TARNAME ""
#define PACKAGE_VERSION ""
#define RETSIGTYPE void
#define SETPGRP_VOID 1
#define STDC_HEADERS 1
#define STDC_HEADERS 1
#define TIME_WITH_SYS_TIME 1
#define VERSION "svn-1676"
#define _GNU_SOURCE 1
#define _POSIX_PTHREAD_SEMANTICS 1
#define _TANDEM_SOURCE 1
#define __EXTENSIONS__ 1
#endif
#ifdef __cplusplus
extern "C" void exit (int) throw ();

configure: exit 0
