dh_update_autotools_config
dh_auto_configure
dh_auto_build
dh_auto_test
dh_prep
dh_installdirs
dh_auto_install
override_dh_install dh_install
dh_install
dh_installdocs
dh_installchangelogs
dh_installexamples
dh_installman
dh_installdebconf
dh_python2
override_dh_installinit dh_installinit
dh_installinit
dh_lintian
dh_perl
dh_link
dh_strip_nondeterminism
dh_compress
dh_fixperms
override_dh_strip dh_strip
dh_strip
override_dh_makeshlibs dh_makeshlibs
dh_makeshlibs
override_dh_shlibdeps dh_shlibdeps
dh_shlibdeps
dh_installdeb
override_dh_gencontrol dh_gencontrol
dh_gencontrol
dh_md5sums
dh_builddeb
dh_builddeb
dh_builddeb
dh_builddeb
dh_builddeb
dh_builddeb
dh_builddeb
dh_builddeb
dh_builddeb
dh_builddeb
dh_builddeb
dh_builddeb
dh_builddeb
dh_builddeb
dh_builddeb
dh_builddeb
dh_builddeb
dh_builddeb
dh_builddeb
dh_builddeb
dh_builddeb
dh_builddeb
dh_builddeb
